#
# There is insufficient memory for the Java Runtime Environment to continue.
# Native memory allocation (mmap) failed to map 15728640 bytes. Error detail: G1 virtual space
# Possible reasons:
#   The system is out of physical RAM or swap space
#   This process is running with CompressedOops enabled, and the Java Heap may be blocking the growth of the native heap
# Possible solutions:
#   Reduce memory load on the system
#   Increase physical memory or swap space
#   Check if swap backing store is full
#   Decrease Java heap size (-Xmx/-Xms)
#   Decrease number of Java threads
#   Decrease Java thread stack sizes (-Xss)
#   Set larger code cache with -XX:ReservedCodeCacheSize=
#   JVM is running with Unscaled Compressed Oops mode in which the Java heap is
#     placed in the first 4GB address space. The Java Heap base address is the
#     maximum limit for the native heap growth. Please use -XX:HeapBaseMinAddress
#     to set the Java Heap base and to place the Java Heap above 4GB virtual address.
# This output file may be truncated or incomplete.
#
#  Out of Memory Error (os_windows.cpp:3925), pid=10576, tid=9624
#
# JRE version: OpenJDK Runtime Environment (21.0.9) (build 21.0.9+-14787801-b1163.94)
# Java VM: OpenJDK 64-Bit Server VM (21.0.9+-14787801-b1163.94, mixed mode, tiered, compressed oops, compressed class ptrs, g1 gc, windows-amd64)
# No core dump will be written. Minidumps are not enabled by default on client versions of Windows
#

---------------  S U M M A R Y ------------

Command Line: --add-opens=java.base/java.lang=ALL-UNNAMED --add-opens=java.base/java.lang.invoke=ALL-UNNAMED --add-opens=java.base/java.util=ALL-UNNAMED --add-opens=java.prefs/java.util.prefs=ALL-UNNAMED --add-exports=jdk.compiler/com.sun.tools.javac.api=ALL-UNNAMED --add-exports=jdk.compiler/com.sun.tools.javac.util=ALL-UNNAMED --add-opens=java.base/java.util=ALL-UNNAMED --add-opens=java.prefs/java.util.prefs=ALL-UNNAMED --add-opens=java.base/java.nio.charset=ALL-UNNAMED --add-opens=java.base/java.net=ALL-UNNAMED --add-opens=java.base/java.util.concurrent=ALL-UNNAMED --add-opens=java.base/java.util.concurrent.atomic=ALL-UNNAMED --add-opens=java.xml/javax.xml.namespace=ALL-UNNAMED --add-opens=java.base/java.time=ALL-UNNAMED -Xmx2048m -Dfile.encoding=UTF-8 -Duser.country=US -Duser.language=en -Duser.variant -javaagent:C:\Users\HP\.gradle\wrapper\dists\gradle-9.3.1-bin\23ovyewtku6u96viwx3xl3oks\gradle-9.3.1\lib\agents\gradle-instrumentation-agent-9.3.1.jar org.gradle.launcher.daemon.bootstrap.GradleDaemon 9.3.1

Host: Intel(R) Core(TM) i5-8265U CPU @ 1.60GHz, 8 cores, 7G,  Windows 11 , 64 bit Build 26100 (10.0.26100.7920)
Time: Tue Apr  7 20:32:44 2026 Central America Standard Time elapsed time: 25.230756 seconds (0d 0h 0m 25s)

---------------  T H R E A D  ---------------

Current thread (0x0000026441b06c20):  VMThread "VM Thread"          [id=9624, stack(0x000000c496700000,0x000000c496800000) (1024K)]

Stack: [0x000000c496700000,0x000000c496800000]
Native frames: (J=compiled Java code, j=interpreted, Vv=VM code, C=native code)
V  [jvm.dll+0x6d6c99]
V  [jvm.dll+0x866b83]
V  [jvm.dll+0x8691ae]
V  [jvm.dll+0x869893]
V  [jvm.dll+0x280776]
V  [jvm.dll+0x6d3555]
V  [jvm.dll+0x6c6bea]
V  [jvm.dll+0x3587fb]
V  [jvm.dll+0x360476]
V  [jvm.dll+0x3b2646]
V  [jvm.dll+0x3b2918]
V  [jvm.dll+0x32af0c]
V  [jvm.dll+0x32d916]
V  [jvm.dll+0x3377ed]
V  [jvm.dll+0x36ef55]
V  [jvm.dll+0x86f618]
V  [jvm.dll+0x870994]
V  [jvm.dll+0x870ed0]
V  [jvm.dll+0x871163]
V  [jvm.dll+0x80f118]
V  [jvm.dll+0x6d54ed]
C  [ucrtbase.dll+0x37b0]
C  [KERNEL32.DLL+0x2e8d7]
C  [ntdll.dll+0x8c48c]

VM_Operation (0x000000c4962ff640): G1PauseRemark, mode: safepoint, requested by thread 0x000002642a4840e0


---------------  P R O C E S S  ---------------

Threads class SMR info:
_java_thread_list=0x000002644c531ad0, length=83, elements={
0x000002642a418c10, 0x0000026446057dd0, 0x00000264460673b0, 0x00000264460710b0,
0x0000026446090c90, 0x00000264460916f0, 0x0000026446087b20, 0x000002644607d450,
0x0000026446092090, 0x000002644609f850, 0x00000264463dea70, 0x00000264482bc260,
0x0000026448bb97a0, 0x00000264486bde80, 0x0000026448baa510, 0x0000026448ba91a0,
0x0000026448a29ec0, 0x0000026447066e80, 0x0000026447065440, 0x0000026447065ad0,
0x00000264470667f0, 0x0000026447067ba0, 0x0000026447067510, 0x0000026447066160,
0x0000026447b30d40, 0x0000026447b306b0, 0x0000026447b2f990, 0x0000026447b313d0,
0x0000026447b2e5e0, 0x0000026447b320f0, 0x0000026447b2ec70, 0x0000026447b32780,
0x0000026447b2f300, 0x0000026447b334a0, 0x0000026447b33b30, 0x0000026447b32e10,
0x0000026447b34850, 0x0000026447b34ee0, 0x0000026447b35570, 0x00000264495127c0,
0x0000026449511410, 0x00000264495134e0, 0x0000026449512130, 0x0000026449513b70,
0x0000026449514890, 0x0000026449514f20, 0x00000264495162d0, 0x00000264495155b0,
0x0000026449514200, 0x0000026449515c40, 0x0000026449516960, 0x0000026449516ff0,
0x0000026449517680, 0x0000026449517d10, 0x00000264495183a0, 0x000002644c199500,
0x000002644c196080, 0x000002644c197ac0, 0x000002644c198150, 0x000002644c198e70,
0x000002644c199b90, 0x000002644b18e8e0, 0x000002644c19b5d0, 0x000002644c19c980,
0x000002644c19d010, 0x000002644c19d6a0, 0x000002644b8de420, 0x000002644b8e0b80,
0x000002644b8e04f0, 0x000002644b8df140, 0x000002644b8df7d0, 0x000002644b8dfe60,
0x000002644b8e1210, 0x000002644b8ddd90, 0x000002644b8e18a0, 0x000002644b8e1f30,
0x000002644b8deab0, 0x000002644b8e4d20, 0x000002644b8e4690, 0x000002644b8e3970,
0x000002644b8e25c0, 0x000002644b8e53b0, 0x000002644b8e32e0
}

Java Threads: ( => current thread )
  0x000002642a418c10 JavaThread "main"                              [_thread_blocked, id=7968, stack(0x000000c496000000,0x000000c496100000) (1024K)]
  0x0000026446057dd0 JavaThread "Common-Cleaner"             daemon [_thread_blocked, id=14692, stack(0x000000c496800000,0x000000c496900000) (1024K)]
  0x00000264460673b0 JavaThread "Reference Handler"          daemon [_thread_blocked, id=14208, stack(0x000000c496900000,0x000000c496a00000) (1024K)]
  0x00000264460710b0 JavaThread "Finalizer"                  daemon [_thread_blocked, id=2812, stack(0x000000c496a00000,0x000000c496b00000) (1024K)]
  0x0000026446090c90 JavaThread "Signal Dispatcher"          daemon [_thread_blocked, id=8344, stack(0x000000c496b00000,0x000000c496c00000) (1024K)]
  0x00000264460916f0 JavaThread "Attach Listener"            daemon [_thread_blocked, id=7004, stack(0x000000c496c00000,0x000000c496d00000) (1024K)]
  0x0000026446087b20 JavaThread "Service Thread"             daemon [_thread_blocked, id=692, stack(0x000000c496d00000,0x000000c496e00000) (1024K)]
  0x000002644607d450 JavaThread "Monitor Deflation Thread"   daemon [_thread_blocked, id=6092, stack(0x000000c496e00000,0x000000c496f00000) (1024K)]
  0x0000026446092090 JavaThread "C2 CompilerThread0"         daemon [_thread_blocked, id=7600, stack(0x000000c496f00000,0x000000c497000000) (1024K)]
  0x000002644609f850 JavaThread "C1 CompilerThread0"         daemon [_thread_blocked, id=9044, stack(0x000000c497000000,0x000000c497100000) (1024K)]
  0x00000264463dea70 JavaThread "Notification Thread"        daemon [_thread_blocked, id=9380, stack(0x000000c497100000,0x000000c497200000) (1024K)]
  0x00000264482bc260 JavaThread "Daemon health stats"               [_thread_blocked, id=11856, stack(0x000000c497700000,0x000000c497800000) (1024K)]
  0x0000026448bb97a0 JavaThread "Incoming local TCP Connector on port 63687"        [_thread_in_native, id=15876, stack(0x000000c497800000,0x000000c497900000) (1024K)]
  0x00000264486bde80 JavaThread "Daemon periodic checks"            [_thread_blocked, id=13388, stack(0x000000c497c00000,0x000000c497d00000) (1024K)]
  0x0000026448baa510 JavaThread "Daemon"                            [_thread_blocked, id=7736, stack(0x000000c497d00000,0x000000c497e00000) (1024K)]
  0x0000026448ba91a0 JavaThread "Handler for socket connection from /127.0.0.1:63687 to /127.0.0.1:63688"        [_thread_in_native, id=5752, stack(0x000000c497e00000,0x000000c497f00000) (1024K)]
  0x0000026448a29ec0 JavaThread "Cancel handler"                    [_thread_blocked, id=3240, stack(0x000000c497f00000,0x000000c498000000) (1024K)]
  0x0000026447066e80 JavaThread "Daemon worker"                     [_thread_blocked, id=12956, stack(0x000000c498000000,0x000000c498100000) (1024K)]
  0x0000026447065440 JavaThread "Asynchronous log dispatcher for DefaultDaemonConnection: socket connection from /127.0.0.1:63687 to /127.0.0.1:63688"        [_thread_blocked, id=6720, stack(0x000000c498200000,0x000000c498300000) (1024K)]
  0x0000026447065ad0 JavaThread "Stdin handler"                     [_thread_blocked, id=2332, stack(0x000000c498300000,0x000000c498400000) (1024K)]
  0x00000264470667f0 JavaThread "Daemon client event forwarder"        [_thread_blocked, id=13308, stack(0x000000c498400000,0x000000c498500000) (1024K)]
  0x0000026447067ba0 JavaThread "Cache worker for journal cache (C:\Users\HP\.gradle\caches\journal-1)"        [_thread_blocked, id=2208, stack(0x000000c498500000,0x000000c498600000) (1024K)]
  0x0000026447067510 JavaThread "File lock request listener"        [_thread_in_native, id=3504, stack(0x000000c498600000,0x000000c498700000) (1024K)]
  0x0000026447066160 JavaThread "Cache worker for file hash cache (C:\Users\HP\.gradle\caches\9.3.1\fileHashes)"        [_thread_blocked, id=11640, stack(0x000000c498700000,0x000000c498800000) (1024K)]
  0x0000026447b30d40 JavaThread "Cache worker for file hash cache (C:\Users\HP\AndroidStudioProjects\LBNRBible\.gradle\9.3.1\fileHashes)"        [_thread_blocked, id=15928, stack(0x000000c498800000,0x000000c498900000) (1024K)]
  0x0000026447b306b0 JavaThread "Cache worker for Build Output Cleanup Cache (C:\Users\HP\AndroidStudioProjects\LBNRBible\.gradle\buildOutputCleanup)"        [_thread_blocked, id=6572, stack(0x000000c498900000,0x000000c498a00000) (1024K)]
  0x0000026447b2f990 JavaThread "File watcher server"        daemon [_thread_in_native, id=9680, stack(0x000000c498a00000,0x000000c498b00000) (1024K)]
  0x0000026447b313d0 JavaThread "File watcher consumer"      daemon [_thread_blocked, id=11912, stack(0x000000c498b00000,0x000000c498c00000) (1024K)]
  0x0000026447b2e5e0 JavaThread "jar transforms"                    [_thread_blocked, id=4016, stack(0x000000c498c00000,0x000000c498d00000) (1024K)]
  0x0000026447b320f0 JavaThread "jar transforms Thread 2"           [_thread_blocked, id=8424, stack(0x000000c498d00000,0x000000c498e00000) (1024K)]
  0x0000026447b2ec70 JavaThread "jar transforms Thread 3"           [_thread_blocked, id=8068, stack(0x000000c498e00000,0x000000c498f00000) (1024K)]
  0x0000026447b32780 JavaThread "jar transforms Thread 4"           [_thread_blocked, id=16148, stack(0x000000c498f00000,0x000000c499000000) (1024K)]
  0x0000026447b2f300 JavaThread "jar transforms Thread 5"           [_thread_blocked, id=14396, stack(0x000000c499000000,0x000000c499100000) (1024K)]
  0x0000026447b334a0 JavaThread "jar transforms Thread 6"           [_thread_blocked, id=13564, stack(0x000000c499100000,0x000000c499200000) (1024K)]
  0x0000026447b33b30 JavaThread "jar transforms Thread 7"           [_thread_blocked, id=1504, stack(0x000000c499200000,0x000000c499300000) (1024K)]
  0x0000026447b32e10 JavaThread "jar transforms Thread 8"           [_thread_blocked, id=5732, stack(0x000000c499300000,0x000000c499400000) (1024K)]
  0x0000026447b34850 JavaThread "Cache worker for checksums cache (C:\Users\HP\AndroidStudioProjects\LBNRBible\.gradle\9.3.1\checksums)"        [_thread_blocked, id=14668, stack(0x000000c499400000,0x000000c499500000) (1024K)]
  0x0000026447b34ee0 JavaThread "Cache worker for file content cache (C:\Users\HP\.gradle\caches\9.3.1\fileContent)"        [_thread_blocked, id=16168, stack(0x000000c499500000,0x000000c499600000) (1024K)]
  0x0000026447b35570 JavaThread "Cache worker for cache directory md-supplier (C:\Users\HP\.gradle\caches\9.3.1\md-supplier)"        [_thread_blocked, id=1740, stack(0x000000c499600000,0x000000c499700000) (1024K)]
  0x00000264495127c0 JavaThread "Cache worker for cache directory md-rule (C:\Users\HP\.gradle\caches\9.3.1\md-rule)"        [_thread_blocked, id=11700, stack(0x000000c499700000,0x000000c499800000) (1024K)]
  0x0000026449511410 JavaThread "Unconstrained build operations"        [_thread_blocked, id=7584, stack(0x000000c499800000,0x000000c499900000) (1024K)]
  0x00000264495134e0 JavaThread "Unconstrained build operations Thread 2"        [_thread_blocked, id=9008, stack(0x000000c499900000,0x000000c499a00000) (1024K)]
  0x0000026449512130 JavaThread "Unconstrained build operations Thread 3"        [_thread_blocked, id=4380, stack(0x000000c499a00000,0x000000c499b00000) (1024K)]
  0x0000026449513b70 JavaThread "Unconstrained build operations Thread 4"        [_thread_blocked, id=11676, stack(0x000000c499b00000,0x000000c499c00000) (1024K)]
  0x0000026449514890 JavaThread "Unconstrained build operations Thread 5"        [_thread_blocked, id=5600, stack(0x000000c499c00000,0x000000c499d00000) (1024K)]
  0x0000026449514f20 JavaThread "Unconstrained build operations Thread 6"        [_thread_blocked, id=8852, stack(0x000000c499d00000,0x000000c499e00000) (1024K)]
  0x00000264495162d0 JavaThread "Unconstrained build operations Thread 7"        [_thread_blocked, id=1328, stack(0x000000c499e00000,0x000000c499f00000) (1024K)]
  0x00000264495155b0 JavaThread "Unconstrained build operations Thread 8"        [_thread_blocked, id=11124, stack(0x000000c499f00000,0x000000c49a000000) (1024K)]
  0x0000026449514200 JavaThread "Unconstrained build operations Thread 9"        [_thread_blocked, id=1488, stack(0x000000c49a000000,0x000000c49a100000) (1024K)]
  0x0000026449515c40 JavaThread "Unconstrained build operations Thread 10"        [_thread_blocked, id=2156, stack(0x000000c49a100000,0x000000c49a200000) (1024K)]
  0x0000026449516960 JavaThread "Unconstrained build operations Thread 11"        [_thread_blocked, id=1384, stack(0x000000c49a200000,0x000000c49a300000) (1024K)]
  0x0000026449516ff0 JavaThread "Unconstrained build operations Thread 12"        [_thread_blocked, id=7080, stack(0x000000c49a300000,0x000000c49a400000) (1024K)]
  0x0000026449517680 JavaThread "Unconstrained build operations Thread 13"        [_thread_blocked, id=12048, stack(0x000000c49a400000,0x000000c49a500000) (1024K)]
  0x0000026449517d10 JavaThread "Unconstrained build operations Thread 14"        [_thread_blocked, id=15712, stack(0x000000c49a500000,0x000000c49a600000) (1024K)]
  0x00000264495183a0 JavaThread "Unconstrained build operations Thread 15"        [_thread_blocked, id=5216, stack(0x000000c49a600000,0x000000c49a700000) (1024K)]
  0x000002644c199500 JavaThread "Unconstrained build operations Thread 16"        [_thread_blocked, id=704, stack(0x000000c49a700000,0x000000c49a800000) (1024K)]
  0x000002644c196080 JavaThread "Unconstrained build operations Thread 17"        [_thread_blocked, id=8664, stack(0x000000c49a800000,0x000000c49a900000) (1024K)]
  0x000002644c197ac0 JavaThread "Unconstrained build operations Thread 18"        [_thread_blocked, id=4716, stack(0x000000c49a900000,0x000000c49aa00000) (1024K)]
  0x000002644c198150 JavaThread "Unconstrained build operations Thread 19"        [_thread_blocked, id=8468, stack(0x000000c49aa00000,0x000000c49ab00000) (1024K)]
  0x000002644c198e70 JavaThread "Unconstrained build operations Thread 20"        [_thread_blocked, id=14864, stack(0x000000c49ab00000,0x000000c49ac00000) (1024K)]
  0x000002644c199b90 JavaThread "Unconstrained build operations Thread 21"        [_thread_blocked, id=10060, stack(0x000000c49ac00000,0x000000c49ad00000) (1024K)]
  0x000002644b18e8e0 JavaThread "C2 CompilerThread1"         daemon [_thread_blocked, id=8800, stack(0x000000c49ad00000,0x000000c49ae00000) (1024K)]
  0x000002644c19b5d0 JavaThread "Unconstrained build operations Thread 22"        [_thread_blocked, id=4240, stack(0x000000c49ae00000,0x000000c49af00000) (1024K)]
  0x000002644c19c980 JavaThread "Unconstrained build operations Thread 23"        [_thread_blocked, id=13584, stack(0x000000c49af00000,0x000000c49b000000) (1024K)]
  0x000002644c19d010 JavaThread "Unconstrained build operations Thread 24"        [_thread_blocked, id=13168, stack(0x000000c49b000000,0x000000c49b100000) (1024K)]
  0x000002644c19d6a0 JavaThread "Unconstrained build operations Thread 25"        [_thread_blocked, id=3256, stack(0x000000c49b100000,0x000000c49b200000) (1024K)]
  0x000002644b8de420 JavaThread "Unconstrained build operations Thread 26"        [_thread_blocked, id=12912, stack(0x000000c49b200000,0x000000c49b300000) (1024K)]
  0x000002644b8e0b80 JavaThread "Unconstrained build operations Thread 27"        [_thread_blocked, id=11696, stack(0x000000c49b300000,0x000000c49b400000) (1024K)]
  0x000002644b8e04f0 JavaThread "Unconstrained build operations Thread 28"        [_thread_blocked, id=9588, stack(0x000000c49b400000,0x000000c49b500000) (1024K)]
  0x000002644b8df140 JavaThread "Unconstrained build operations Thread 29"        [_thread_blocked, id=15460, stack(0x000000c49b500000,0x000000c49b600000) (1024K)]
  0x000002644b8df7d0 JavaThread "Unconstrained build operations Thread 30"        [_thread_blocked, id=4432, stack(0x000000c49b600000,0x000000c49b700000) (1024K)]
  0x000002644b8dfe60 JavaThread "Unconstrained build operations Thread 31"        [_thread_blocked, id=14836, stack(0x000000c49b700000,0x000000c49b800000) (1024K)]
  0x000002644b8e1210 JavaThread "Unconstrained build operations Thread 32"        [_thread_blocked, id=4144, stack(0x000000c49b800000,0x000000c49b900000) (1024K)]
  0x000002644b8ddd90 JavaThread "Unconstrained build operations Thread 33"        [_thread_blocked, id=16068, stack(0x000000c49b900000,0x000000c49ba00000) (1024K)]
  0x000002644b8e18a0 JavaThread "Unconstrained build operations Thread 34"        [_thread_blocked, id=5060, stack(0x000000c49ba00000,0x000000c49bb00000) (1024K)]
  0x000002644b8e1f30 JavaThread "Unconstrained build operations Thread 35"        [_thread_blocked, id=5792, stack(0x000000c49bb00000,0x000000c49bc00000) (1024K)]
  0x000002644b8deab0 JavaThread "Unconstrained build operations Thread 36"        [_thread_blocked, id=15192, stack(0x000000c49bc00000,0x000000c49bd00000) (1024K)]
  0x000002644b8e4d20 JavaThread "Unconstrained build operations Thread 37"        [_thread_blocked, id=15552, stack(0x000000c49bd00000,0x000000c49be00000) (1024K)]
  0x000002644b8e4690 JavaThread "Unconstrained build operations Thread 38"        [_thread_blocked, id=15284, stack(0x000000c49be00000,0x000000c49bf00000) (1024K)]
  0x000002644b8e3970 JavaThread "Unconstrained build operations Thread 39"        [_thread_blocked, id=8028, stack(0x000000c49bf00000,0x000000c49c000000) (1024K)]
  0x000002644b8e25c0 JavaThread "Unconstrained build operations Thread 40"        [_thread_blocked, id=4284, stack(0x000000c49c000000,0x000000c49c100000) (1024K)]
  0x000002644b8e53b0 JavaThread "Unconstrained build operations Thread 41"        [_thread_blocked, id=12832, stack(0x000000c49c100000,0x000000c49c200000) (1024K)]
  0x000002644b8e32e0 JavaThread "Unconstrained build operations Thread 42"        [_thread_blocked, id=4780, stack(0x000000c49c200000,0x000000c49c300000) (1024K)]
Total: 83

Other Threads:
=>0x0000026441b06c20 VMThread "VM Thread"                           [id=9624, stack(0x000000c496700000,0x000000c496800000) (1024K)]
  0x0000026441aa49e0 WatcherThread "VM Periodic Task Thread"        [id=9348, stack(0x000000c496600000,0x000000c496700000) (1024K)]
  0x000002642a4723b0 WorkerThread "GC Thread#0"                     [id=13812, stack(0x000000c496100000,0x000000c496200000) (1024K)]
  0x0000026446832250 WorkerThread "GC Thread#1"                     [id=8980, stack(0x000000c497300000,0x000000c497400000) (1024K)]
  0x00000264468325f0 WorkerThread "GC Thread#2"                     [id=15368, stack(0x000000c497400000,0x000000c497500000) (1024K)]
  0x000002644726ae50 WorkerThread "GC Thread#3"                     [id=5084, stack(0x000000c497500000,0x000000c497600000) (1024K)]
  0x0000026446b9f930 WorkerThread "GC Thread#4"                     [id=6760, stack(0x000000c497600000,0x000000c497700000) (1024K)]
  0x0000026446bfcd50 WorkerThread "GC Thread#5"                     [id=2236, stack(0x000000c497900000,0x000000c497a00000) (1024K)]
  0x000002644889b860 WorkerThread "GC Thread#6"                     [id=3680, stack(0x000000c497a00000,0x000000c497b00000) (1024K)]
  0x00000264486f9640 WorkerThread "GC Thread#7"                     [id=8348, stack(0x000000c497b00000,0x000000c497c00000) (1024K)]
  0x000002642a4840e0 ConcurrentGCThread "G1 Main Marker"            [id=3060, stack(0x000000c496200000,0x000000c496300000) (1024K)]
  0x000002642a484af0 WorkerThread "G1 Conc#0"                       [id=15628, stack(0x000000c496300000,0x000000c496400000) (1024K)]
  0x0000026448887b70 WorkerThread "G1 Conc#1"                       [id=9472, stack(0x000000c498100000,0x000000c498200000) (1024K)]
  0x000002642a4de800 ConcurrentGCThread "G1 Refine#0"               [id=14856, stack(0x000000c496400000,0x000000c496500000) (1024K)]
  0x0000026441976580 ConcurrentGCThread "G1 Service"                [id=15844, stack(0x000000c496500000,0x000000c496600000) (1024K)]
Total: 15

Threads with active compile tasks:
C2 CompilerThread0  25265 9101       4       java.util.LinkedHashSet::<init> (10 bytes)
C1 CompilerThread0  25265 9103       3       org.gradle.internal.hash.Hashing$MessageDigestHasher::<init> (25 bytes)
C2 CompilerThread1  25265 8869   !   4       java.io.IoOverNioFileSystem::getBooleanAttributes0 (530 bytes)
Total: 3

VM state: at safepoint (normal execution)

VM Mutex/Monitor currently owned by a thread:  ([mutex/lock_event])
[0x00007ff984c48690] Threads_lock - owner thread: 0x0000026441b06c20
[0x00007ff984c48790] Heap_lock - owner thread: 0x000002642a4840e0

Heap address: 0x0000000080000000, size: 2048 MB, Compressed Oops mode: 32-bit

CDS archive(s) not mapped
Compressed class space mapped at: 0x0000000100000000-0x0000000140000000, reserved size: 1073741824
Narrow klass base: 0x0000000000000000, Narrow klass shift: 3, Narrow klass range: 0x140000000

GC Precious Log:
 CardTable entry size: 512
 Card Set container configuration: InlinePtr #cards 5 size 8 Array Of Cards #cards 12 size 40 Howl #buckets 4 coarsen threshold 1843 Howl Bitmap #cards 512 size 80 coarsen threshold 460 Card regions per heap region 1 cards per card region 2048
 CPUs: 8 total, 8 available
 Memory: 7998M
 Large Page Support: Disabled
 NUMA Support: Disabled
 Compressed Oops: Enabled (32-bit)
 Heap Region Size: 1M
 Heap Min Capacity: 8M
 Heap Initial Capacity: 126M
 Heap Max Capacity: 2G
 Pre-touch: Disabled
 Parallel Workers: 8
 Concurrent Workers: 2
 Concurrent Refinement Workers: 8
 Periodic GC: Disabled

Heap:
 garbage-first heap   total 133120K, used 95393K [0x0000000080000000, 0x0000000100000000)
  region size 1024K, 12 young (12288K), 4 survivors (4096K)
 Metaspace       used 80037K, committed 81984K, reserved 1179648K
  class space    used 11347K, committed 12288K, reserved 1048576K

Heap Regions: E=young(eden), S=young(survivor), O=old, HS=humongous(starts), HC=humongous(continues), CS=collection set, F=free, TAMS=top-at-mark-start, PB=parsable bottom
|   0|0x0000000080000000, 0x0000000080100000, 0x0000000080100000|100%|HS|  |TAMS 0x0000000080100000| PB 0x0000000080000000| Complete 
|   1|0x0000000080100000, 0x0000000080200000, 0x0000000080200000|100%|HC|  |TAMS 0x0000000080200000| PB 0x0000000080100000| Complete 
|   2|0x0000000080200000, 0x0000000080300000, 0x0000000080300000|100%|HC|  |TAMS 0x0000000080300000| PB 0x0000000080200000| Complete 
|   3|0x0000000080300000, 0x0000000080400000, 0x0000000080400000|100%|HC|  |TAMS 0x0000000080400000| PB 0x0000000080300000| Complete 
|   4|0x0000000080400000, 0x0000000080500000, 0x0000000080500000|100%| O|  |TAMS 0x0000000080500000| PB 0x0000000080500000| Untracked 
|   5|0x0000000080500000, 0x0000000080600000, 0x0000000080600000|100%| O|  |TAMS 0x0000000080600000| PB 0x0000000080600000| Untracked 
|   6|0x0000000080600000, 0x0000000080700000, 0x0000000080700000|100%|HS|  |TAMS 0x0000000080700000| PB 0x0000000080600000| Complete 
|   7|0x0000000080700000, 0x0000000080800000, 0x0000000080800000|100%| O|  |TAMS 0x0000000080800000| PB 0x0000000080800000| Untracked 
|   8|0x0000000080800000, 0x0000000080900000, 0x0000000080900000|100%| O|  |TAMS 0x0000000080900000| PB 0x0000000080900000| Untracked 
|   9|0x0000000080900000, 0x0000000080a00000, 0x0000000080a00000|100%| O|  |TAMS 0x0000000080a00000| PB 0x0000000080a00000| Untracked 
|  10|0x0000000080a00000, 0x0000000080b00000, 0x0000000080b00000|100%| O|  |TAMS 0x0000000080b00000| PB 0x0000000080b00000| Untracked 
|  11|0x0000000080b00000, 0x0000000080c00000, 0x0000000080c00000|100%| O|  |TAMS 0x0000000080c00000| PB 0x0000000080c00000| Untracked 
|  12|0x0000000080c00000, 0x0000000080d00000, 0x0000000080d00000|100%| O|  |TAMS 0x0000000080d00000| PB 0x0000000080d00000| Untracked 
|  13|0x0000000080d00000, 0x0000000080e00000, 0x0000000080e00000|100%| O|  |TAMS 0x0000000080e00000| PB 0x0000000080e00000| Untracked 
|  14|0x0000000080e00000, 0x0000000080f00000, 0x0000000080f00000|100%| O|  |TAMS 0x0000000080f00000| PB 0x0000000080f00000| Untracked 
|  15|0x0000000080f00000, 0x0000000081000000, 0x0000000081000000|100%| O|  |TAMS 0x0000000081000000| PB 0x0000000081000000| Untracked 
|  16|0x0000000081000000, 0x0000000081100000, 0x0000000081100000|100%| O|  |TAMS 0x0000000081100000| PB 0x0000000081100000| Untracked 
|  17|0x0000000081100000, 0x0000000081200000, 0x0000000081200000|100%| O|  |TAMS 0x0000000081200000| PB 0x0000000081200000| Untracked 
|  18|0x0000000081200000, 0x0000000081300000, 0x0000000081300000|100%| O|  |TAMS 0x0000000081300000| PB 0x0000000081300000| Untracked 
|  19|0x0000000081300000, 0x0000000081400000, 0x0000000081400000|100%| O|  |TAMS 0x0000000081400000| PB 0x0000000081400000| Untracked 
|  20|0x0000000081400000, 0x0000000081500000, 0x0000000081500000|100%| O|  |TAMS 0x0000000081500000| PB 0x0000000081500000| Updating 
|  21|0x0000000081500000, 0x0000000081600000, 0x0000000081600000|100%|HS|  |TAMS 0x0000000081600000| PB 0x0000000081500000| Complete 
|  22|0x0000000081600000, 0x0000000081700000, 0x0000000081700000|100%| O|  |TAMS 0x0000000081700000| PB 0x0000000081700000| Untracked 
|  23|0x0000000081700000, 0x0000000081800000, 0x0000000081800000|100%|HS|  |TAMS 0x0000000081800000| PB 0x0000000081700000| Complete 
|  24|0x0000000081800000, 0x0000000081900000, 0x0000000081900000|100%|HC|  |TAMS 0x0000000081900000| PB 0x0000000081800000| Complete 
|  25|0x0000000081900000, 0x0000000081a00000, 0x0000000081a00000|100%|HC|  |TAMS 0x0000000081a00000| PB 0x0000000081900000| Complete 
|  26|0x0000000081a00000, 0x0000000081b00000, 0x0000000081b00000|100%|HC|  |TAMS 0x0000000081b00000| PB 0x0000000081a00000| Complete 
|  27|0x0000000081b00000, 0x0000000081c00000, 0x0000000081c00000|100%|HC|  |TAMS 0x0000000081c00000| PB 0x0000000081b00000| Complete 
|  28|0x0000000081c00000, 0x0000000081d00000, 0x0000000081d00000|100%|HC|  |TAMS 0x0000000081d00000| PB 0x0000000081c00000| Complete 
|  29|0x0000000081d00000, 0x0000000081e00000, 0x0000000081e00000|100%|HS|  |TAMS 0x0000000081e00000| PB 0x0000000081d00000| Complete 
|  30|0x0000000081e00000, 0x0000000081f00000, 0x0000000081f00000|100%|HC|  |TAMS 0x0000000081f00000| PB 0x0000000081e00000| Complete 
|  31|0x0000000081f00000, 0x0000000082000000, 0x0000000082000000|100%|HS|  |TAMS 0x0000000082000000| PB 0x0000000081f00000| Complete 
|  32|0x0000000082000000, 0x0000000082100000, 0x0000000082100000|100%|HC|  |TAMS 0x0000000082100000| PB 0x0000000082000000| Complete 
|  33|0x0000000082100000, 0x0000000082200000, 0x0000000082200000|100%|HS|  |TAMS 0x0000000082200000| PB 0x0000000082100000| Complete 
|  34|0x0000000082200000, 0x0000000082300000, 0x0000000082300000|100%|HS|  |TAMS 0x0000000082300000| PB 0x0000000082200000| Complete 
|  35|0x0000000082300000, 0x0000000082400000, 0x0000000082400000|100%|HC|  |TAMS 0x0000000082400000| PB 0x0000000082300000| Complete 
|  36|0x0000000082400000, 0x0000000082500000, 0x0000000082500000|100%|HC|  |TAMS 0x0000000082500000| PB 0x0000000082400000| Complete 
|  37|0x0000000082500000, 0x0000000082600000, 0x0000000082600000|100%|HC|  |TAMS 0x0000000082600000| PB 0x0000000082500000| Complete 
|  38|0x0000000082600000, 0x0000000082700000, 0x0000000082700000|100%|HC|  |TAMS 0x0000000082700000| PB 0x0000000082600000| Complete 
|  39|0x0000000082700000, 0x0000000082800000, 0x0000000082800000|100%|HC|  |TAMS 0x0000000082800000| PB 0x0000000082700000| Complete 
|  40|0x0000000082800000, 0x0000000082900000, 0x0000000082900000|100%| O|  |TAMS 0x0000000082900000| PB 0x0000000082900000| Untracked 
|  41|0x0000000082900000, 0x0000000082a00000, 0x0000000082a00000|100%| O|  |TAMS 0x0000000082a00000| PB 0x0000000082a00000| Updating 
|  42|0x0000000082a00000, 0x0000000082b00000, 0x0000000082b00000|100%| O|  |TAMS 0x0000000082b00000| PB 0x0000000082b00000| Untracked 
|  43|0x0000000082b00000, 0x0000000082c00000, 0x0000000082c00000|100%| O|  |TAMS 0x0000000082c00000| PB 0x0000000082c00000| Untracked 
|  44|0x0000000082c00000, 0x0000000082d00000, 0x0000000082d00000|100%| O|  |TAMS 0x0000000082d00000| PB 0x0000000082d00000| Untracked 
|  45|0x0000000082d00000, 0x0000000082e00000, 0x0000000082e00000|100%| O|  |TAMS 0x0000000082e00000| PB 0x0000000082e00000| Untracked 
|  46|0x0000000082e00000, 0x0000000082f00000, 0x0000000082f00000|100%| O|  |TAMS 0x0000000082f00000| PB 0x0000000082f00000| Untracked 
|  47|0x0000000082f00000, 0x0000000083000000, 0x0000000083000000|100%| O|  |TAMS 0x0000000083000000| PB 0x0000000083000000| Untracked 
|  48|0x0000000083000000, 0x0000000083100000, 0x0000000083100000|100%| O|  |TAMS 0x0000000083100000| PB 0x0000000083100000| Untracked 
|  49|0x0000000083100000, 0x0000000083200000, 0x0000000083200000|100%| O|  |TAMS 0x0000000083200000| PB 0x0000000083200000| Untracked 
|  50|0x0000000083200000, 0x0000000083300000, 0x0000000083300000|100%| O|  |TAMS 0x0000000083300000| PB 0x0000000083300000| Updating 
|  51|0x0000000083300000, 0x0000000083400000, 0x0000000083400000|100%| O|  |TAMS 0x0000000083400000| PB 0x0000000083400000| Untracked 
|  52|0x0000000083400000, 0x0000000083500000, 0x0000000083500000|100%| O|  |TAMS 0x0000000083500000| PB 0x0000000083500000| Untracked 
|  53|0x0000000083500000, 0x0000000083600000, 0x0000000083600000|100%| O|  |TAMS 0x0000000083600000| PB 0x0000000083600000| Untracked 
|  54|0x0000000083600000, 0x0000000083700000, 0x0000000083700000|100%| O|  |TAMS 0x0000000083700000| PB 0x0000000083700000| Untracked 
|  55|0x0000000083700000, 0x0000000083800000, 0x0000000083800000|100%| O|  |TAMS 0x0000000083800000| PB 0x0000000083800000| Updating 
|  56|0x0000000083800000, 0x0000000083900000, 0x0000000083900000|100%| O|  |TAMS 0x0000000083800000| PB 0x0000000083800000| Untracked 
|  57|0x0000000083900000, 0x0000000083a00000, 0x0000000083a00000|100%|HS|  |TAMS 0x0000000083a00000| PB 0x0000000083900000| Complete 
|  58|0x0000000083a00000, 0x0000000083b00000, 0x0000000083b00000|100%|HC|  |TAMS 0x0000000083b00000| PB 0x0000000083a00000| Complete 
|  59|0x0000000083b00000, 0x0000000083c00000, 0x0000000083c00000|100%| O|  |TAMS 0x0000000083c00000| PB 0x0000000083c00000| Updating 
|  60|0x0000000083c00000, 0x0000000083d00000, 0x0000000083d00000|100%| O|  |TAMS 0x0000000083d00000| PB 0x0000000083d00000| Updating 
|  61|0x0000000083d00000, 0x0000000083e00000, 0x0000000083e00000|100%| O|  |TAMS 0x0000000083e00000| PB 0x0000000083e00000| Untracked 
|  62|0x0000000083e00000, 0x0000000083f00000, 0x0000000083f00000|100%| O|  |TAMS 0x0000000083f00000| PB 0x0000000083f00000| Updating 
|  63|0x0000000083f00000, 0x0000000084000000, 0x0000000084000000|100%| O|  |TAMS 0x0000000084000000| PB 0x0000000084000000| Updating 
|  64|0x0000000084000000, 0x0000000084100000, 0x0000000084100000|100%| O|  |TAMS 0x0000000084100000| PB 0x0000000084100000| Updating 
|  65|0x0000000084100000, 0x0000000084200000, 0x0000000084200000|100%| O|  |TAMS 0x0000000084200000| PB 0x0000000084200000| Updating 
|  66|0x0000000084200000, 0x0000000084300000, 0x0000000084300000|100%| O|  |TAMS 0x0000000084200000| PB 0x0000000084200000| Untracked 
|  67|0x0000000084300000, 0x0000000084400000, 0x0000000084400000|100%| O|  |TAMS 0x0000000084400000| PB 0x0000000084400000| Updating 
|  68|0x0000000084400000, 0x0000000084500000, 0x0000000084500000|100%| O|  |TAMS 0x0000000084500000| PB 0x0000000084500000| Updating 
|  69|0x0000000084500000, 0x0000000084600000, 0x0000000084600000|100%| O|  |TAMS 0x0000000084600000| PB 0x0000000084600000| Updating 
|  70|0x0000000084600000, 0x0000000084700000, 0x0000000084700000|100%| O|  |TAMS 0x0000000084700000| PB 0x0000000084700000| Updating 
|  71|0x0000000084700000, 0x0000000084800000, 0x0000000084800000|100%| O|  |TAMS 0x0000000084800000| PB 0x0000000084800000| Updating 
|  72|0x0000000084800000, 0x0000000084900000, 0x0000000084900000|100%| O|  |TAMS 0x0000000084900000| PB 0x0000000084900000| Untracked 
|  73|0x0000000084900000, 0x0000000084a00000, 0x0000000084a00000|100%| O|  |TAMS 0x0000000084a00000| PB 0x0000000084a00000| Untracked 
|  74|0x0000000084a00000, 0x0000000084b00000, 0x0000000084b00000|100%| O|  |TAMS 0x0000000084b00000| PB 0x0000000084b00000| Untracked 
|  75|0x0000000084b00000, 0x0000000084c00000, 0x0000000084c00000|100%| O|  |TAMS 0x0000000084c00000| PB 0x0000000084c00000| Updating 
|  76|0x0000000084c00000, 0x0000000084d00000, 0x0000000084d00000|100%| O|  |TAMS 0x0000000084d00000| PB 0x0000000084d00000| Updating 
|  77|0x0000000084d00000, 0x0000000084d00000, 0x0000000084e00000|  0%| F|  |TAMS 0x0000000084d00000| PB 0x0000000084d00000| Untracked 
|  78|0x0000000084e00000, 0x0000000084e00000, 0x0000000084f00000|  0%| F|  |TAMS 0x0000000084e00000| PB 0x0000000084e00000| Untracked 
|  79|0x0000000084f00000, 0x0000000084f00000, 0x0000000085000000|  0%| F|  |TAMS 0x0000000084f00000| PB 0x0000000084f00000| Untracked 
|  80|0x0000000085000000, 0x0000000085000000, 0x0000000085100000|  0%| F|  |TAMS 0x0000000085000000| PB 0x0000000085000000| Untracked 
|  81|0x0000000085100000, 0x0000000085100000, 0x0000000085200000|  0%| F|  |TAMS 0x0000000085100000| PB 0x0000000085100000| Untracked 
|  82|0x0000000085200000, 0x0000000085200000, 0x0000000085300000|  0%| F|  |TAMS 0x0000000085200000| PB 0x0000000085200000| Untracked 
|  83|0x0000000085300000, 0x0000000085400000, 0x0000000085400000|100%| O|  |TAMS 0x0000000085300000| PB 0x0000000085300000| Untracked 
|  84|0x0000000085400000, 0x0000000085500000, 0x0000000085500000|100%| O|  |TAMS 0x0000000085400000| PB 0x0000000085400000| Untracked 
|  85|0x0000000085500000, 0x00000000855e1a40, 0x0000000085600000| 88%| O|  |TAMS 0x0000000085500000| PB 0x0000000085500000| Untracked 
|  86|0x0000000085600000, 0x0000000085600000, 0x0000000085700000|  0%| F|  |TAMS 0x0000000085600000| PB 0x0000000085600000| Untracked 
|  87|0x0000000085700000, 0x0000000085700000, 0x0000000085800000|  0%| F|  |TAMS 0x0000000085700000| PB 0x0000000085700000| Untracked 
|  88|0x0000000085800000, 0x0000000085800000, 0x0000000085900000|  0%| F|  |TAMS 0x0000000085800000| PB 0x0000000085800000| Untracked 
|  89|0x0000000085900000, 0x0000000085946b20, 0x0000000085a00000| 27%| S|CS|TAMS 0x0000000085900000| PB 0x0000000085900000| Complete 
|  90|0x0000000085a00000, 0x0000000085b00000, 0x0000000085b00000|100%| S|CS|TAMS 0x0000000085a00000| PB 0x0000000085a00000| Complete 
|  91|0x0000000085b00000, 0x0000000085c00000, 0x0000000085c00000|100%| S|CS|TAMS 0x0000000085b00000| PB 0x0000000085b00000| Complete 
|  92|0x0000000085c00000, 0x0000000085d00000, 0x0000000085d00000|100%| S|CS|TAMS 0x0000000085c00000| PB 0x0000000085c00000| Complete 
|  93|0x0000000085d00000, 0x0000000085d00000, 0x0000000085e00000|  0%| F|  |TAMS 0x0000000085d00000| PB 0x0000000085d00000| Untracked 
|  94|0x0000000085e00000, 0x0000000085e00000, 0x0000000085f00000|  0%| F|  |TAMS 0x0000000085e00000| PB 0x0000000085e00000| Untracked 
|  95|0x0000000085f00000, 0x0000000085f00000, 0x0000000086000000|  0%| F|  |TAMS 0x0000000085f00000| PB 0x0000000085f00000| Untracked 
|  96|0x0000000086000000, 0x0000000086000000, 0x0000000086100000|  0%| F|  |TAMS 0x0000000086000000| PB 0x0000000086000000| Untracked 
|  97|0x0000000086100000, 0x0000000086100000, 0x0000000086200000|  0%| F|  |TAMS 0x0000000086100000| PB 0x0000000086100000| Untracked 
|  98|0x0000000086200000, 0x0000000086200000, 0x0000000086300000|  0%| F|  |TAMS 0x0000000086200000| PB 0x0000000086200000| Untracked 
|  99|0x0000000086300000, 0x0000000086300000, 0x0000000086400000|  0%| F|  |TAMS 0x0000000086300000| PB 0x0000000086300000| Untracked 
| 100|0x0000000086400000, 0x0000000086400000, 0x0000000086500000|  0%| F|  |TAMS 0x0000000086400000| PB 0x0000000086400000| Untracked 
| 101|0x0000000086500000, 0x0000000086500000, 0x0000000086600000|  0%| F|  |TAMS 0x0000000086500000| PB 0x0000000086500000| Untracked 
| 102|0x0000000086600000, 0x0000000086600000, 0x0000000086700000|  0%| F|  |TAMS 0x0000000086600000| PB 0x0000000086600000| Untracked 
| 103|0x0000000086700000, 0x0000000086700000, 0x0000000086800000|  0%| F|  |TAMS 0x0000000086700000| PB 0x0000000086700000| Untracked 
| 104|0x0000000086800000, 0x0000000086800000, 0x0000000086900000|  0%| F|  |TAMS 0x0000000086800000| PB 0x0000000086800000| Untracked 
| 105|0x0000000086900000, 0x0000000086900000, 0x0000000086a00000|  0%| F|  |TAMS 0x0000000086900000| PB 0x0000000086900000| Untracked 
| 106|0x0000000086a00000, 0x0000000086a00000, 0x0000000086b00000|  0%| F|  |TAMS 0x0000000086a00000| PB 0x0000000086a00000| Untracked 
| 107|0x0000000086b00000, 0x0000000086b00000, 0x0000000086c00000|  0%| F|  |TAMS 0x0000000086b00000| PB 0x0000000086b00000| Untracked 
| 108|0x0000000086c00000, 0x0000000086c00000, 0x0000000086d00000|  0%| F|  |TAMS 0x0000000086c00000| PB 0x0000000086c00000| Untracked 
| 109|0x0000000086d00000, 0x0000000086d00000, 0x0000000086e00000|  0%| F|  |TAMS 0x0000000086d00000| PB 0x0000000086d00000| Untracked 
| 110|0x0000000086e00000, 0x0000000086e00000, 0x0000000086f00000|  0%| F|  |TAMS 0x0000000086e00000| PB 0x0000000086e00000| Untracked 
| 111|0x0000000086f00000, 0x0000000086f00000, 0x0000000087000000|  0%| F|  |TAMS 0x0000000086f00000| PB 0x0000000086f00000| Untracked 
| 112|0x0000000087000000, 0x0000000087000000, 0x0000000087100000|  0%| F|  |TAMS 0x0000000087000000| PB 0x0000000087000000| Untracked 
| 113|0x0000000087100000, 0x0000000087100000, 0x0000000087200000|  0%| F|  |TAMS 0x0000000087100000| PB 0x0000000087100000| Untracked 
| 114|0x0000000087200000, 0x0000000087200000, 0x0000000087300000|  0%| F|  |TAMS 0x0000000087200000| PB 0x0000000087200000| Untracked 
| 115|0x0000000087300000, 0x0000000087300000, 0x0000000087400000|  0%| F|  |TAMS 0x0000000087300000| PB 0x0000000087300000| Untracked 
| 116|0x0000000087400000, 0x0000000087400000, 0x0000000087500000|  0%| F|  |TAMS 0x0000000087400000| PB 0x0000000087400000| Untracked 
| 117|0x0000000087500000, 0x0000000087500000, 0x0000000087600000|  0%| F|  |TAMS 0x0000000087500000| PB 0x0000000087500000| Untracked 
| 118|0x0000000087600000, 0x0000000087600000, 0x0000000087700000|  0%| F|  |TAMS 0x0000000087600000| PB 0x0000000087600000| Untracked 
| 119|0x0000000087700000, 0x00000000877732c0, 0x0000000087800000| 44%| E|  |TAMS 0x0000000087700000| PB 0x0000000087700000| Complete 
| 120|0x0000000087800000, 0x0000000087900000, 0x0000000087900000|100%| E|CS|TAMS 0x0000000087800000| PB 0x0000000087800000| Complete 
| 121|0x0000000087900000, 0x0000000087a00000, 0x0000000087a00000|100%| E|CS|TAMS 0x0000000087900000| PB 0x0000000087900000| Complete 
| 122|0x0000000087a00000, 0x0000000087b00000, 0x0000000087b00000|100%| E|CS|TAMS 0x0000000087a00000| PB 0x0000000087a00000| Complete 
| 123|0x0000000087b00000, 0x0000000087c00000, 0x0000000087c00000|100%| E|CS|TAMS 0x0000000087b00000| PB 0x0000000087b00000| Complete 
| 124|0x0000000087c00000, 0x0000000087d00000, 0x0000000087d00000|100%| E|CS|TAMS 0x0000000087c00000| PB 0x0000000087c00000| Complete 
| 125|0x0000000087d00000, 0x0000000087e00000, 0x0000000087e00000|100%| E|CS|TAMS 0x0000000087d00000| PB 0x0000000087d00000| Complete 
|2044|0x00000000ffc00000, 0x00000000ffd00000, 0x00000000ffd00000|100%| O|  |TAMS 0x00000000ffc74cc0| PB 0x00000000ffc74cc0| Updating 
|2045|0x00000000ffd00000, 0x00000000ffe00000, 0x00000000ffe00000|100%| E|CS|TAMS 0x00000000ffd00000| PB 0x00000000ffd00000| Complete 
|2046|0x00000000ffe00000, 0x00000000fff00000, 0x00000000fff00000|100%| O|  |TAMS 0x00000000fff00000| PB 0x00000000fff00000| Updating 
|2047|0x00000000fff00000, 0x0000000100000000, 0x0000000100000000|100%| O|  |TAMS 0x0000000100000000| PB 0x0000000100000000| Updating 

Card table byte_map: [0x000002643ccb0000,0x000002643d0b0000] _byte_map_base: 0x000002643c8b0000

Marking Bits: (CMBitMap*) 0x000002642a4729c0
 Bits: [0x000002643d0b0000, 0x000002643f0b0000)

Polling page: 0x00000264282a0000

Metaspace:

Usage:
  Non-class:     67.08 MB used.
      Class:     11.08 MB used.
       Both:     78.16 MB used.

Virtual space:
  Non-class space:      128.00 MB reserved,      68.06 MB ( 53%) committed,  2 nodes.
      Class space:        1.00 GB reserved,      12.00 MB (  1%) committed,  1 nodes.
             Both:        1.12 GB reserved,      80.06 MB (  7%) committed. 

Chunk freelists:
   Non-Class:  11.59 MB
       Class:  4.05 MB
        Both:  15.64 MB

MaxMetaspaceSize: unlimited
CompressedClassSpaceSize: 1.00 GB
Initial GC threshold: 21.00 MB
Current GC threshold: 120.12 MB
CDS: off
 - commit_granule_bytes: 65536.
 - commit_granule_words: 8192.
 - virtual_space_node_default_size: 8388608.
 - enlarge_chunks_in_place: 1.
 - use_allocation_guard: 0.


Internal statistics:

num_allocs_failed_limit: 6.
num_arena_births: 3646.
num_arena_deaths: 0.
num_vsnodes_births: 3.
num_vsnodes_deaths: 0.
num_space_committed: 1281.
num_space_uncommitted: 0.
num_chunks_returned_to_freelist: 6.
num_chunks_taken_from_freelist: 6898.
num_chunk_merges: 3.
num_chunk_splits: 4463.
num_chunks_enlarged: 2742.
num_inconsistent_stats: 0.

CodeHeap 'non-profiled nmethods': size=120000Kb used=4640Kb max_used=4749Kb free=115359Kb
 bounds [0x0000026435050000, 0x0000026435500000, 0x000002643c580000]
CodeHeap 'profiled nmethods': size=120000Kb used=14592Kb max_used=14875Kb free=105407Kb
 bounds [0x000002642d580000, 0x000002642e410000, 0x0000026434ab0000]
CodeHeap 'non-nmethods': size=5760Kb used=1955Kb max_used=2040Kb free=3804Kb
 bounds [0x0000026434ab0000, 0x0000026434d20000, 0x0000026435050000]
CodeCache: size=245760Kb, used=21187Kb, max_used=21664Kb, free=224570Kb
 total_blobs=8716, nmethods=7882, adapters=738, full_count=0
Compilation: enabled, stopped_count=0, restarted_count=0

Compilation events (20 events):
Event: 23.197 Thread 0x000002644609f850 9094       3       org.gradle.cache.internal.btree.BTreePersistentIndexedCache$DataBlock::setValue (45 bytes)
Event: 23.198 Thread 0x000002644609f850 nmethod 9094 0x000002642e401010 code [0x000002642e401240, 0x000002642e4019a8]
Event: 23.198 Thread 0x000002644609f850 9095       3       org.gradle.cache.internal.btree.BTreePersistentIndexedCache$DataBlock::write (33 bytes)
Event: 23.199 Thread 0x000002644609f850 nmethod 9095 0x000002642e401d10 code [0x000002642e402020, 0x000002642e4030b0]
Event: 23.199 Thread 0x000002644609f850 9085       3       org.gradle.internal.execution.steps.IdentifyStep::executeDeferred (11 bytes)
Event: 23.200 Thread 0x000002644609f850 nmethod 9085 0x000002642e403790 code [0x000002642e403940, 0x000002642e403b78]
Event: 23.200 Thread 0x000002644609f850 9090       3       org.gradle.api.internal.artifacts.transform.DefaultTransform::getSecondaryInputHash (14 bytes)
Event: 23.200 Thread 0x000002644609f850 nmethod 9090 0x000002642e403c90 code [0x000002642e403e60, 0x000002642e4041e8]
Event: 23.200 Thread 0x000002644609f850 9096       3       org.gradle.internal.serialize.BaseSerializerFactory$FileSerializer::write (10 bytes)
Event: 23.200 Thread 0x000002644609f850 nmethod 9096 0x000002642e404390 code [0x000002642e404560, 0x000002642e4048b8]
Event: 23.202 Thread 0x000002644609f850 9097       3       java.io.ByteArrayInputStream::<init> (37 bytes)
Event: 23.203 Thread 0x000002644609f850 nmethod 9097 0x000002642e404a10 code [0x000002642e404bc0, 0x000002642e404ea0]
Event: 23.203 Thread 0x000002644609f850 9098       3       java.lang.Long::toString (55 bytes)
Event: 23.203 Thread 0x000002644609f850 nmethod 9098 0x000002642e405010 code [0x000002642e4051e0, 0x000002642e405550]
Event: 23.203 Thread 0x000002644609f850 9099       3       java.io.BufferedOutputStream::<init> (63 bytes)
Event: 23.204 Thread 0x000002644609f850 nmethod 9099 0x000002642e405690 code [0x000002642e405900, 0x000002642e4065e0]
Event: 23.204 Thread 0x000002644609f850 9100       3       java.util.Random::nextLong (19 bytes)
Event: 23.205 Thread 0x000002644609f850 nmethod 9100 0x000002642e406990 code [0x000002642e406b40, 0x000002642e406df8]
Event: 23.205 Thread 0x0000026446092090 9101       4       java.util.LinkedHashSet::<init> (10 bytes)
Event: 23.205 Thread 0x000002644609f850 9103       3       org.gradle.internal.hash.Hashing$MessageDigestHasher::<init> (25 bytes)

GC Heap History (20 events):
Event: 14.138 GC heap before
{Heap before GC invocations=19 (full 0):
 garbage-first heap   total 113664K, used 92607K [0x0000000080000000, 0x0000000100000000)
  region size 1024K, 37 young (37888K), 5 survivors (5120K)
 Metaspace       used 56374K, committed 57984K, reserved 1114112K
  class space    used 8005K, committed 8768K, reserved 1048576K
}
Event: 14.146 GC heap after
{Heap after GC invocations=20 (full 0):
 garbage-first heap   total 113664K, used 62054K [0x0000000080000000, 0x0000000100000000)
  region size 1024K, 2 young (2048K), 2 survivors (2048K)
 Metaspace       used 56374K, committed 57984K, reserved 1114112K
  class space    used 8005K, committed 8768K, reserved 1048576K
}
Event: 14.936 GC heap before
{Heap before GC invocations=21 (full 0):
 garbage-first heap   total 113664K, used 96870K [0x0000000080000000, 0x0000000100000000)
  region size 1024K, 35 young (35840K), 2 survivors (2048K)
 Metaspace       used 57205K, committed 58752K, reserved 1114112K
  class space    used 8118K, committed 8832K, reserved 1048576K
}
Event: 14.944 GC heap after
{Heap after GC invocations=22 (full 0):
 garbage-first heap   total 113664K, used 69265K [0x0000000080000000, 0x0000000100000000)
  region size 1024K, 5 young (5120K), 5 survivors (5120K)
 Metaspace       used 57205K, committed 58752K, reserved 1114112K
  class space    used 8118K, committed 8832K, reserved 1048576K
}
Event: 15.549 GC heap before
{Heap before GC invocations=22 (full 0):
 garbage-first heap   total 113664K, used 98961K [0x0000000080000000, 0x0000000100000000)
  region size 1024K, 34 young (34816K), 5 survivors (5120K)
 Metaspace       used 58719K, committed 60352K, reserved 1114112K
  class space    used 8329K, committed 9088K, reserved 1048576K
}
Event: 15.556 GC heap after
{Heap after GC invocations=23 (full 0):
 garbage-first heap   total 113664K, used 71139K [0x0000000080000000, 0x0000000100000000)
  region size 1024K, 3 young (3072K), 3 survivors (3072K)
 Metaspace       used 58719K, committed 60352K, reserved 1114112K
  class space    used 8329K, committed 9088K, reserved 1048576K
}
Event: 15.952 GC heap before
{Heap before GC invocations=23 (full 0):
 garbage-first heap   total 113664K, used 99811K [0x0000000080000000, 0x0000000100000000)
  region size 1024K, 31 young (31744K), 3 survivors (3072K)
 Metaspace       used 59792K, committed 61568K, reserved 1114112K
  class space    used 8520K, committed 9344K, reserved 1048576K
}
Event: 15.956 GC heap after
{Heap after GC invocations=24 (full 0):
 garbage-first heap   total 113664K, used 71854K [0x0000000080000000, 0x0000000100000000)
  region size 1024K, 3 young (3072K), 3 survivors (3072K)
 Metaspace       used 59792K, committed 61568K, reserved 1114112K
  class space    used 8520K, committed 9344K, reserved 1048576K
}
Event: 16.889 GC heap before
{Heap before GC invocations=25 (full 0):
 garbage-first heap   total 121856K, used 100526K [0x0000000080000000, 0x0000000100000000)
  region size 1024K, 32 young (32768K), 3 survivors (3072K)
 Metaspace       used 62999K, committed 64704K, reserved 1114112K
  class space    used 8990K, committed 9792K, reserved 1048576K
}
Event: 16.893 GC heap after
{Heap after GC invocations=26 (full 0):
 garbage-first heap   total 121856K, used 73540K [0x0000000080000000, 0x0000000100000000)
  region size 1024K, 3 young (3072K), 3 survivors (3072K)
 Metaspace       used 62999K, committed 64704K, reserved 1114112K
  class space    used 8990K, committed 9792K, reserved 1048576K
}
Event: 17.858 GC heap before
{Heap before GC invocations=26 (full 0):
 garbage-first heap   total 121856K, used 109380K [0x0000000080000000, 0x0000000100000000)
  region size 1024K, 38 young (38912K), 3 survivors (3072K)
 Metaspace       used 67814K, committed 69632K, reserved 1114112K
  class space    used 9685K, committed 10560K, reserved 1048576K
}
Event: 17.864 GC heap after
{Heap after GC invocations=27 (full 0):
 garbage-first heap   total 121856K, used 75102K [0x0000000080000000, 0x0000000100000000)
  region size 1024K, 5 young (5120K), 5 survivors (5120K)
 Metaspace       used 67814K, committed 69632K, reserved 1114112K
  class space    used 9685K, committed 10560K, reserved 1048576K
}
Event: 19.053 GC heap before
{Heap before GC invocations=27 (full 0):
 garbage-first heap   total 121856K, used 110942K [0x0000000080000000, 0x0000000100000000)
  region size 1024K, 40 young (40960K), 5 survivors (5120K)
 Metaspace       used 71620K, committed 73536K, reserved 1114112K
  class space    used 10284K, committed 11200K, reserved 1048576K
}
Event: 19.060 GC heap after
{Heap after GC invocations=28 (full 0):
 garbage-first heap   total 121856K, used 77088K [0x0000000080000000, 0x0000000100000000)
  region size 1024K, 5 young (5120K), 5 survivors (5120K)
 Metaspace       used 71620K, committed 73536K, reserved 1114112K
  class space    used 10284K, committed 11200K, reserved 1048576K
}
Event: 20.904 GC heap before
{Heap before GC invocations=29 (full 0):
 garbage-first heap   total 132096K, used 109856K [0x0000000080000000, 0x0000000100000000)
  region size 1024K, 38 young (38912K), 5 survivors (5120K)
 Metaspace       used 77925K, committed 79872K, reserved 1179648K
  class space    used 11153K, committed 12096K, reserved 1048576K
}
Event: 20.912 GC heap after
{Heap after GC invocations=30 (full 0):
 garbage-first heap   total 132096K, used 80341K [0x0000000080000000, 0x0000000100000000)
  region size 1024K, 5 young (5120K), 5 survivors (5120K)
 Metaspace       used 77925K, committed 79872K, reserved 1179648K
  class space    used 11153K, committed 12096K, reserved 1048576K
}
Event: 22.884 GC heap before
{Heap before GC invocations=30 (full 0):
 garbage-first heap   total 132096K, used 120277K [0x0000000080000000, 0x0000000100000000)
  region size 1024K, 44 young (45056K), 5 survivors (5120K)
 Metaspace       used 79842K, committed 81792K, reserved 1179648K
  class space    used 11347K, committed 12288K, reserved 1048576K
}
Event: 22.897 GC heap after
{Heap after GC invocations=31 (full 0):
 garbage-first heap   total 133120K, used 85459K [0x0000000080000000, 0x0000000100000000)
  region size 1024K, 6 young (6144K), 6 survivors (6144K)
 Metaspace       used 79842K, committed 81792K, reserved 1179648K
  class space    used 11347K, committed 12288K, reserved 1048576K
}
Event: 23.113 GC heap before
{Heap before GC invocations=31 (full 0):
 garbage-first heap   total 133120K, used 119251K [0x0000000080000000, 0x0000000100000000)
  region size 1024K, 40 young (40960K), 6 survivors (6144K)
 Metaspace       used 79959K, committed 81920K, reserved 1179648K
  class space    used 11347K, committed 12288K, reserved 1048576K
}
Event: 23.121 GC heap after
{Heap after GC invocations=32 (full 0):
 garbage-first heap   total 133120K, used 88225K [0x0000000080000000, 0x0000000100000000)
  region size 1024K, 4 young (4096K), 4 survivors (4096K)
 Metaspace       used 79959K, committed 81920K, reserved 1179648K
  class space    used 11347K, committed 12288K, reserved 1048576K
}

Dll operation events (3 events):
Event: 0.016 Loaded shared library C:\Program Files\Android\Android Studio\jbr\bin\java.dll
Event: 0.023 Loaded shared library C:\Program Files\Android\Android Studio\jbr\bin\zip.dll
Event: 1.413 Loaded shared library C:\Program Files\Android\Android Studio\jbr\bin\verify.dll

Deoptimization events (20 events):
Event: 22.809 Thread 0x0000026447066e80 DEOPT PACKING pc=0x00000264354ccef8 sp=0x000000c4980f16f0
Event: 22.809 Thread 0x0000026447066e80 DEOPT UNPACKING pc=0x0000026434b043a2 sp=0x000000c4980f1610 mode 2
Event: 22.810 Thread 0x0000026447066160 DEOPT PACKING pc=0x000002642de25036 sp=0x000000c4987fe150
Event: 22.810 Thread 0x0000026447066160 DEOPT UNPACKING pc=0x0000026434b04b42 sp=0x000000c4987fd6c0 mode 0
Event: 22.848 Thread 0x0000026447066160 DEOPT PACKING pc=0x000002642de25036 sp=0x000000c4987fe150
Event: 22.848 Thread 0x0000026447066160 DEOPT UNPACKING pc=0x0000026434b04b42 sp=0x000000c4987fd6c0 mode 0
Event: 23.062 Thread 0x000002644b8df140 Uncommon trap: trap_request=0xffffff45 fr.pc=0x000002643533a96c relative=0x000000000000028c
Event: 23.062 Thread 0x000002644b8df140 Uncommon trap: reason=unstable_if action=reinterpret pc=0x000002643533a96c method=java.util.concurrent.ConcurrentHashMap.addCount(JI)V @ 171 c2
Event: 23.062 Thread 0x000002644b8df140 DEOPT PACKING pc=0x000002643533a96c sp=0x000000c49b5fce80
Event: 23.062 Thread 0x000002644b8df140 DEOPT UNPACKING pc=0x0000026434b043a2 sp=0x000000c49b5fcdc0 mode 2
Event: 23.062 Thread 0x000002644b8ddd90 Uncommon trap: trap_request=0xffffff45 fr.pc=0x000002643533a96c relative=0x000000000000028c
Event: 23.062 Thread 0x000002644b8ddd90 Uncommon trap: reason=unstable_if action=reinterpret pc=0x000002643533a96c method=java.util.concurrent.ConcurrentHashMap.addCount(JI)V @ 171 c2
Event: 23.062 Thread 0x000002644b8ddd90 DEOPT PACKING pc=0x000002643533a96c sp=0x000000c49b9fcfe0
Event: 23.062 Thread 0x000002644b8ddd90 DEOPT UNPACKING pc=0x0000026434b043a2 sp=0x000000c49b9fcf20 mode 2
Event: 23.064 Thread 0x000002644b8e18a0 Uncommon trap: trap_request=0xffffff45 fr.pc=0x000002643545276c relative=0x00000000000010cc
Event: 23.064 Thread 0x000002644b8e18a0 Uncommon trap: reason=unstable_if action=reinterpret pc=0x000002643545276c method=java.util.concurrent.ConcurrentHashMap.computeIfAbsent(Ljava/lang/Object;Ljava/util/function/Function;)Ljava/lang/Object; @ 199 c2
Event: 23.064 Thread 0x000002644b8e18a0 DEOPT PACKING pc=0x000002643545276c sp=0x000000c49bafcf60
Event: 23.064 Thread 0x000002644b8e18a0 DEOPT UNPACKING pc=0x0000026434b043a2 sp=0x000000c49bafcef8 mode 2
Event: 23.076 Thread 0x000002644b8e1f30 DEOPT PACKING pc=0x000002642e0fe6a1 sp=0x000000c49bbfd9e0
Event: 23.076 Thread 0x000002644b8e1f30 DEOPT UNPACKING pc=0x0000026434b04b42 sp=0x000000c49bbfcef0 mode 0

Classes loaded (20 events):
Event: 21.662 Loading class sun/security/ssl/PreSharedKeyExtension$PartialClientHelloMessage
Event: 21.662 Loading class sun/security/ssl/PreSharedKeyExtension$PartialClientHelloMessage done
Event: 21.662 Loading class sun/security/ssl/SSLEngineOutputRecord
Event: 21.663 Loading class sun/security/ssl/SSLEngineOutputRecord done
Event: 21.663 Loading class sun/security/ssl/SSLEngineOutputRecord$HandshakeFragment
Event: 21.664 Loading class sun/security/ssl/SSLEngineOutputRecord$HandshakeFragment done
Event: 21.664 Loading class sun/security/ssl/SSLEngineOutputRecord$HandshakeMemo
Event: 21.664 Loading class sun/security/ssl/SSLEngineOutputRecord$RecordMemo
Event: 21.664 Loading class sun/security/ssl/SSLEngineOutputRecord$RecordMemo done
Event: 21.664 Loading class sun/security/ssl/SSLEngineOutputRecord$HandshakeMemo done
Event: 21.714 Loading class sun/security/ssl/PreSharedKeyExtension$SHPreSharedKeySpec
Event: 21.714 Loading class sun/security/ssl/PreSharedKeyExtension$SHPreSharedKeySpec done
Event: 21.839 Loading class sun/security/ssl/Alert
Event: 21.839 Loading class sun/security/ssl/Alert done
Event: 21.840 Loading class sun/security/ssl/Alert$AlertConsumer
Event: 21.840 Loading class sun/security/ssl/Alert$AlertConsumer done
Event: 21.840 Loading class sun/security/ssl/Alert$Level
Event: 21.841 Loading class sun/security/ssl/Alert$Level done
Event: 22.530 Loading class java/util/LinkedList$LLSpliterator
Event: 22.531 Loading class java/util/LinkedList$LLSpliterator done

Classes unloaded (0 events):
No events

Classes redefined (0 events):
No events

Internal exceptions (20 events):
Event: 23.088 Thread 0x000002644b8ddd90 Exception <a 'sun/nio/fs/WindowsException'{0x000000008605e478}> (0x000000008605e478) 
thrown [s\src\hotspot\share\prims\jni.cpp, line 537]
Event: 23.089 Thread 0x000002644b8e1210 Exception <a 'sun/nio/fs/WindowsException'{0x0000000085f45568}> (0x0000000085f45568) 
thrown [s\src\hotspot\share\prims\jni.cpp, line 537]
Event: 23.091 Thread 0x000002644b8dfe60 Exception <a 'sun/nio/fs/WindowsException'{0x0000000085f63ef8}> (0x0000000085f63ef8) 
thrown [s\src\hotspot\share\prims\jni.cpp, line 537]
Event: 23.093 Thread 0x000002644b8e18a0 Exception <a 'sun/nio/fs/WindowsException'{0x0000000085e5c9b0}> (0x0000000085e5c9b0) 
thrown [s\src\hotspot\share\prims\jni.cpp, line 537]
Event: 23.094 Thread 0x000002644b8e1f30 Exception <a 'sun/nio/fs/WindowsException'{0x0000000085e87698}> (0x0000000085e87698) 
thrown [s\src\hotspot\share\prims\jni.cpp, line 537]
Event: 23.152 Thread 0x000002644b8e4690 Exception <a 'sun/nio/fs/WindowsException'{0x0000000087d3e590}> (0x0000000087d3e590) 
thrown [s\src\hotspot\share\prims\jni.cpp, line 537]
Event: 23.176 Thread 0x000002644b8e4690 Exception <a 'sun/nio/fs/WindowsException'{0x0000000087c7b4a8}> (0x0000000087c7b4a8) 
thrown [s\src\hotspot\share\prims\jni.cpp, line 537]
Event: 23.178 Thread 0x000002644b8e53b0 Exception <a 'sun/nio/fs/WindowsException'{0x0000000087c94b78}> (0x0000000087c94b78) 
thrown [s\src\hotspot\share\prims\jni.cpp, line 537]
Event: 23.184 Thread 0x000002644b8deab0 Exception <a 'sun/nio/fs/WindowsException'{0x0000000087b40748}> (0x0000000087b40748) 
thrown [s\src\hotspot\share\prims\jni.cpp, line 537]
Event: 23.185 Thread 0x0000026447066e80 Exception <a 'sun/nio/fs/WindowsException'{0x0000000087ba5550}> (0x0000000087ba5550) 
thrown [s\src\hotspot\share\prims\jni.cpp, line 537]
Event: 23.185 Thread 0x000002644b8e25c0 Exception <a 'sun/nio/fs/WindowsException'{0x0000000087b1b250}> (0x0000000087b1b250) 
thrown [s\src\hotspot\share\prims\jni.cpp, line 537]
Event: 23.186 Thread 0x000002644b8e32e0 Exception <a 'sun/nio/fs/WindowsException'{0x0000000087b8a808}> (0x0000000087b8a808) 
thrown [s\src\hotspot\share\prims\jni.cpp, line 537]
Event: 23.189 Thread 0x000002644b8e3970 Exception <a 'sun/nio/fs/WindowsException'{0x0000000087a537f8}> (0x0000000087a537f8) 
thrown [s\src\hotspot\share\prims\jni.cpp, line 537]
Event: 23.199 Thread 0x000002644b8e53b0 Exception <a 'sun/nio/fs/WindowsException'{0x0000000087971198}> (0x0000000087971198) 
thrown [s\src\hotspot\share\prims\jni.cpp, line 537]
Event: 23.199 Thread 0x000002644b8e4690 Exception <a 'sun/nio/fs/WindowsException'{0x00000000879a8188}> (0x00000000879a8188) 
thrown [s\src\hotspot\share\prims\jni.cpp, line 537]
Event: 23.200 Thread 0x000002644b8e4d20 Exception <a 'sun/nio/fs/WindowsException'{0x00000000879aa4b8}> (0x00000000879aa4b8) 
thrown [s\src\hotspot\share\prims\jni.cpp, line 537]
Event: 23.201 Thread 0x0000026447066e80 Exception <a 'sun/nio/fs/WindowsException'{0x0000000087818fc0}> (0x0000000087818fc0) 
thrown [s\src\hotspot\share\prims\jni.cpp, line 537]
Event: 23.202 Thread 0x000002644b8e25c0 Exception <a 'sun/nio/fs/WindowsException'{0x0000000087875358}> (0x0000000087875358) 
thrown [s\src\hotspot\share\prims\jni.cpp, line 537]
Event: 23.204 Thread 0x000002644b8e32e0 Exception <a 'sun/nio/fs/WindowsException'{0x00000000878fd790}> (0x00000000878fd790) 
thrown [s\src\hotspot\share\prims\jni.cpp, line 537]
Event: 23.205 Thread 0x000002644b8deab0 Exception <a 'sun/nio/fs/WindowsException'{0x000000008774f128}> (0x000000008774f128) 
thrown [s\src\hotspot\share\prims\jni.cpp, line 537]

ZGC Phase Switch (0 events):
No events

VM Operations (20 events):
Event: 20.561 Executing VM operation: HandshakeAllThreads (Deoptimize) done
Event: 20.561 Executing VM operation: Cleanup
Event: 20.561 Executing VM operation: Cleanup done
Event: 20.782 Executing VM operation: HandshakeAllThreads (Deoptimize)
Event: 20.782 Executing VM operation: HandshakeAllThreads (Deoptimize) done
Event: 20.904 Executing VM operation: G1CollectForAllocation (G1 Evacuation Pause)
Event: 20.912 Executing VM operation: G1CollectForAllocation (G1 Evacuation Pause) done
Event: 21.920 Executing VM operation: Cleanup
Event: 21.921 Executing VM operation: Cleanup done
Event: 22.341 Executing VM operation: ICBufferFull
Event: 22.341 Executing VM operation: ICBufferFull done
Event: 22.608 Executing VM operation: HandshakeAllThreads (Deoptimize)
Event: 22.609 Executing VM operation: HandshakeAllThreads (Deoptimize) done
Event: 22.853 Executing VM operation: ICBufferFull
Event: 22.853 Executing VM operation: ICBufferFull done
Event: 22.884 Executing VM operation: G1CollectForAllocation (G1 Evacuation Pause)
Event: 22.898 Executing VM operation: G1CollectForAllocation (G1 Evacuation Pause) done
Event: 23.113 Executing VM operation: G1CollectForAllocation (G1 Evacuation Pause)
Event: 23.121 Executing VM operation: G1CollectForAllocation (G1 Evacuation Pause) done
Event: 23.205 Executing VM operation: G1PauseRemark

Memory protections (0 events):
No events

Nmethod flushes (20 events):
Event: 23.210 Thread 0x0000026441b06c20 flushing  nmethod 0x000002642dfb7010
Event: 23.210 Thread 0x0000026441b06c20 flushing  nmethod 0x000002643512fa10
Event: 23.210 Thread 0x0000026441b06c20 flushing  nmethod 0x000002642d5fbf10
Event: 23.210 Thread 0x0000026441b06c20 flushing  nmethod 0x000002642d6f0310
Event: 23.210 Thread 0x0000026441b06c20 flushing  nmethod 0x000002642d74d890
Event: 23.210 Thread 0x0000026441b06c20 flushing  nmethod 0x000002642d786010
Event: 23.210 Thread 0x0000026441b06c20 flushing  nmethod 0x000002642d787110
Event: 23.210 Thread 0x0000026441b06c20 flushing  nmethod 0x000002642d78be90
Event: 23.210 Thread 0x0000026441b06c20 flushing  nmethod 0x000002642d7e5a10
Event: 23.210 Thread 0x0000026441b06c20 flushing  nmethod 0x000002642d976190
Event: 23.210 Thread 0x0000026441b06c20 flushing  nmethod 0x000002642da4e210
Event: 23.210 Thread 0x0000026441b06c20 flushing  nmethod 0x000002642da56710
Event: 23.210 Thread 0x0000026441b06c20 flushing  nmethod 0x000002642dfc7690
Event: 23.210 Thread 0x0000026441b06c20 flushing  nmethod 0x000002642dfc9390
Event: 23.210 Thread 0x0000026441b06c20 flushing  nmethod 0x000002642dfcb110
Event: 23.210 Thread 0x0000026441b06c20 flushing  nmethod 0x000002642dff4090
Event: 23.210 Thread 0x0000026441b06c20 flushing  nmethod 0x000002642e064310
Event: 23.210 Thread 0x0000026441b06c20 flushing  nmethod 0x000002642e065010
Event: 23.210 Thread 0x0000026441b06c20 flushing  nmethod 0x000002642e065490
Event: 23.210 Thread 0x0000026441b06c20 flushing  nmethod 0x000002642e065f90

Events (20 events):
Event: 22.558 Thread 0x0000026447066e80 Thread added: 0x000002644c19c980
Event: 22.558 Thread 0x0000026447066e80 Thread added: 0x000002644c19d010
Event: 22.559 Thread 0x0000026447066e80 Thread added: 0x000002644c19d6a0
Event: 22.559 Thread 0x0000026447066e80 Thread added: 0x000002644b8de420
Event: 22.560 Thread 0x0000026447066e80 Thread added: 0x000002644b8e0b80
Event: 22.560 Thread 0x0000026447066e80 Thread added: 0x000002644b8e04f0
Event: 22.755 Thread 0x0000026447066e80 Thread added: 0x000002644b8df140
Event: 22.758 Thread 0x0000026447066e80 Thread added: 0x000002644b8df7d0
Event: 22.761 Thread 0x0000026447066e80 Thread added: 0x000002644b8dfe60
Event: 22.764 Thread 0x0000026447066e80 Thread added: 0x000002644b8e1210
Event: 22.766 Thread 0x0000026447066e80 Thread added: 0x000002644b8ddd90
Event: 22.769 Thread 0x0000026447066e80 Thread added: 0x000002644b8e18a0
Event: 22.773 Thread 0x0000026447066e80 Thread added: 0x000002644b8e1f30
Event: 23.134 Thread 0x0000026447066e80 Thread added: 0x000002644b8deab0
Event: 23.135 Thread 0x0000026447066e80 Thread added: 0x000002644b8e4d20
Event: 23.138 Thread 0x0000026447066e80 Thread added: 0x000002644b8e4690
Event: 23.139 Thread 0x0000026447066e80 Thread added: 0x000002644b8e3970
Event: 23.141 Thread 0x0000026447066e80 Thread added: 0x000002644b8e25c0
Event: 23.143 Thread 0x0000026447066e80 Thread added: 0x000002644b8e53b0
Event: 23.144 Thread 0x0000026447066e80 Thread added: 0x000002644b8e32e0


Dynamic libraries:
0x00007ff78d190000 - 0x00007ff78d19a000 	C:\Program Files\Android\Android Studio\jbr\bin\java.exe
0x00007ffa0d420000 - 0x00007ffa0d687000 	C:\WINDOWS\SYSTEM32\ntdll.dll
0x00007ffa0bba0000 - 0x00007ffa0bc69000 	C:\WINDOWS\System32\KERNEL32.DLL
0x00007ffa0a140000 - 0x00007ffa0a531000 	C:\WINDOWS\System32\KERNELBASE.dll
0x00007ffa0afc0000 - 0x00007ffa0b10b000 	C:\WINDOWS\System32\ucrtbase.dll
0x00007ff9f2670000 - 0x00007ff9f268b000 	C:\Program Files\Android\Android Studio\jbr\bin\VCRUNTIME140.dll
0x00007ff9fc280000 - 0x00007ff9fc298000 	C:\Program Files\Android\Android Studio\jbr\bin\jli.dll
0x00007ffa0bd70000 - 0x00007ffa0bf35000 	C:\WINDOWS\System32\USER32.dll
0x00007ff9ef580000 - 0x00007ff9ef813000 	C:\WINDOWS\WinSxS\amd64_microsoft.windows.common-controls_6595b64144ccf1df_6.0.26100.8037_none_3e092faae333b53b\COMCTL32.dll
0x00007ffa0aee0000 - 0x00007ffa0af07000 	C:\WINDOWS\System32\win32u.dll
0x00007ffa0baf0000 - 0x00007ffa0bb99000 	C:\WINDOWS\System32\msvcrt.dll
0x00007ffa0ba70000 - 0x00007ffa0ba9b000 	C:\WINDOWS\System32\GDI32.dll
0x00007ffa0a540000 - 0x00007ffa0a66b000 	C:\WINDOWS\System32\gdi32full.dll
0x00007ffa0af10000 - 0x00007ffa0afb3000 	C:\WINDOWS\System32\msvcp_win.dll
0x00007ffa0d390000 - 0x00007ffa0d3c1000 	C:\WINDOWS\System32\IMM32.DLL
0x00007ff9f8d40000 - 0x00007ff9f8d4c000 	C:\Program Files\Android\Android Studio\jbr\bin\vcruntime140_1.dll
0x00007ff9ec600000 - 0x00007ff9ec68d000 	C:\Program Files\Android\Android Studio\jbr\bin\msvcp140.dll
0x00007ff984090000 - 0x00007ff984d26000 	C:\Program Files\Android\Android Studio\jbr\bin\server\jvm.dll
0x00007ffa0b920000 - 0x00007ffa0b9db000 	C:\WINDOWS\System32\ADVAPI32.dll
0x00007ffa0b1c0000 - 0x00007ffa0b267000 	C:\WINDOWS\System32\sechost.dll
0x00007ffa0b2a0000 - 0x00007ffa0b3b8000 	C:\WINDOWS\System32\RPCRT4.dll
0x00007ffa0b5b0000 - 0x00007ffa0b624000 	C:\WINDOWS\System32\WS2_32.dll
0x00007ffa09b80000 - 0x00007ffa09bde000 	C:\WINDOWS\SYSTEM32\POWRPROF.dll
0x00007ff9fbfa0000 - 0x00007ff9fbfd5000 	C:\WINDOWS\SYSTEM32\WINMM.dll
0x00007ffa02b10000 - 0x00007ffa02b1b000 	C:\WINDOWS\SYSTEM32\VERSION.dll
0x00007ffa09b60000 - 0x00007ffa09b74000 	C:\WINDOWS\SYSTEM32\UMPDC.dll
0x00007ffa08a50000 - 0x00007ffa08a6b000 	C:\WINDOWS\SYSTEM32\kernel.appcore.dll
0x00007ff9f4900000 - 0x00007ff9f490a000 	C:\Program Files\Android\Android Studio\jbr\bin\jimage.dll
0x00007ffa07b70000 - 0x00007ffa07db2000 	C:\WINDOWS\SYSTEM32\DBGHELP.DLL
0x00007ffa0bf40000 - 0x00007ffa0c2c2000 	C:\WINDOWS\System32\combase.dll
0x00007ffa0b840000 - 0x00007ffa0b917000 	C:\WINDOWS\System32\OLEAUT32.dll
0x00007ff9ee140000 - 0x00007ff9ee17b000 	C:\WINDOWS\SYSTEM32\dbgcore.DLL
0x00007ffa0b110000 - 0x00007ffa0b1b5000 	C:\WINDOWS\System32\bcryptPrimitives.dll
0x00007ffa04d30000 - 0x00007ffa04d3e000 	C:\Program Files\Android\Android Studio\jbr\bin\instrument.dll
0x00007ff9f2570000 - 0x00007ff9f2590000 	C:\Program Files\Android\Android Studio\jbr\bin\java.dll
0x00007ff9f1640000 - 0x00007ff9f1658000 	C:\Program Files\Android\Android Studio\jbr\bin\zip.dll
0x00007ffa0c8a0000 - 0x00007ffa0cfff000 	C:\WINDOWS\System32\SHELL32.dll
0x00007ffa09fd0000 - 0x00007ffa0a13a000 	C:\WINDOWS\System32\wintypes.dll
0x00007ffa0a670000 - 0x00007ffa0aed4000 	C:\WINDOWS\System32\windows.storage.dll
0x00007ffa0d050000 - 0x00007ffa0d147000 	C:\WINDOWS\System32\SHCORE.dll
0x00007ffa0b7d0000 - 0x00007ffa0b837000 	C:\WINDOWS\System32\shlwapi.dll
0x00007ffa09c20000 - 0x00007ffa09c49000 	C:\WINDOWS\SYSTEM32\profapi.dll
0x00007ff9f2640000 - 0x00007ff9f2650000 	C:\Program Files\Android\Android Studio\jbr\bin\net.dll
0x00007ff9fec40000 - 0x00007ff9fed67000 	C:\WINDOWS\SYSTEM32\WINHTTP.dll
0x00007ffa08fa0000 - 0x00007ffa0900b000 	C:\WINDOWS\system32\mswsock.dll
0x00007ff9f0f60000 - 0x00007ff9f0f76000 	C:\Program Files\Android\Android Studio\jbr\bin\nio.dll
0x00007ff9eeb90000 - 0x00007ff9eeba0000 	C:\Program Files\Android\Android Studio\jbr\bin\verify.dll
0x00007ff9f5e60000 - 0x00007ff9f5e87000 	C:\Users\HP\.gradle\native\660c5614fbf4a5f2a75b1949f50a0caf5cd603558e7d8a26e50b933a0cfb79d1\windows-amd64\native-platform.dll
0x00007ff9ec580000 - 0x00007ff9ec5f7000 	C:\Users\HP\.gradle\native\0.2.8\x86_64-windows-gnu\gradle-fileevents.dll
0x00007ff9f0360000 - 0x00007ff9f0369000 	C:\Program Files\Android\Android Studio\jbr\bin\management.dll
0x00007ff9f0350000 - 0x00007ff9f035b000 	C:\Program Files\Android\Android Studio\jbr\bin\management_ext.dll
0x00007ffa0d3d0000 - 0x00007ffa0d3d8000 	C:\WINDOWS\System32\PSAPI.DLL
0x00007ffa08360000 - 0x00007ffa08393000 	C:\WINDOWS\SYSTEM32\IPHLPAPI.DLL
0x00007ffa0b3c0000 - 0x00007ffa0b3ca000 	C:\WINDOWS\System32\NSI.dll
0x00007ff9f0370000 - 0x00007ff9f0379000 	C:\Program Files\Android\Android Studio\jbr\bin\extnet.dll
0x00007ffa093a0000 - 0x00007ffa093bb000 	C:\WINDOWS\SYSTEM32\CRYPTSP.dll
0x00007ffa089b0000 - 0x00007ffa089e9000 	C:\WINDOWS\system32\rsaenh.dll
0x00007ffa09050000 - 0x00007ffa09082000 	C:\WINDOWS\SYSTEM32\USERENV.dll
0x00007ffa09bf0000 - 0x00007ffa09c1a000 	C:\WINDOWS\SYSTEM32\bcrypt.dll
0x00007ffa09200000 - 0x00007ffa0920c000 	C:\WINDOWS\SYSTEM32\CRYPTBASE.dll
0x00007ff9f1a90000 - 0x00007ff9f1a98000 	C:\WINDOWS\system32\wshunix.dll
0x00007ffa084d0000 - 0x00007ffa085fa000 	C:\WINDOWS\SYSTEM32\DNSAPI.dll
0x00007ff9f93b0000 - 0x00007ff9f93bb000 	C:\Windows\System32\rasadhlp.dll
0x00007ff9fdac0000 - 0x00007ff9fdb46000 	C:\WINDOWS\System32\fwpuclnt.dll

JVMTI agents:
C:\Users\HP\.gradle\wrapper\dists\gradle-9.3.1-bin\23ovyewtku6u96viwx3xl3oks\gradle-9.3.1\lib\agents\gradle-instrumentation-agent-9.3.1.jar path:C:\Program Files\Android\Android Studio\jbr\bin\instrument.dll, loaded, initialized, instrumentlib options:none

dbghelp: loaded successfully - version: 4.0.5 - missing functions: none
symbol engine: initialized successfully - sym options: 0x614 - pdb path: .;C:\Program Files\Android\Android Studio\jbr\bin;C:\WINDOWS\SYSTEM32;C:\WINDOWS\WinSxS\amd64_microsoft.windows.common-controls_6595b64144ccf1df_6.0.26100.8037_none_3e092faae333b53b;C:\Program Files\Android\Android Studio\jbr\bin\server;C:\Users\HP\.gradle\native\660c5614fbf4a5f2a75b1949f50a0caf5cd603558e7d8a26e50b933a0cfb79d1\windows-amd64;C:\Users\HP\.gradle\native\0.2.8\x86_64-windows-gnu

VM Arguments:
jvm_args: --add-opens=java.base/java.lang=ALL-UNNAMED --add-opens=java.base/java.lang.invoke=ALL-UNNAMED --add-opens=java.base/java.util=ALL-UNNAMED --add-opens=java.prefs/java.util.prefs=ALL-UNNAMED --add-exports=jdk.compiler/com.sun.tools.javac.api=ALL-UNNAMED --add-exports=jdk.compiler/com.sun.tools.javac.util=ALL-UNNAMED --add-opens=java.base/java.util=ALL-UNNAMED --add-opens=java.prefs/java.util.prefs=ALL-UNNAMED --add-opens=java.base/java.nio.charset=ALL-UNNAMED --add-opens=java.base/java.net=ALL-UNNAMED --add-opens=java.base/java.util.concurrent=ALL-UNNAMED --add-opens=java.base/java.util.concurrent.atomic=ALL-UNNAMED --add-opens=java.xml/javax.xml.namespace=ALL-UNNAMED --add-opens=java.base/java.time=ALL-UNNAMED -Xmx2048m -Dfile.encoding=UTF-8 -Duser.country=US -Duser.language=en -Duser.variant -javaagent:C:\Users\HP\.gradle\wrapper\dists\gradle-9.3.1-bin\23ovyewtku6u96viwx3xl3oks\gradle-9.3.1\lib\agents\gradle-instrumentation-agent-9.3.1.jar 
java_command: org.gradle.launcher.daemon.bootstrap.GradleDaemon 9.3.1
java_class_path (initial): C:\Users\HP\.gradle\wrapper\dists\gradle-9.3.1-bin\23ovyewtku6u96viwx3xl3oks\gradle-9.3.1\lib\gradle-daemon-main-9.3.1.jar
Launcher Type: SUN_STANDARD

[Global flags]
     intx CICompilerCount                          = 4                                         {product} {ergonomic}
     uint ConcGCThreads                            = 2                                         {product} {ergonomic}
     uint G1ConcRefinementThreads                  = 8                                         {product} {ergonomic}
   size_t G1HeapRegionSize                         = 1048576                                   {product} {ergonomic}
    uintx GCDrainStackTargetSize                   = 64                                        {product} {ergonomic}
   size_t InitialHeapSize                          = 132120576                                 {product} {ergonomic}
   size_t MarkStackSize                            = 4194304                                   {product} {ergonomic}
   size_t MaxHeapSize                              = 2147483648                                {product} {command line}
   size_t MaxNewSize                               = 1287651328                                {product} {ergonomic}
   size_t MinHeapDeltaBytes                        = 1048576                                   {product} {ergonomic}
   size_t MinHeapSize                              = 8388608                                   {product} {ergonomic}
    uintx NonNMethodCodeHeapSize                   = 5839372                                {pd product} {ergonomic}
    uintx NonProfiledCodeHeapSize                  = 122909434                              {pd product} {ergonomic}
    uintx ProfiledCodeHeapSize                     = 122909434                              {pd product} {ergonomic}
    uintx ReservedCodeCacheSize                    = 251658240                              {pd product} {ergonomic}
     bool SegmentedCodeCache                       = true                                      {product} {ergonomic}
   size_t SoftMaxHeapSize                          = 2147483648                             {manageable} {ergonomic}
     bool UseCompressedOops                        = true                           {product lp64_product} {ergonomic}
     bool UseG1GC                                  = true                                      {product} {ergonomic}
     bool UseLargePagesIndividualAllocation        = false                                  {pd product} {ergonomic}

Logging:
Log output configuration:
 #0: stdout all=warning uptime,level,tags foldmultilines=false
 #1: stderr all=off uptime,level,tags foldmultilines=false

Release file:
JAVA_VERSION="21.0.9" 
MODULES="java.base java.compiler java.datatransfer java.xml java.prefs java.desktop java.instrument java.logging java.management java.security.sasl java.naming java.rmi java.management.rmi java.net.http java.scripting java.security.jgss java.transaction.xa java.sql java.sql.rowset java.xml.crypto java.se java.smartcardio jdk.accessibility jdk.internal.jvmstat jdk.attach jdk.charsets jdk.internal.opt jdk.zipfs jdk.compiler jdk.crypto.ec jdk.crypto.cryptoki jdk.dynalink jdk.hotspot.agent jdk.httpserver jdk.internal.ed jdk.internal.le jdk.internal.vm.ci jdk.jartool jdk.javadoc jdk.jcmd jdk.jdeps jdk.jdwp.agent jdk.jdi jdk.jfr jdk.jlink jdk.jsobject jdk.localedata jdk.management jdk.management.agent jdk.management.jfr jdk.naming.dns jdk.naming.rmi jdk.net jdk.sctp jdk.security.auth jdk.security.jgss jdk.unsupported jdk.unsupported.desktop jdk.xml.dom" 
IMPLEMENTOR="JetBrains s.r.o." 
JAVA_RUNTIME_VERSION="21.0.9+-14787801-b1163.94" 
LIBC="default" 
OS_ARCH="x86_64" 
OS_NAME="Windows" 
SOURCE=".:git:0c757ddc9f2f" 

Environment Variables:
JAVA_HOME=C:\Program Files\Android\Android Studio\jbr
PATH=C:\WINDOWS\system32;C:\WINDOWS;C:\WINDOWS\System32\Wbem;C:\WINDOWS\System32\WindowsPowerShell\v1.0\;C:\WINDOWS\System32\OpenSSH\;C:\Program Files\Tailscale\;C:\Program Files\Git\cmd;C:\Program Files\dotnet\;C:\Program Files\Android\Android Studio\jbr\bin;C:\Users\HP\AppData\Local\Android\Sdk\platform-tools;C:\Users\HP\AppData\Local\Microsoft\WindowsApps;C:\Users\HP\.dotnet\tools;C:\Users\HP\AppData\Local\Programs\Microsoft VS Code\bin;C:\Users\HP\AppData\Local\Python\bin;C:\Users\HP\AppData\Local\Microsoft\WinGet\Links;C:\Users\HP\AppData\Local\Microsoft\WinGet\Packages\Schniz.fnm_Microsoft.Winget.Source_8wekyb3d8bbwe;
USERNAME=HP
OS=Windows_NT
PROCESSOR_IDENTIFIER=Intel64 Family 6 Model 142 Stepping 12, GenuineIntel
TMP=C:\Users\HP\AppData\Local\Temp
TEMP=C:\Users\HP\AppData\Local\Temp




Periodic native trim disabled

JNI global refs:
JNI global refs: 29, weak refs: 1

JNI global refs memory usage: 835, weak refs: 833

Process memory usage:
Resident Set Size: 351108K (4% of 8190240K total physical memory with 606396K free physical memory)

OOME stack traces (most recent first):
Classloader memory used:
Loader org.gradle.internal.classloader.VisitableURLClassLoader                         : 38530K
Loader bootstrap                                                                       : 27462K
Loader org.gradle.initialization.MixInLegacyTypesClassLoader                           : 11166K
Loader org.gradle.internal.classloader.VisitableURLClassLoader                         : 1110K
Loader org.gradle.internal.classloader.VisitableURLClassLoader$InstrumentingVisitableURLClassLoader: 738K
Loader jdk.internal.loader.ClassLoaders$PlatformClassLoader                            : 419K
Loader jdk.internal.reflect.DelegatingClassLoader                                      : 290K
Loader jdk.internal.loader.ClassLoaders$AppClassLoader                                 : 229K
Loader org.gradle.groovy.scripts.internal.DefaultScriptCompilationHandler$ScriptClassLoader: 91712B

Classes loaded by more than one classloader:
Class org.gradle.internal.IoActions                                                   : loaded 3 times (x 71B)
Class org.gradle.api.Action                                                           : loaded 3 times (x 70B)
Class org.gradle.internal.Cast                                                        : loaded 3 times (x 71B)
Class org.gradle.api.GradleException                                                  : loaded 3 times (x 82B)
Class Program                                                                         : loaded 3 times (x 72B)
Class org.gradle.internal.operations.MultipleBuildOperationFailures                   : loaded 2 times (x 95B)
Class org.gradle.internal.classloader.DefaultClassLoaderFactory                       : loaded 2 times (x 82B)
Class kotlin.collections.AbstractList$Companion                                       : loaded 2 times (x 71B)
Class org.gradle.internal.classloader.ClassLoaderVisitor                              : loaded 2 times (x 76B)
Class org.gradle.api.internal.classpath.EffectiveClassPath                            : loaded 2 times (x 90B)
Class org.gradle.tooling.internal.gradle.DefaultProjectIdentifier                     : loaded 2 times (x 86B)
Class org.gradle.api.internal.DefaultClassPathProvider                                : loaded 2 times (x 76B)
Class [Lorg.gradle.api.internal.ClassPathProvider;                                    : loaded 2 times (x 69B)
Class org.gradle.api.internal.ClassPathProvider                                       : loaded 2 times (x 70B)
Class org.gradle.internal.service.UnknownServiceException                             : loaded 2 times (x 83B)
Class org.gradle.internal.classpath.TransformedClassPath                              : loaded 2 times (x 96B)
Class org.gradle.internal.classloader.InstrumentingClassLoader                        : loaded 2 times (x 70B)
Class com.google.common.collect.Iterators$ArrayItr                                    : loaded 2 times (x 97B)
Class kotlin.enums.EnumEntriesList                                                    : loaded 2 times (x 223B)
Class com.google.common.collect.UnmodifiableIterator                                  : loaded 2 times (x 80B)
Class org.gradle.internal.service.ServiceLocator                                      : loaded 2 times (x 70B)
Class com.intellij.gradle.toolingExtension.util.GradleVersionUtil                     : loaded 2 times (x 71B)
Class com.google.common.collect.Iterators$SingletonIterator                           : loaded 2 times (x 81B)
Class org.gradle.tooling.model.UnsupportedMethodException                             : loaded 2 times (x 82B)
Class com.google.common.collect.Iterators                                             : loaded 2 times (x 71B)
Class com.google.common.collect.Lists$StringAsImmutableList                           : loaded 2 times (x 207B)
Class org.gradle.internal.time.DefaultTimer                                           : loaded 2 times (x 80B)
Class org.gradle.internal.classloader.ClasspathUtil$1                                 : loaded 2 times (x 76B)
Class org.gradle.api.internal.classpath.DefaultModuleRegistry$DefaultModule           : loaded 2 times (x 86B)
Class com.google.common.collect.AbstractIterator                                      : loaded 2 times (x 82B)
Class com.google.common.collect.AbstractIndexedListIterator                           : loaded 2 times (x 96B)
Class org.gradle.internal.time.DefaultCountdownTimer                                  : loaded 2 times (x 88B)
Class org.gradle.tooling.internal.gradle.DefaultBuildIdentifier                       : loaded 2 times (x 79B)
Class org.gradle.api.internal.classpath.Module                                        : loaded 2 times (x 70B)
Class sync_studio_tooling1154_9mhs2acmdvu1nxmyg1s6afr3g$_run_closure1                 : loaded 2 times (x 139B)
Class org.gradle.api.internal.classpath.UnknownModuleException                        : loaded 2 times (x 82B)
Class org.gradle.tooling.internal.gradle.GradleProjectIdentity                        : loaded 2 times (x 70B)
Class org.gradle.api.internal.DefaultClassPathRegistry                                : loaded 2 times (x 76B)
Class org.gradle.api.internal.ClassPathRegistry                                       : loaded 2 times (x 70B)
Class org.gradle.internal.classpath.DefaultClassPath$ImmutableUniqueList              : loaded 2 times (x 199B)
Class com.google.common.collect.UnmodifiableListIterator                              : loaded 2 times (x 95B)
Class Settings_gradle$1                                                               : loaded 2 times (x 74B)
Class org.gradle.api.internal.classpath.ManifestUtil                                  : loaded 2 times (x 71B)
Class com.google.common.collect.Iterators$1                                           : loaded 2 times (x 81B)
Class org.gradle.tooling.model.Model                                                  : loaded 2 times (x 70B)
Class kotlin.UninitializedPropertyAccessException                                     : loaded 2 times (x 82B)
Class com.google.common.collect.Iterators$4                                           : loaded 2 times (x 82B)
Class ijInit1_583rg5s0srppob1w8gtbg54mn                                               : loaded 2 times (x 171B)
Class org.gradle.api.internal.classpath.ModuleRegistry                                : loaded 2 times (x 70B)
Class org.gradle.internal.installation.GradleInstallation$1                           : loaded 2 times (x 75B)
Class com.google.common.collect.Iterators$5                                           : loaded 2 times (x 82B)
Class com.google.common.collect.ImmutableCollection                                   : loaded 2 times (x 125B)
Class org.gradle.api.internal.classpath.DefaultModuleRegistry                         : loaded 2 times (x 86B)
Class com.google.common.collect.Lists                                                 : loaded 2 times (x 71B)
Class com.google.common.collect.Iterators$9                                           : loaded 2 times (x 81B)
Class org.gradle.internal.time.MonotonicClock                                         : loaded 2 times (x 77B)
Class org.gradle.internal.service.ServiceLookupException                              : loaded 2 times (x 82B)
Class org.gradle.internal.classloader.ClassLoaderFactory                              : loaded 2 times (x 70B)
Class org.gradle.internal.service.CachingServiceLocator                               : loaded 2 times (x 82B)
Class org.gradle.internal.time.TimeSource                                             : loaded 2 times (x 70B)
Class org.gradle.tooling.internal.gradle.GradleBuildIdentity                          : loaded 2 times (x 70B)
Class kotlin.enums.EnumEntries                                                        : loaded 2 times (x 70B)
Class ijInit1_583rg5s0srppob1w8gtbg54mn$_run_closure1                                 : loaded 2 times (x 140B)
Class org.gradle.internal.exceptions.ResolutionProvider                               : loaded 2 times (x 70B)
Class org.gradle.tooling.model.ProjectIdentifier                                      : loaded 2 times (x 70B)
Class org.gradle.internal.classloader.ClasspathUtil                                   : loaded 2 times (x 71B)
Class org.gradle.internal.time.TimeSource$1                                           : loaded 2 times (x 77B)
Class kotlin.jvm.internal.DefaultConstructorMarker                                    : loaded 2 times (x 71B)
Class org.gradle.api.specs.Spec                                                       : loaded 2 times (x 70B)
Class com.intellij.gradle.toolingExtension.impl.model.utilDummyModel.DummyModel       : loaded 2 times (x 70B)
Class org.gradle.internal.time.Clock                                                  : loaded 2 times (x 70B)
Class kotlin.collections.AbstractList                                                 : loaded 2 times (x 197B)
Class kotlin.collections.AbstractCollection                                           : loaded 2 times (x 117B)
Class org.gradle.internal.classloader.VisitableURLClassLoader$InstrumentingVisitableURLClassLoader: loaded 2 times (x 123B)
Class org.gradle.internal.classloader.VisitableURLClassLoader$Spec                    : loaded 2 times (x 74B)
Class org.gradle.internal.classpath.DefaultClassPath                                  : loaded 2 times (x 90B)
Class org.gradle.util.internal.DefaultGradleVersion                                   : loaded 2 times (x 82B)
Class org.gradle.internal.classloader.ClassLoaderSpec                                 : loaded 2 times (x 71B)
Class Settings_gradle$1$1                                                             : loaded 2 times (x 74B)
Class org.gradle.internal.classloader.VisitableURLClassLoader                         : loaded 2 times (x 117B)
Class Settings_gradle                                                                 : loaded 2 times (x 124B)
Class org.gradle.internal.classloader.ClassLoaderHierarchy                            : loaded 2 times (x 70B)
Class org.gradle.internal.classloader.FilteringClassLoader                            : loaded 2 times (x 105B)
Class org.gradle.internal.classpath.DefaultClassPath$ImmutableUniqueList$Builder      : loaded 2 times (x 75B)
Class org.gradle.internal.classpath.ClassPath                                         : loaded 2 times (x 70B)
Class org.gradle.internal.exceptions.NonGradleCauseExceptionsHolder                   : loaded 2 times (x 70B)
Class kotlin.NotImplementedError                                                      : loaded 2 times (x 82B)
Class kotlin.enums.EnumEntriesKt                                                      : loaded 2 times (x 71B)
Class org.gradle.internal.classloader.SystemClassLoaderSpec                           : loaded 2 times (x 71B)
Class org.gradle.internal.exceptions.MultiCauseException                              : loaded 2 times (x 70B)
Class org.gradle.internal.time.CountdownTimer                                         : loaded 2 times (x 70B)
Class kotlin.jvm.internal.Intrinsics                                                  : loaded 2 times (x 71B)
Class org.gradle.tooling.model.ProjectModel                                           : loaded 2 times (x 70B)
Class kotlin.KotlinNullPointerException                                               : loaded 2 times (x 83B)
Class org.gradle.internal.exceptions.DefaultMultiCauseException                       : loaded 2 times (x 95B)
Class com.google.common.base.Preconditions                                            : loaded 2 times (x 71B)
Class com.google.common.collect.PeekingIterator                                       : loaded 2 times (x 70B)
Class org.gradle.internal.time.Time                                                   : loaded 2 times (x 71B)
Class org.gradle.api.internal.classpath.GlobalCacheRootsProvider                      : loaded 2 times (x 70B)
Class org.gradle.tooling.model.BuildIdentifier                                        : loaded 2 times (x 70B)
Class kotlin.NoWhenBranchMatchedException                                             : loaded 2 times (x 82B)
Class org.gradle.internal.time.Timer                                                  : loaded 2 times (x 70B)
Class kotlin.jvm.internal.markers.KMappedMarker                                       : loaded 2 times (x 70B)
Class org.gradle.internal.installation.CurrentGradleInstallationLocator               : loaded 2 times (x 71B)
Class com.google.common.collect.ImmutableList                                         : loaded 2 times (x 206B)
Class sync_studio_tooling1154_9mhs2acmdvu1nxmyg1s6afr3g                               : loaded 2 times (x 171B)
Class org.gradle.internal.service.DefaultServiceLocator                               : loaded 2 times (x 83B)
Class org.gradle.util.GradleVersion                                                   : loaded 2 times (x 81B)
Class org.gradle.internal.installation.CurrentGradleInstallation                      : loaded 2 times (x 73B)
Class org.gradle.util.internal.GUtil                                                  : loaded 2 times (x 71B)
Class com.google.common.collect.Iterators$MergingIterator                             : loaded 2 times (x 81B)
Class org.gradle.internal.installation.GradleInstallation                             : loaded 2 times (x 75B)

---------------  S Y S T E M  ---------------

OS:
 Windows 11 , 64 bit Build 26100 (10.0.26100.7920)
OS uptime: 0 days 9:29 hours
Hyper-V role detected

CPU: total 8 (initial active 8) (4 cores per cpu, 2 threads per core) family 6 model 142 stepping 12 microcode 0x100, cx8, cmov, fxsr, ht, mmx, 3dnowpref, sse, sse2, sse3, ssse3, sse4.1, sse4.2, popcnt, lzcnt, tsc, tscinvbit, avx, avx2, aes, erms, clmul, bmi1, bmi2, adx, fma, vzeroupper, clflush, clflushopt, hv, rdtscp, f16c
Processor Information for the first 8 processors :
  Max Mhz: 1800, Current Mhz: 1600, Mhz Limit: 1584

Memory: 4k page, system-wide physical 7998M (592M free)
TotalPageFile size 23140M (AvailPageFile size 16M)
current process WorkingSet (physical memory assigned to process): 342M, peak: 344M
current process commit charge ("private bytes"): 387M, peak: 404M

vm_info: OpenJDK 64-Bit Server VM (21.0.9+-14787801-b1163.94) for windows-amd64 JRE (21.0.9+-14787801-b1163.94), built on 2026-01-27T21:15:44Z by "builder" with MS VC++ 16.10 / 16.11 (VS2019)

END.
