#
# There is insufficient memory for the Java Runtime Environment to continue.
# Native memory allocation (mmap) failed to map 15728640 bytes. Error detail: G1 virtual space
# Possible reasons:
#   The system is out of physical RAM or swap space
#   This process is running with CompressedOops enabled, and the Java Heap may be blocking the growth of the native heap
# Possible solutions:
#   Reduce memory load on the system
#   Increase physical memory or swap space
#   Check if swap backing store is full
#   Decrease Java heap size (-Xmx/-Xms)
#   Decrease number of Java threads
#   Decrease Java thread stack sizes (-Xss)
#   Set larger code cache with -XX:ReservedCodeCacheSize=
#   JVM is running with Unscaled Compressed Oops mode in which the Java heap is
#     placed in the first 4GB address space. The Java Heap base address is the
#     maximum limit for the native heap growth. Please use -XX:HeapBaseMinAddress
#     to set the Java Heap base and to place the Java Heap above 4GB virtual address.
# This output file may be truncated or incomplete.
#
#  Out of Memory Error (os_windows.cpp:3925), pid=3368, tid=10200
#
# JRE version: OpenJDK Runtime Environment (21.0.9) (build 21.0.9+-14787801-b1163.94)
# Java VM: OpenJDK 64-Bit Server VM (21.0.9+-14787801-b1163.94, mixed mode, tiered, compressed oops, compressed class ptrs, g1 gc, windows-amd64)
# No core dump will be written. Minidumps are not enabled by default on client versions of Windows
#

---------------  S U M M A R Y ------------

Command Line: --add-opens=java.base/java.lang=ALL-UNNAMED --add-opens=java.base/java.lang.invoke=ALL-UNNAMED --add-opens=java.base/java.util=ALL-UNNAMED --add-opens=java.prefs/java.util.prefs=ALL-UNNAMED --add-exports=jdk.compiler/com.sun.tools.javac.api=ALL-UNNAMED --add-exports=jdk.compiler/com.sun.tools.javac.util=ALL-UNNAMED --add-opens=java.base/java.util=ALL-UNNAMED --add-opens=java.prefs/java.util.prefs=ALL-UNNAMED --add-opens=java.base/java.nio.charset=ALL-UNNAMED --add-opens=java.base/java.net=ALL-UNNAMED --add-opens=java.base/java.util.concurrent=ALL-UNNAMED --add-opens=java.base/java.util.concurrent.atomic=ALL-UNNAMED --add-opens=java.xml/javax.xml.namespace=ALL-UNNAMED --add-opens=java.base/java.time=ALL-UNNAMED -Xmx2048m -Dfile.encoding=UTF-8 -Duser.country=US -Duser.language=en -Duser.variant -javaagent:C:\Users\HP\.gradle\wrapper\dists\gradle-9.3.1-bin\23ovyewtku6u96viwx3xl3oks\gradle-9.3.1\lib\agents\gradle-instrumentation-agent-9.3.1.jar org.gradle.launcher.daemon.bootstrap.GradleDaemon 9.3.1

Host: Intel(R) Core(TM) i5-8265U CPU @ 1.60GHz, 8 cores, 7G,  Windows 11 , 64 bit Build 26100 (10.0.26100.7920)
Time: Tue Apr  7 20:31:12 2026 Central America Standard Time elapsed time: 31.678677 seconds (0d 0h 0m 31s)

---------------  T H R E A D  ---------------

Current thread (0x000001f4650cbdf0):  VMThread "VM Thread"          [id=10200, stack(0x00000063d9f00000,0x00000063da000000) (1024K)]

Stack: [0x00000063d9f00000,0x00000063da000000]
Native frames: (J=compiled Java code, j=interpreted, Vv=VM code, C=native code)
V  [jvm.dll+0x6d6c99]
V  [jvm.dll+0x866b83]
V  [jvm.dll+0x8691ae]
V  [jvm.dll+0x869893]
V  [jvm.dll+0x280776]
V  [jvm.dll+0x6d3555]
V  [jvm.dll+0x6c6bea]
V  [jvm.dll+0x3587fb]
V  [jvm.dll+0x360476]
V  [jvm.dll+0x3b2646]
V  [jvm.dll+0x3b2918]
V  [jvm.dll+0x32af0c]
V  [jvm.dll+0x32d916]
V  [jvm.dll+0x3377ed]
V  [jvm.dll+0x36ef55]
V  [jvm.dll+0x86f618]
V  [jvm.dll+0x870994]
V  [jvm.dll+0x870ed0]
V  [jvm.dll+0x871163]
V  [jvm.dll+0x80f118]
V  [jvm.dll+0x6d54ed]
C  [ucrtbase.dll+0x37b0]
C  [KERNEL32.DLL+0x2e8d7]
C  [ntdll.dll+0x8c48c]

VM_Operation (0x00000063d9aff9c0): G1PauseRemark, mode: safepoint, requested by thread 0x000001f44da236e0


---------------  P R O C E S S  ---------------

Threads class SMR info:
_java_thread_list=0x000001f46f90d8a0, length=62, elements={
0x000001f44d9b7540, 0x000001f46526e0d0, 0x000001f46526ef50, 0x000001f4652719c0,
0x000001f465292dd0, 0x000001f46529cf00, 0x000001f4652a5970, 0x000001f4652a63d0,
0x000001f4652a7160, 0x000001f4652ac110, 0x000001f46564d430, 0x000001f46b767020,
0x000001f46c197a10, 0x000001f465697680, 0x000001f46bff87e0, 0x000001f46b516580,
0x000001f465c40310, 0x000001f46b25c290, 0x000001f46b25a850, 0x000001f46b25a1c0,
0x000001f46b25c920, 0x000001f46b25cfb0, 0x000001f46b25aee0, 0x000001f46b25b570,
0x000001f46e4e5c40, 0x000001f46e4e83a0, 0x000001f46e4e7d10, 0x000001f46e4e6960,
0x000001f46e4e62d0, 0x000001f46e4e6ff0, 0x000001f46e4e7680, 0x000001f46e4e4f20,
0x000001f46c2acfa0, 0x000001f46c2ad630, 0x000001f46c2aa1b0, 0x000001f46c2adcc0,
0x000001f46c2abbf0, 0x000001f46c2aa840, 0x000001f46c2ae350, 0x000001f46c2ac280,
0x000001f46c2ae9e0, 0x000001f46c2ac910, 0x000001f46c2af700, 0x000001f46c2b0ab0,
0x000001f46c2afd90, 0x000001f46c2b17d0, 0x000001f46c2b0420, 0x000001f46c2af070,
0x000001f46c2b1140, 0x000001f46c20e0e0, 0x000001f46c20f490, 0x000001f46c20c010,
0x000001f46c20fb20, 0x000001f46c20c6a0, 0x000001f46c20cd30, 0x000001f46c2101b0,
0x000001f46c210840, 0x000001f46c20da50, 0x000001f46c20d3c0, 0x000001f46c211560,
0x000001f46c210ed0, 0x000001f46c02bbc0
}

Java Threads: ( => current thread )
  0x000001f44d9b7540 JavaThread "main"                              [_thread_blocked, id=5932, stack(0x00000063d9800000,0x00000063d9900000) (1024K)]
  0x000001f46526e0d0 JavaThread "Common-Cleaner"             daemon [_thread_blocked, id=5968, stack(0x00000063da000000,0x00000063da100000) (1024K)]
  0x000001f46526ef50 JavaThread "Reference Handler"          daemon [_thread_blocked, id=9796, stack(0x00000063da100000,0x00000063da200000) (1024K)]
  0x000001f4652719c0 JavaThread "Finalizer"                  daemon [_thread_blocked, id=6236, stack(0x00000063da200000,0x00000063da300000) (1024K)]
  0x000001f465292dd0 JavaThread "Signal Dispatcher"          daemon [_thread_blocked, id=948, stack(0x00000063da300000,0x00000063da400000) (1024K)]
  0x000001f46529cf00 JavaThread "Attach Listener"            daemon [_thread_blocked, id=12512, stack(0x00000063da400000,0x00000063da500000) (1024K)]
  0x000001f4652a5970 JavaThread "Service Thread"             daemon [_thread_blocked, id=7388, stack(0x00000063da500000,0x00000063da600000) (1024K)]
  0x000001f4652a63d0 JavaThread "Monitor Deflation Thread"   daemon [_thread_blocked, id=8612, stack(0x00000063da600000,0x00000063da700000) (1024K)]
  0x000001f4652a7160 JavaThread "C2 CompilerThread0"         daemon [_thread_blocked, id=14740, stack(0x00000063da700000,0x00000063da800000) (1024K)]
  0x000001f4652ac110 JavaThread "C1 CompilerThread0"         daemon [_thread_blocked, id=9068, stack(0x00000063da800000,0x00000063da900000) (1024K)]
  0x000001f46564d430 JavaThread "Notification Thread"        daemon [_thread_blocked, id=8636, stack(0x00000063da900000,0x00000063daa00000) (1024K)]
  0x000001f46b767020 JavaThread "Daemon health stats"               [_thread_blocked, id=11940, stack(0x00000063daf00000,0x00000063db000000) (1024K)]
  0x000001f46c197a10 JavaThread "Incoming local TCP Connector on port 50539"        [_thread_in_native, id=8236, stack(0x00000063db000000,0x00000063db100000) (1024K)]
  0x000001f465697680 JavaThread "Daemon periodic checks"            [_thread_blocked, id=9384, stack(0x00000063db100000,0x00000063db200000) (1024K)]
  0x000001f46bff87e0 JavaThread "Daemon"                            [_thread_blocked, id=14676, stack(0x00000063db500000,0x00000063db600000) (1024K)]
  0x000001f46b516580 JavaThread "Handler for socket connection from /127.0.0.1:50539 to /127.0.0.1:50540"        [_thread_in_native, id=1848, stack(0x00000063db600000,0x00000063db700000) (1024K)]
  0x000001f465c40310 JavaThread "Cancel handler"                    [_thread_blocked, id=11716, stack(0x00000063db700000,0x00000063db800000) (1024K)]
  0x000001f46b25c290 JavaThread "Daemon worker"                     [_thread_blocked, id=14252, stack(0x00000063db900000,0x00000063dba00000) (1024K)]
  0x000001f46b25a850 JavaThread "Asynchronous log dispatcher for DefaultDaemonConnection: socket connection from /127.0.0.1:50539 to /127.0.0.1:50540"        [_thread_blocked, id=9816, stack(0x00000063dba00000,0x00000063dbb00000) (1024K)]
  0x000001f46b25a1c0 JavaThread "Stdin handler"                     [_thread_blocked, id=15684, stack(0x00000063dbb00000,0x00000063dbc00000) (1024K)]
  0x000001f46b25c920 JavaThread "Daemon client event forwarder"        [_thread_blocked, id=11356, stack(0x00000063dbc00000,0x00000063dbd00000) (1024K)]
  0x000001f46b25cfb0 JavaThread "Cache worker for journal cache (C:\Users\HP\.gradle\caches\journal-1)"        [_thread_blocked, id=6476, stack(0x00000063daa00000,0x00000063dab00000) (1024K)]
  0x000001f46b25aee0 JavaThread "File lock request listener"        [_thread_in_native, id=3136, stack(0x00000063dbd00000,0x00000063dbe00000) (1024K)]
  0x000001f46b25b570 JavaThread "Cache worker for file hash cache (C:\Users\HP\.gradle\caches\9.3.1\fileHashes)"        [_thread_blocked, id=3744, stack(0x00000063dbf00000,0x00000063dc000000) (1024K)]
  0x000001f46e4e5c40 JavaThread "Cache worker for file hash cache (C:\Users\HP\AndroidStudioProjects\LBNRBible\.gradle\9.3.1\fileHashes)"        [_thread_blocked, id=14008, stack(0x00000063dc000000,0x00000063dc100000) (1024K)]
  0x000001f46e4e83a0 JavaThread "Cache worker for Build Output Cleanup Cache (C:\Users\HP\AndroidStudioProjects\LBNRBible\.gradle\buildOutputCleanup)"        [_thread_blocked, id=9336, stack(0x00000063dc100000,0x00000063dc200000) (1024K)]
  0x000001f46e4e7d10 JavaThread "File watcher server"        daemon [_thread_in_native, id=8816, stack(0x00000063dc200000,0x00000063dc300000) (1024K)]
  0x000001f46e4e6960 JavaThread "File watcher consumer"      daemon [_thread_blocked, id=15720, stack(0x00000063dc300000,0x00000063dc400000) (1024K)]
  0x000001f46e4e62d0 JavaThread "jar transforms"                    [_thread_blocked, id=15532, stack(0x00000063dc400000,0x00000063dc500000) (1024K)]
  0x000001f46e4e6ff0 JavaThread "jar transforms Thread 2"           [_thread_blocked, id=6972, stack(0x00000063dc500000,0x00000063dc600000) (1024K)]
  0x000001f46e4e7680 JavaThread "jar transforms Thread 3"           [_thread_blocked, id=4980, stack(0x00000063dc600000,0x00000063dc700000) (1024K)]
  0x000001f46e4e4f20 JavaThread "jar transforms Thread 4"           [_thread_blocked, id=12716, stack(0x00000063dc700000,0x00000063dc800000) (1024K)]
  0x000001f46c2acfa0 JavaThread "jar transforms Thread 5"           [_thread_blocked, id=9092, stack(0x00000063dc800000,0x00000063dc900000) (1024K)]
  0x000001f46c2ad630 JavaThread "jar transforms Thread 6"           [_thread_blocked, id=11060, stack(0x00000063dc900000,0x00000063dca00000) (1024K)]
  0x000001f46c2aa1b0 JavaThread "jar transforms Thread 7"           [_thread_blocked, id=3468, stack(0x00000063dca00000,0x00000063dcb00000) (1024K)]
  0x000001f46c2adcc0 JavaThread "jar transforms Thread 8"           [_thread_blocked, id=15212, stack(0x00000063dcb00000,0x00000063dcc00000) (1024K)]
  0x000001f46c2abbf0 JavaThread "Cache worker for checksums cache (C:\Users\HP\AndroidStudioProjects\LBNRBible\.gradle\9.3.1\checksums)"        [_thread_blocked, id=6388, stack(0x00000063dcc00000,0x00000063dcd00000) (1024K)]
  0x000001f46c2aa840 JavaThread "Cache worker for file content cache (C:\Users\HP\.gradle\caches\9.3.1\fileContent)"        [_thread_blocked, id=10560, stack(0x00000063dcd00000,0x00000063dce00000) (1024K)]
  0x000001f46c2ae350 JavaThread "Cache worker for cache directory md-supplier (C:\Users\HP\.gradle\caches\9.3.1\md-supplier)"        [_thread_blocked, id=2640, stack(0x00000063dce00000,0x00000063dcf00000) (1024K)]
  0x000001f46c2ac280 JavaThread "Cache worker for cache directory md-rule (C:\Users\HP\.gradle\caches\9.3.1\md-rule)"        [_thread_blocked, id=2844, stack(0x00000063dcf00000,0x00000063dd000000) (1024K)]
  0x000001f46c2ae9e0 JavaThread "Unconstrained build operations"        [_thread_blocked, id=15772, stack(0x00000063dd000000,0x00000063dd100000) (1024K)]
  0x000001f46c2ac910 JavaThread "Unconstrained build operations Thread 2"        [_thread_blocked, id=10920, stack(0x00000063dd100000,0x00000063dd200000) (1024K)]
  0x000001f46c2af700 JavaThread "Unconstrained build operations Thread 3"        [_thread_blocked, id=15144, stack(0x00000063dd200000,0x00000063dd300000) (1024K)]
  0x000001f46c2b0ab0 JavaThread "Unconstrained build operations Thread 4"        [_thread_blocked, id=5156, stack(0x00000063dd300000,0x00000063dd400000) (1024K)]
  0x000001f46c2afd90 JavaThread "Unconstrained build operations Thread 5"        [_thread_blocked, id=7292, stack(0x00000063dd400000,0x00000063dd500000) (1024K)]
  0x000001f46c2b17d0 JavaThread "Unconstrained build operations Thread 6"        [_thread_blocked, id=14840, stack(0x00000063dd500000,0x00000063dd600000) (1024K)]
  0x000001f46c2b0420 JavaThread "Unconstrained build operations Thread 7"        [_thread_blocked, id=6252, stack(0x00000063dd600000,0x00000063dd700000) (1024K)]
  0x000001f46c2af070 JavaThread "Unconstrained build operations Thread 8"        [_thread_blocked, id=6296, stack(0x00000063dd700000,0x00000063dd800000) (1024K)]
  0x000001f46c2b1140 JavaThread "Unconstrained build operations Thread 9"        [_thread_blocked, id=15088, stack(0x00000063dd800000,0x00000063dd900000) (1024K)]
  0x000001f46c20e0e0 JavaThread "Unconstrained build operations Thread 10"        [_thread_blocked, id=5408, stack(0x00000063dd900000,0x00000063dda00000) (1024K)]
  0x000001f46c20f490 JavaThread "Unconstrained build operations Thread 11"        [_thread_blocked, id=14440, stack(0x00000063dda00000,0x00000063ddb00000) (1024K)]
  0x000001f46c20c010 JavaThread "Unconstrained build operations Thread 12"        [_thread_blocked, id=15828, stack(0x00000063ddb00000,0x00000063ddc00000) (1024K)]
  0x000001f46c20fb20 JavaThread "Unconstrained build operations Thread 13"        [_thread_blocked, id=9864, stack(0x00000063ddc00000,0x00000063ddd00000) (1024K)]
  0x000001f46c20c6a0 JavaThread "Unconstrained build operations Thread 14"        [_thread_blocked, id=13500, stack(0x00000063ddd00000,0x00000063dde00000) (1024K)]
  0x000001f46c20cd30 JavaThread "Unconstrained build operations Thread 15"        [_thread_blocked, id=15480, stack(0x00000063dde00000,0x00000063ddf00000) (1024K)]
  0x000001f46c2101b0 JavaThread "Unconstrained build operations Thread 16"        [_thread_blocked, id=6896, stack(0x00000063ddf00000,0x00000063de000000) (1024K)]
  0x000001f46c210840 JavaThread "Unconstrained build operations Thread 17"        [_thread_blocked, id=12336, stack(0x00000063de000000,0x00000063de100000) (1024K)]
  0x000001f46c20da50 JavaThread "Unconstrained build operations Thread 18"        [_thread_blocked, id=6700, stack(0x00000063de100000,0x00000063de200000) (1024K)]
  0x000001f46c20d3c0 JavaThread "Unconstrained build operations Thread 19"        [_thread_blocked, id=6592, stack(0x00000063de200000,0x00000063de300000) (1024K)]
  0x000001f46c211560 JavaThread "Unconstrained build operations Thread 20"        [_thread_blocked, id=13348, stack(0x00000063de300000,0x00000063de400000) (1024K)]
  0x000001f46c210ed0 JavaThread "Unconstrained build operations Thread 21"        [_thread_blocked, id=9556, stack(0x00000063de400000,0x00000063de500000) (1024K)]
  0x000001f46c02bbc0 JavaThread "C2 CompilerThread1"         daemon [_thread_blocked, id=13544, stack(0x00000063dbe00000,0x00000063dbf00000) (1024K)]
Total: 62

Other Threads:
=>0x000001f4650cbdf0 VMThread "VM Thread"                           [id=10200, stack(0x00000063d9f00000,0x00000063da000000) (1024K)]
  0x000001f465066430 WatcherThread "VM Periodic Task Thread"        [id=11636, stack(0x00000063d9e00000,0x00000063d9f00000) (1024K)]
  0x000001f44da118c0 WorkerThread "GC Thread#0"                     [id=14984, stack(0x00000063d9900000,0x00000063d9a00000) (1024K)]
  0x000001f465ab7ce0 WorkerThread "GC Thread#1"                     [id=15664, stack(0x00000063dab00000,0x00000063dac00000) (1024K)]
  0x000001f465ab8080 WorkerThread "GC Thread#2"                     [id=8756, stack(0x00000063dac00000,0x00000063dad00000) (1024K)]
  0x000001f46a53d040 WorkerThread "GC Thread#3"                     [id=16044, stack(0x00000063dad00000,0x00000063dae00000) (1024K)]
  0x000001f46a4dc090 WorkerThread "GC Thread#4"                     [id=7136, stack(0x00000063dae00000,0x00000063daf00000) (1024K)]
  0x000001f46c1444e0 WorkerThread "GC Thread#5"                     [id=2880, stack(0x00000063db200000,0x00000063db300000) (1024K)]
  0x000001f46c144fc0 WorkerThread "GC Thread#6"                     [id=15764, stack(0x00000063db300000,0x00000063db400000) (1024K)]
  0x000001f46c144140 WorkerThread "GC Thread#7"                     [id=5744, stack(0x00000063db400000,0x00000063db500000) (1024K)]
  0x000001f44da236e0 ConcurrentGCThread "G1 Main Marker"            [id=11548, stack(0x00000063d9a00000,0x00000063d9b00000) (1024K)]
  0x000001f44da241e0 WorkerThread "G1 Conc#0"                       [id=6780, stack(0x00000063d9b00000,0x00000063d9c00000) (1024K)]
  0x000001f46c145360 WorkerThread "G1 Conc#1"                       [id=3900, stack(0x00000063db800000,0x00000063db900000) (1024K)]
  0x000001f464f385b0 ConcurrentGCThread "G1 Refine#0"               [id=13004, stack(0x00000063d9c00000,0x00000063d9d00000) (1024K)]
  0x000001f464f39030 ConcurrentGCThread "G1 Service"                [id=6468, stack(0x00000063d9d00000,0x00000063d9e00000) (1024K)]
Total: 15

Threads with active compile tasks:
C2 CompilerThread0  31725 8704   !   4       org.jetbrains.kotlin.metadata.ProtoBuf$Type::<init> (875 bytes)
C1 CompilerThread0  31725 8777       3       org.jetbrains.kotlin.cli.jvm.compiler.jarfs.ZipImplementationKt::contentsToByteArray$lambda$0 (206 bytes)
C2 CompilerThread1  31725 8730   !   4       org.jetbrains.kotlin.metadata.ProtoBuf$Type$Argument::<init> (401 bytes)
Total: 3

VM state: at safepoint (normal execution)

VM Mutex/Monitor currently owned by a thread:  ([mutex/lock_event])
[0x00007ff984c48690] Threads_lock - owner thread: 0x000001f4650cbdf0
[0x00007ff984c48790] Heap_lock - owner thread: 0x000001f44da236e0

Heap address: 0x0000000080000000, size: 2048 MB, Compressed Oops mode: 32-bit

CDS archive(s) not mapped
Compressed class space mapped at: 0x0000000100000000-0x0000000140000000, reserved size: 1073741824
Narrow klass base: 0x0000000000000000, Narrow klass shift: 3, Narrow klass range: 0x140000000

GC Precious Log:
 CardTable entry size: 512
 Card Set container configuration: InlinePtr #cards 5 size 8 Array Of Cards #cards 12 size 40 Howl #buckets 4 coarsen threshold 1843 Howl Bitmap #cards 512 size 80 coarsen threshold 460 Card regions per heap region 1 cards per card region 2048
 CPUs: 8 total, 8 available
 Memory: 7998M
 Large Page Support: Disabled
 NUMA Support: Disabled
 Compressed Oops: Enabled (32-bit)
 Heap Region Size: 1M
 Heap Min Capacity: 8M
 Heap Initial Capacity: 126M
 Heap Max Capacity: 2G
 Pre-touch: Disabled
 Parallel Workers: 8
 Concurrent Workers: 2
 Concurrent Refinement Workers: 8
 Periodic GC: Disabled

Heap:
 garbage-first heap   total 176128K, used 135467K [0x0000000080000000, 0x0000000100000000)
  region size 1024K, 28 young (28672K), 6 survivors (6144K)
 Metaspace       used 116392K, committed 118400K, reserved 1179648K
  class space    used 16008K, committed 16960K, reserved 1048576K

Heap Regions: E=young(eden), S=young(survivor), O=old, HS=humongous(starts), HC=humongous(continues), CS=collection set, F=free, TAMS=top-at-mark-start, PB=parsable bottom
|   0|0x0000000080000000, 0x0000000080100000, 0x0000000080100000|100%|HS|  |TAMS 0x0000000080100000| PB 0x0000000080000000| Complete 
|   1|0x0000000080100000, 0x0000000080200000, 0x0000000080200000|100%|HC|  |TAMS 0x0000000080200000| PB 0x0000000080100000| Complete 
|   2|0x0000000080200000, 0x0000000080300000, 0x0000000080300000|100%|HC|  |TAMS 0x0000000080300000| PB 0x0000000080200000| Complete 
|   3|0x0000000080300000, 0x0000000080400000, 0x0000000080400000|100%|HC|  |TAMS 0x0000000080400000| PB 0x0000000080300000| Complete 
|   4|0x0000000080400000, 0x0000000080500000, 0x0000000080500000|100%| O|  |TAMS 0x0000000080500000| PB 0x0000000080500000| Untracked 
|   5|0x0000000080500000, 0x0000000080600000, 0x0000000080600000|100%| O|  |TAMS 0x0000000080600000| PB 0x0000000080600000| Untracked 
|   6|0x0000000080600000, 0x0000000080700000, 0x0000000080700000|100%|HS|  |TAMS 0x0000000080700000| PB 0x0000000080600000| Complete 
|   7|0x0000000080700000, 0x0000000080800000, 0x0000000080800000|100%| O|  |TAMS 0x0000000080800000| PB 0x0000000080800000| Updating 
|   8|0x0000000080800000, 0x0000000080900000, 0x0000000080900000|100%| O|  |TAMS 0x0000000080900000| PB 0x0000000080900000| Untracked 
|   9|0x0000000080900000, 0x0000000080a00000, 0x0000000080a00000|100%| O|  |TAMS 0x0000000080a00000| PB 0x0000000080a00000| Untracked 
|  10|0x0000000080a00000, 0x0000000080b00000, 0x0000000080b00000|100%| O|  |TAMS 0x0000000080b00000| PB 0x0000000080b00000| Untracked 
|  11|0x0000000080b00000, 0x0000000080c00000, 0x0000000080c00000|100%| O|  |TAMS 0x0000000080c00000| PB 0x0000000080c00000| Untracked 
|  12|0x0000000080c00000, 0x0000000080d00000, 0x0000000080d00000|100%| O|  |TAMS 0x0000000080d00000| PB 0x0000000080d00000| Untracked 
|  13|0x0000000080d00000, 0x0000000080e00000, 0x0000000080e00000|100%| O|  |TAMS 0x0000000080e00000| PB 0x0000000080e00000| Untracked 
|  14|0x0000000080e00000, 0x0000000080f00000, 0x0000000080f00000|100%| O|  |TAMS 0x0000000080f00000| PB 0x0000000080f00000| Untracked 
|  15|0x0000000080f00000, 0x0000000081000000, 0x0000000081000000|100%| O|  |TAMS 0x0000000081000000| PB 0x0000000081000000| Untracked 
|  16|0x0000000081000000, 0x0000000081100000, 0x0000000081100000|100%| O|  |TAMS 0x0000000081100000| PB 0x0000000081100000| Untracked 
|  17|0x0000000081100000, 0x0000000081200000, 0x0000000081200000|100%| O|  |TAMS 0x0000000081200000| PB 0x0000000081200000| Untracked 
|  18|0x0000000081200000, 0x0000000081300000, 0x0000000081300000|100%| O|  |TAMS 0x0000000081300000| PB 0x0000000081300000| Untracked 
|  19|0x0000000081300000, 0x0000000081400000, 0x0000000081400000|100%| O|  |TAMS 0x0000000081400000| PB 0x0000000081400000| Untracked 
|  20|0x0000000081400000, 0x0000000081500000, 0x0000000081500000|100%| O|  |TAMS 0x0000000081500000| PB 0x0000000081500000| Untracked 
|  21|0x0000000081500000, 0x0000000081600000, 0x0000000081600000|100%| O|  |TAMS 0x0000000081600000| PB 0x0000000081600000| Updating 
|  22|0x0000000081600000, 0x0000000081700000, 0x0000000081700000|100%| O|  |TAMS 0x0000000081700000| PB 0x0000000081700000| Updating 
|  23|0x0000000081700000, 0x0000000081800000, 0x0000000081800000|100%|HS|  |TAMS 0x0000000081800000| PB 0x0000000081700000| Complete 
|  24|0x0000000081800000, 0x0000000081900000, 0x0000000081900000|100%|HC|  |TAMS 0x0000000081900000| PB 0x0000000081800000| Complete 
|  25|0x0000000081900000, 0x0000000081a00000, 0x0000000081a00000|100%|HC|  |TAMS 0x0000000081a00000| PB 0x0000000081900000| Complete 
|  26|0x0000000081a00000, 0x0000000081b00000, 0x0000000081b00000|100%|HC|  |TAMS 0x0000000081b00000| PB 0x0000000081a00000| Complete 
|  27|0x0000000081b00000, 0x0000000081c00000, 0x0000000081c00000|100%|HC|  |TAMS 0x0000000081c00000| PB 0x0000000081b00000| Complete 
|  28|0x0000000081c00000, 0x0000000081d00000, 0x0000000081d00000|100%|HC|  |TAMS 0x0000000081d00000| PB 0x0000000081c00000| Complete 
|  29|0x0000000081d00000, 0x0000000081e00000, 0x0000000081e00000|100%|HS|  |TAMS 0x0000000081e00000| PB 0x0000000081d00000| Complete 
|  30|0x0000000081e00000, 0x0000000081f00000, 0x0000000081f00000|100%|HC|  |TAMS 0x0000000081f00000| PB 0x0000000081e00000| Complete 
|  31|0x0000000081f00000, 0x0000000082000000, 0x0000000082000000|100%|HS|  |TAMS 0x0000000082000000| PB 0x0000000081f00000| Complete 
|  32|0x0000000082000000, 0x0000000082100000, 0x0000000082100000|100%|HS|  |TAMS 0x0000000082100000| PB 0x0000000082000000| Complete 
|  33|0x0000000082100000, 0x0000000082200000, 0x0000000082200000|100%|HC|  |TAMS 0x0000000082200000| PB 0x0000000082100000| Complete 
|  34|0x0000000082200000, 0x0000000082300000, 0x0000000082300000|100%|HC|  |TAMS 0x0000000082300000| PB 0x0000000082200000| Complete 
|  35|0x0000000082300000, 0x0000000082400000, 0x0000000082400000|100%|HC|  |TAMS 0x0000000082400000| PB 0x0000000082300000| Complete 
|  36|0x0000000082400000, 0x0000000082500000, 0x0000000082500000|100%|HC|  |TAMS 0x0000000082500000| PB 0x0000000082400000| Complete 
|  37|0x0000000082500000, 0x0000000082600000, 0x0000000082600000|100%|HC|  |TAMS 0x0000000082600000| PB 0x0000000082500000| Complete 
|  38|0x0000000082600000, 0x0000000082700000, 0x0000000082700000|100%|HS|  |TAMS 0x0000000082700000| PB 0x0000000082600000| Complete 
|  39|0x0000000082700000, 0x0000000082800000, 0x0000000082800000|100%|HC|  |TAMS 0x0000000082800000| PB 0x0000000082700000| Complete 
|  40|0x0000000082800000, 0x0000000082900000, 0x0000000082900000|100%|HS|  |TAMS 0x0000000082900000| PB 0x0000000082800000| Complete 
|  41|0x0000000082900000, 0x0000000082a00000, 0x0000000082a00000|100%| O|  |TAMS 0x0000000082a00000| PB 0x0000000082a00000| Untracked 
|  42|0x0000000082a00000, 0x0000000082b00000, 0x0000000082b00000|100%| O|  |TAMS 0x0000000082b00000| PB 0x0000000082b00000| Untracked 
|  43|0x0000000082b00000, 0x0000000082c00000, 0x0000000082c00000|100%| O|  |TAMS 0x0000000082c00000| PB 0x0000000082c00000| Untracked 
|  44|0x0000000082c00000, 0x0000000082d00000, 0x0000000082d00000|100%| O|  |TAMS 0x0000000082d00000| PB 0x0000000082d00000| Updating 
|  45|0x0000000082d00000, 0x0000000082e00000, 0x0000000082e00000|100%| O|  |TAMS 0x0000000082e00000| PB 0x0000000082e00000| Untracked 
|  46|0x0000000082e00000, 0x0000000082f00000, 0x0000000082f00000|100%| O|  |TAMS 0x0000000082f00000| PB 0x0000000082f00000| Untracked 
|  47|0x0000000082f00000, 0x0000000083000000, 0x0000000083000000|100%| O|  |TAMS 0x0000000083000000| PB 0x0000000083000000| Untracked 
|  48|0x0000000083000000, 0x0000000083100000, 0x0000000083100000|100%| O|  |TAMS 0x0000000083100000| PB 0x0000000083100000| Updating 
|  49|0x0000000083100000, 0x0000000083200000, 0x0000000083200000|100%| O|  |TAMS 0x0000000083200000| PB 0x0000000083200000| Untracked 
|  50|0x0000000083200000, 0x0000000083300000, 0x0000000083300000|100%| O|  |TAMS 0x0000000083300000| PB 0x0000000083300000| Updating 
|  51|0x0000000083300000, 0x0000000083400000, 0x0000000083400000|100%| O|  |TAMS 0x0000000083400000| PB 0x0000000083400000| Untracked 
|  52|0x0000000083400000, 0x0000000083500000, 0x0000000083500000|100%| O|  |TAMS 0x0000000083500000| PB 0x0000000083500000| Updating 
|  53|0x0000000083500000, 0x0000000083600000, 0x0000000083600000|100%| O|  |TAMS 0x0000000083600000| PB 0x0000000083600000| Updating 
|  54|0x0000000083600000, 0x0000000083700000, 0x0000000083700000|100%| O|  |TAMS 0x0000000083700000| PB 0x0000000083700000| Untracked 
|  55|0x0000000083700000, 0x0000000083800000, 0x0000000083800000|100%|HS|  |TAMS 0x0000000083800000| PB 0x0000000083700000| Complete 
|  56|0x0000000083800000, 0x0000000083900000, 0x0000000083900000|100%|HC|  |TAMS 0x0000000083900000| PB 0x0000000083800000| Complete 
|  57|0x0000000083900000, 0x0000000083a00000, 0x0000000083a00000|100%| O|  |TAMS 0x0000000083a00000| PB 0x0000000083a00000| Untracked 
|  58|0x0000000083a00000, 0x0000000083b00000, 0x0000000083b00000|100%| O|  |TAMS 0x0000000083b00000| PB 0x0000000083b00000| Untracked 
|  59|0x0000000083b00000, 0x0000000083c00000, 0x0000000083c00000|100%| O|  |TAMS 0x0000000083c00000| PB 0x0000000083c00000| Untracked 
|  60|0x0000000083c00000, 0x0000000083d00000, 0x0000000083d00000|100%| O|  |TAMS 0x0000000083d00000| PB 0x0000000083d00000| Untracked 
|  61|0x0000000083d00000, 0x0000000083e00000, 0x0000000083e00000|100%| O|  |TAMS 0x0000000083e00000| PB 0x0000000083e00000| Untracked 
|  62|0x0000000083e00000, 0x0000000083f00000, 0x0000000083f00000|100%| O|  |TAMS 0x0000000083f00000| PB 0x0000000083f00000| Untracked 
|  63|0x0000000083f00000, 0x0000000084000000, 0x0000000084000000|100%| O|  |TAMS 0x0000000084000000| PB 0x0000000084000000| Untracked 
|  64|0x0000000084000000, 0x0000000084100000, 0x0000000084100000|100%| O|  |TAMS 0x0000000084100000| PB 0x0000000084100000| Untracked 
|  65|0x0000000084100000, 0x0000000084200000, 0x0000000084200000|100%| O|  |TAMS 0x0000000084200000| PB 0x0000000084200000| Updating 
|  66|0x0000000084200000, 0x0000000084300000, 0x0000000084300000|100%| O|  |TAMS 0x0000000084300000| PB 0x0000000084300000| Untracked 
|  67|0x0000000084300000, 0x0000000084400000, 0x0000000084400000|100%| O|  |TAMS 0x0000000084400000| PB 0x0000000084400000| Untracked 
|  68|0x0000000084400000, 0x0000000084500000, 0x0000000084500000|100%| O|  |TAMS 0x0000000084500000| PB 0x0000000084500000| Untracked 
|  69|0x0000000084500000, 0x0000000084600000, 0x0000000084600000|100%| O|  |TAMS 0x0000000084600000| PB 0x0000000084600000| Untracked 
|  70|0x0000000084600000, 0x0000000084700000, 0x0000000084700000|100%| O|  |TAMS 0x0000000084700000| PB 0x0000000084700000| Updating 
|  71|0x0000000084700000, 0x0000000084800000, 0x0000000084800000|100%| O|  |TAMS 0x0000000084800000| PB 0x0000000084800000| Updating 
|  72|0x0000000084800000, 0x0000000084900000, 0x0000000084900000|100%| O|  |TAMS 0x0000000084900000| PB 0x0000000084900000| Untracked 
|  73|0x0000000084900000, 0x0000000084a00000, 0x0000000084a00000|100%| O|  |TAMS 0x0000000084a00000| PB 0x0000000084a00000| Untracked 
|  74|0x0000000084a00000, 0x0000000084b00000, 0x0000000084b00000|100%| O|  |TAMS 0x0000000084b00000| PB 0x0000000084b00000| Untracked 
|  75|0x0000000084b00000, 0x0000000084c00000, 0x0000000084c00000|100%| O|  |TAMS 0x0000000084c00000| PB 0x0000000084c00000| Untracked 
|  76|0x0000000084c00000, 0x0000000084d00000, 0x0000000084d00000|100%| O|  |TAMS 0x0000000084d00000| PB 0x0000000084d00000| Untracked 
|  77|0x0000000084d00000, 0x0000000084e00000, 0x0000000084e00000|100%| O|  |TAMS 0x0000000084e00000| PB 0x0000000084e00000| Untracked 
|  78|0x0000000084e00000, 0x0000000084f00000, 0x0000000084f00000|100%| O|  |TAMS 0x0000000084f00000| PB 0x0000000084f00000| Untracked 
|  79|0x0000000084f00000, 0x0000000085000000, 0x0000000085000000|100%| O|  |TAMS 0x0000000085000000| PB 0x0000000085000000| Untracked 
|  80|0x0000000085000000, 0x0000000085100000, 0x0000000085100000|100%| O|  |TAMS 0x0000000085100000| PB 0x0000000085100000| Untracked 
|  81|0x0000000085100000, 0x0000000085200000, 0x0000000085200000|100%| O|  |TAMS 0x0000000085200000| PB 0x0000000085200000| Updating 
|  82|0x0000000085200000, 0x0000000085300000, 0x0000000085300000|100%| O|  |TAMS 0x0000000085300000| PB 0x0000000085300000| Untracked 
|  83|0x0000000085300000, 0x0000000085400000, 0x0000000085400000|100%| O|  |TAMS 0x0000000085400000| PB 0x0000000085400000| Untracked 
|  84|0x0000000085400000, 0x0000000085500000, 0x0000000085500000|100%| O|  |TAMS 0x0000000085500000| PB 0x0000000085500000| Untracked 
|  85|0x0000000085500000, 0x0000000085600000, 0x0000000085600000|100%| O|  |TAMS 0x0000000085600000| PB 0x0000000085600000| Untracked 
|  86|0x0000000085600000, 0x0000000085700000, 0x0000000085700000|100%| O|  |TAMS 0x0000000085700000| PB 0x0000000085700000| Updating 
|  87|0x0000000085700000, 0x0000000085800000, 0x0000000085800000|100%| O|  |TAMS 0x0000000085700000| PB 0x0000000085700000| Untracked 
|  88|0x0000000085800000, 0x0000000085900000, 0x0000000085900000|100%| O|  |TAMS 0x0000000085800000| PB 0x0000000085800000| Untracked 
|  89|0x0000000085900000, 0x0000000085a00000, 0x0000000085a00000|100%| O|  |TAMS 0x0000000085a00000| PB 0x0000000085a00000| Untracked 
|  90|0x0000000085a00000, 0x0000000085b00000, 0x0000000085b00000|100%| O|  |TAMS 0x0000000085b00000| PB 0x0000000085b00000| Untracked 
|  91|0x0000000085b00000, 0x0000000085c00000, 0x0000000085c00000|100%| O|  |TAMS 0x0000000085b4a820| PB 0x0000000085b4a820| Untracked 
|  92|0x0000000085c00000, 0x0000000085c93ba0, 0x0000000085d00000| 57%| O|  |TAMS 0x0000000085c00000| PB 0x0000000085c00000| Updating 
|  93|0x0000000085d00000, 0x0000000085e00000, 0x0000000085e00000|100%|HS|  |TAMS 0x0000000085d00000| PB 0x0000000085d00000| Complete 
|  94|0x0000000085e00000, 0x0000000085e00000, 0x0000000085f00000|  0%| F|  |TAMS 0x0000000085e00000| PB 0x0000000085e00000| Untracked 
|  95|0x0000000085f00000, 0x0000000085f00000, 0x0000000086000000|  0%| F|  |TAMS 0x0000000085f00000| PB 0x0000000085f00000| Untracked 
|  96|0x0000000086000000, 0x0000000086000000, 0x0000000086100000|  0%| F|  |TAMS 0x0000000086000000| PB 0x0000000086000000| Untracked 
|  97|0x0000000086100000, 0x0000000086100000, 0x0000000086200000|  0%| F|  |TAMS 0x0000000086100000| PB 0x0000000086100000| Untracked 
|  98|0x0000000086200000, 0x0000000086200000, 0x0000000086300000|  0%| F|  |TAMS 0x0000000086200000| PB 0x0000000086200000| Untracked 
|  99|0x0000000086300000, 0x0000000086300000, 0x0000000086400000|  0%| F|  |TAMS 0x0000000086300000| PB 0x0000000086300000| Untracked 
| 100|0x0000000086400000, 0x0000000086400000, 0x0000000086500000|  0%| F|  |TAMS 0x0000000086400000| PB 0x0000000086400000| Untracked 
| 101|0x0000000086500000, 0x0000000086500000, 0x0000000086600000|  0%| F|  |TAMS 0x0000000086500000| PB 0x0000000086500000| Untracked 
| 102|0x0000000086600000, 0x0000000086600000, 0x0000000086700000|  0%| F|  |TAMS 0x0000000086600000| PB 0x0000000086600000| Untracked 
| 103|0x0000000086700000, 0x0000000086700000, 0x0000000086800000|  0%| F|  |TAMS 0x0000000086700000| PB 0x0000000086700000| Untracked 
| 104|0x0000000086800000, 0x0000000086800000, 0x0000000086900000|  0%| F|  |TAMS 0x0000000086800000| PB 0x0000000086800000| Untracked 
| 105|0x0000000086900000, 0x0000000086900000, 0x0000000086a00000|  0%| F|  |TAMS 0x0000000086900000| PB 0x0000000086900000| Untracked 
| 106|0x0000000086a00000, 0x0000000086a00000, 0x0000000086b00000|  0%| F|  |TAMS 0x0000000086a00000| PB 0x0000000086a00000| Untracked 
| 107|0x0000000086b00000, 0x0000000086b00000, 0x0000000086c00000|  0%| F|  |TAMS 0x0000000086b00000| PB 0x0000000086b00000| Untracked 
| 108|0x0000000086c00000, 0x0000000086c00000, 0x0000000086d00000|  0%| F|  |TAMS 0x0000000086c00000| PB 0x0000000086c00000| Untracked 
| 109|0x0000000086d00000, 0x0000000086d00000, 0x0000000086e00000|  0%| F|  |TAMS 0x0000000086d00000| PB 0x0000000086d00000| Untracked 
| 110|0x0000000086e00000, 0x0000000086e00000, 0x0000000086f00000|  0%| F|  |TAMS 0x0000000086e00000| PB 0x0000000086e00000| Untracked 
| 111|0x0000000086f00000, 0x0000000086f00000, 0x0000000087000000|  0%| F|  |TAMS 0x0000000086f00000| PB 0x0000000086f00000| Untracked 
| 112|0x0000000087000000, 0x0000000087000000, 0x0000000087100000|  0%| F|  |TAMS 0x0000000087000000| PB 0x0000000087000000| Untracked 
| 113|0x0000000087100000, 0x0000000087100000, 0x0000000087200000|  0%| F|  |TAMS 0x0000000087100000| PB 0x0000000087100000| Untracked 
| 114|0x0000000087200000, 0x0000000087200000, 0x0000000087300000|  0%| F|  |TAMS 0x0000000087200000| PB 0x0000000087200000| Untracked 
| 115|0x0000000087300000, 0x0000000087300000, 0x0000000087400000|  0%| F|  |TAMS 0x0000000087300000| PB 0x0000000087300000| Untracked 
| 116|0x0000000087400000, 0x0000000087400000, 0x0000000087500000|  0%| F|  |TAMS 0x0000000087400000| PB 0x0000000087400000| Untracked 
| 117|0x0000000087500000, 0x0000000087500000, 0x0000000087600000|  0%| F|  |TAMS 0x0000000087500000| PB 0x0000000087500000| Untracked 
| 118|0x0000000087600000, 0x0000000087600000, 0x0000000087700000|  0%| F|  |TAMS 0x0000000087600000| PB 0x0000000087600000| Untracked 
| 119|0x0000000087700000, 0x0000000087700000, 0x0000000087800000|  0%| F|  |TAMS 0x0000000087700000| PB 0x0000000087700000| Untracked 
| 120|0x0000000087800000, 0x0000000087800000, 0x0000000087900000|  0%| F|  |TAMS 0x0000000087800000| PB 0x0000000087800000| Untracked 
| 121|0x0000000087900000, 0x0000000087900000, 0x0000000087a00000|  0%| F|  |TAMS 0x0000000087900000| PB 0x0000000087900000| Untracked 
| 122|0x0000000087a00000, 0x0000000087a00000, 0x0000000087b00000|  0%| F|  |TAMS 0x0000000087a00000| PB 0x0000000087a00000| Untracked 
| 123|0x0000000087b00000, 0x0000000087b00000, 0x0000000087c00000|  0%| F|  |TAMS 0x0000000087b00000| PB 0x0000000087b00000| Untracked 
| 124|0x0000000087c00000, 0x0000000087c00000, 0x0000000087d00000|  0%| F|  |TAMS 0x0000000087c00000| PB 0x0000000087c00000| Untracked 
| 125|0x0000000087d00000, 0x0000000087d00000, 0x0000000087e00000|  0%| F|  |TAMS 0x0000000087d00000| PB 0x0000000087d00000| Untracked 
| 126|0x0000000087e00000, 0x0000000087e00000, 0x0000000087f00000|  0%| F|  |TAMS 0x0000000087e00000| PB 0x0000000087e00000| Untracked 
| 127|0x0000000087f00000, 0x0000000087fb7200, 0x0000000088000000| 71%| S|CS|TAMS 0x0000000087f00000| PB 0x0000000087f00000| Complete 
| 128|0x0000000088000000, 0x0000000088100000, 0x0000000088100000|100%| S|CS|TAMS 0x0000000088000000| PB 0x0000000088000000| Complete 
| 129|0x0000000088100000, 0x0000000088200000, 0x0000000088200000|100%| S|CS|TAMS 0x0000000088100000| PB 0x0000000088100000| Complete 
| 130|0x0000000088200000, 0x0000000088300000, 0x0000000088300000|100%| S|CS|TAMS 0x0000000088200000| PB 0x0000000088200000| Complete 
| 131|0x0000000088300000, 0x0000000088400000, 0x0000000088400000|100%| S|CS|TAMS 0x0000000088300000| PB 0x0000000088300000| Complete 
| 132|0x0000000088400000, 0x0000000088500000, 0x0000000088500000|100%| S|CS|TAMS 0x0000000088400000| PB 0x0000000088400000| Complete 
| 133|0x0000000088500000, 0x0000000088500000, 0x0000000088600000|  0%| F|  |TAMS 0x0000000088500000| PB 0x0000000088500000| Untracked 
| 134|0x0000000088600000, 0x0000000088600000, 0x0000000088700000|  0%| F|  |TAMS 0x0000000088600000| PB 0x0000000088600000| Untracked 
| 135|0x0000000088700000, 0x0000000088700000, 0x0000000088800000|  0%| F|  |TAMS 0x0000000088700000| PB 0x0000000088700000| Untracked 
| 136|0x0000000088800000, 0x0000000088800000, 0x0000000088900000|  0%| F|  |TAMS 0x0000000088800000| PB 0x0000000088800000| Untracked 
| 137|0x0000000088900000, 0x0000000088900000, 0x0000000088a00000|  0%| F|  |TAMS 0x0000000088900000| PB 0x0000000088900000| Untracked 
| 138|0x0000000088a00000, 0x0000000088b00000, 0x0000000088b00000|100%| E|  |TAMS 0x0000000088a00000| PB 0x0000000088a00000| Complete 
| 139|0x0000000088b00000, 0x0000000088c00000, 0x0000000088c00000|100%| E|CS|TAMS 0x0000000088b00000| PB 0x0000000088b00000| Complete 
| 140|0x0000000088c00000, 0x0000000088d00000, 0x0000000088d00000|100%| E|CS|TAMS 0x0000000088c00000| PB 0x0000000088c00000| Complete 
| 141|0x0000000088d00000, 0x0000000088e00000, 0x0000000088e00000|100%| E|CS|TAMS 0x0000000088d00000| PB 0x0000000088d00000| Complete 
| 142|0x0000000088e00000, 0x0000000088f00000, 0x0000000088f00000|100%| E|CS|TAMS 0x0000000088e00000| PB 0x0000000088e00000| Complete 
| 143|0x0000000088f00000, 0x0000000089000000, 0x0000000089000000|100%| E|CS|TAMS 0x0000000088f00000| PB 0x0000000088f00000| Complete 
| 144|0x0000000089000000, 0x0000000089100000, 0x0000000089100000|100%| E|CS|TAMS 0x0000000089000000| PB 0x0000000089000000| Complete 
| 145|0x0000000089100000, 0x0000000089200000, 0x0000000089200000|100%| E|CS|TAMS 0x0000000089100000| PB 0x0000000089100000| Complete 
| 146|0x0000000089200000, 0x0000000089300000, 0x0000000089300000|100%| E|CS|TAMS 0x0000000089200000| PB 0x0000000089200000| Complete 
| 147|0x0000000089300000, 0x0000000089400000, 0x0000000089400000|100%| E|CS|TAMS 0x0000000089300000| PB 0x0000000089300000| Complete 
| 148|0x0000000089400000, 0x0000000089500000, 0x0000000089500000|100%| E|CS|TAMS 0x0000000089400000| PB 0x0000000089400000| Complete 
| 149|0x0000000089500000, 0x0000000089600000, 0x0000000089600000|100%| E|CS|TAMS 0x0000000089500000| PB 0x0000000089500000| Complete 
| 150|0x0000000089600000, 0x0000000089700000, 0x0000000089700000|100%| E|CS|TAMS 0x0000000089600000| PB 0x0000000089600000| Complete 
| 151|0x0000000089700000, 0x0000000089800000, 0x0000000089800000|100%| E|CS|TAMS 0x0000000089700000| PB 0x0000000089700000| Complete 
| 152|0x0000000089800000, 0x0000000089900000, 0x0000000089900000|100%| E|CS|TAMS 0x0000000089800000| PB 0x0000000089800000| Complete 
| 153|0x0000000089900000, 0x0000000089a00000, 0x0000000089a00000|100%| E|CS|TAMS 0x0000000089900000| PB 0x0000000089900000| Complete 
| 154|0x0000000089a00000, 0x0000000089b00000, 0x0000000089b00000|100%| E|CS|TAMS 0x0000000089a00000| PB 0x0000000089a00000| Complete 
| 155|0x0000000089b00000, 0x0000000089c00000, 0x0000000089c00000|100%| E|CS|TAMS 0x0000000089b00000| PB 0x0000000089b00000| Complete 
|2032|0x00000000ff000000, 0x00000000ff100000, 0x00000000ff100000|100%| O|  |TAMS 0x00000000ff100000| PB 0x00000000ff100000| Updating 
|2033|0x00000000ff100000, 0x00000000ff200000, 0x00000000ff200000|100%| E|CS|TAMS 0x00000000ff100000| PB 0x00000000ff100000| Complete 
|2034|0x00000000ff200000, 0x00000000ff300000, 0x00000000ff300000|100%| O|  |TAMS 0x00000000ff300000| PB 0x00000000ff300000| Untracked 
|2035|0x00000000ff300000, 0x00000000ff400000, 0x00000000ff400000|100%| O|  |TAMS 0x00000000ff400000| PB 0x00000000ff400000| Untracked 
|2036|0x00000000ff400000, 0x00000000ff500000, 0x00000000ff500000|100%| O|  |TAMS 0x00000000ff500000| PB 0x00000000ff500000| Untracked 
|2037|0x00000000ff500000, 0x00000000ff600000, 0x00000000ff600000|100%| O|  |TAMS 0x00000000ff600000| PB 0x00000000ff600000| Untracked 
|2038|0x00000000ff600000, 0x00000000ff700000, 0x00000000ff700000|100%| O|  |TAMS 0x00000000ff700000| PB 0x00000000ff700000| Untracked 
|2039|0x00000000ff700000, 0x00000000ff800000, 0x00000000ff800000|100%| O|  |TAMS 0x00000000ff800000| PB 0x00000000ff800000| Untracked 
|2040|0x00000000ff800000, 0x00000000ff900000, 0x00000000ff900000|100%| O|  |TAMS 0x00000000ff900000| PB 0x00000000ff900000| Updating 
|2041|0x00000000ff900000, 0x00000000ffa00000, 0x00000000ffa00000|100%| O|  |TAMS 0x00000000ffa00000| PB 0x00000000ffa00000| Untracked 
|2042|0x00000000ffa00000, 0x00000000ffb00000, 0x00000000ffb00000|100%| O|  |TAMS 0x00000000ffb00000| PB 0x00000000ffb00000| Updating 
|2043|0x00000000ffb00000, 0x00000000ffc00000, 0x00000000ffc00000|100%| E|CS|TAMS 0x00000000ffb00000| PB 0x00000000ffb00000| Complete 
|2044|0x00000000ffc00000, 0x00000000ffd00000, 0x00000000ffd00000|100%| E|CS|TAMS 0x00000000ffc00000| PB 0x00000000ffc00000| Complete 
|2045|0x00000000ffd00000, 0x00000000ffe00000, 0x00000000ffe00000|100%| E|CS|TAMS 0x00000000ffd00000| PB 0x00000000ffd00000| Complete 
|2046|0x00000000ffe00000, 0x00000000fff00000, 0x00000000fff00000|100%| O|  |TAMS 0x00000000fff00000| PB 0x00000000fff00000| Untracked 
|2047|0x00000000fff00000, 0x0000000100000000, 0x0000000100000000|100%| O|  |TAMS 0x0000000100000000| PB 0x0000000100000000| Untracked 

Card table byte_map: [0x000001f460250000,0x000001f460650000] _byte_map_base: 0x000001f45fe50000

Marking Bits: (CMBitMap*) 0x000001f44da11fc0
 Bits: [0x000001f460650000, 0x000001f462650000)

Polling page: 0x000001f44b7c0000

Metaspace:

Usage:
  Non-class:     98.03 MB used.
      Class:     15.63 MB used.
       Both:    113.66 MB used.

Virtual space:
  Non-class space:      128.00 MB reserved,      99.06 MB ( 77%) committed,  2 nodes.
      Class space:        1.00 GB reserved,      16.56 MB (  2%) committed,  1 nodes.
             Both:        1.12 GB reserved,     115.62 MB ( 10%) committed. 

Chunk freelists:
   Non-Class:  12.20 MB
       Class:  15.45 MB
        Both:  27.66 MB

MaxMetaspaceSize: unlimited
CompressedClassSpaceSize: 1.00 GB
Initial GC threshold: 21.00 MB
Current GC threshold: 171.06 MB
CDS: off
 - commit_granule_bytes: 65536.
 - commit_granule_words: 8192.
 - virtual_space_node_default_size: 8388608.
 - enlarge_chunks_in_place: 1.
 - use_allocation_guard: 0.


Internal statistics:

num_allocs_failed_limit: 9.
num_arena_births: 3722.
num_arena_deaths: 0.
num_vsnodes_births: 3.
num_vsnodes_deaths: 0.
num_space_committed: 1850.
num_space_uncommitted: 0.
num_chunks_returned_to_freelist: 9.
num_chunks_taken_from_freelist: 8387.
num_chunk_merges: 6.
num_chunk_splits: 5769.
num_chunks_enlarged: 3971.
num_inconsistent_stats: 0.

CodeHeap 'non-profiled nmethods': size=120000Kb used=4144Kb max_used=4238Kb free=115855Kb
 bounds [0x000001f4585f0000, 0x000001f458a20000, 0x000001f45fb20000]
CodeHeap 'profiled nmethods': size=120000Kb used=13803Kb max_used=14047Kb free=106197Kb
 bounds [0x000001f450b20000, 0x000001f4518e0000, 0x000001f458050000]
CodeHeap 'non-nmethods': size=5760Kb used=2041Kb max_used=2063Kb free=3718Kb
 bounds [0x000001f458050000, 0x000001f4582c0000, 0x000001f4585f0000]
CodeCache: size=245760Kb, used=19988Kb, max_used=20348Kb, free=225770Kb
 total_blobs=8148, nmethods=7230, adapters=822, full_count=0
Compilation: enabled, stopped_count=0, restarted_count=0

Compilation events (20 events):
Event: 30.612 Thread 0x000001f4652ac110 nmethod 8767 0x000001f4518d3510 code [0x000001f4518d3780, 0x000001f4518d3f48]
Event: 30.612 Thread 0x000001f4652ac110 8768       3       org.jetbrains.kotlin.fir.java.FirJavaFacadeKt::access$topLevelName (5 bytes)
Event: 30.613 Thread 0x000001f4652ac110 nmethod 8768 0x000001f4518d4290 code [0x000001f4518d4440, 0x000001f4518d4558]
Event: 30.613 Thread 0x000001f4652ac110 8769       3       org.jetbrains.kotlin.fir.java.FirJavaFacadeKt::topLevelName (14 bytes)
Event: 30.613 Thread 0x000001f4652ac110 nmethod 8769 0x000001f4518d4610 code [0x000001f4518d47e0, 0x000001f4518d4a08]
Event: 30.615 Thread 0x000001f4652ac110 8770       3       org.jetbrains.kotlin.resolve.jvm.JvmClassName::getFqNameForTopLevelClassMaybeWithDollars (19 bytes)
Event: 30.615 Thread 0x000001f4652ac110 nmethod 8770 0x000001f4518d4b90 code [0x000001f4518d4d60, 0x000001f4518d4f58]
Event: 30.620 Thread 0x000001f4652ac110 8771       3       org.jetbrains.kotlin.metadata.deserialization.MetadataVersion::<init> (22 bytes)
Event: 30.621 Thread 0x000001f4652ac110 nmethod 8771 0x000001f4518d5090 code [0x000001f4518d52c0, 0x000001f4518d5900]
Event: 30.624 Thread 0x000001f4652ac110 8772       3       org.jetbrains.kotlin.load.kotlin.FileBasedKotlinClass$3$1::visitEnd (10 bytes)
Event: 30.624 Thread 0x000001f4652ac110 nmethod 8772 0x000001f4518d5b90 code [0x000001f4518d5d40, 0x000001f4518d5f10]
Event: 30.626 Thread 0x000001f4652ac110 8773       3       org.jetbrains.kotlin.load.kotlin.FileBasedKotlinClass$3::visitArray (42 bytes)
Event: 30.627 Thread 0x000001f4652ac110 nmethod 8773 0x000001f4518d6010 code [0x000001f4518d6240, 0x000001f4518d69b8]
Event: 30.627 Thread 0x000001f4652ac110 8774       3       org.jetbrains.kotlin.load.kotlin.FileBasedKotlinClass$3$1::<init> (16 bytes)
Event: 30.627 Thread 0x000001f4652ac110 nmethod 8774 0x000001f4518d6c90 code [0x000001f4518d6e40, 0x000001f4518d70a0]
Event: 30.627 Thread 0x000001f4652ac110 8775       3       org.jetbrains.kotlin.load.kotlin.header.ReadKotlinClassHeaderAnnotationVisitor$CollectStringArrayAnnotationVisitor::visitEnd (21 bytes)
Event: 30.627 Thread 0x000001f4652ac110 nmethod 8775 0x000001f4518d7190 code [0x000001f4518d7360, 0x000001f4518d7768]
Event: 30.627 Thread 0x000001f4652ac110 8776       3       org.jetbrains.kotlin.cli.jvm.compiler.jarfs.ZipImplementationKt$$Lambda/0x0000000100d8c988::invoke (12 bytes)
Event: 30.628 Thread 0x000001f4652ac110 nmethod 8776 0x000001f4518d7890 code [0x000001f4518d7a40, 0x000001f4518d7c58]
Event: 30.628 Thread 0x000001f4652ac110 8777       3       org.jetbrains.kotlin.cli.jvm.compiler.jarfs.ZipImplementationKt::contentsToByteArray$lambda$0 (206 bytes)

GC Heap History (20 events):
Event: 21.310 GC heap before
{Heap before GC invocations=24 (full 0):
 garbage-first heap   total 124928K, used 115748K [0x0000000080000000, 0x0000000100000000)
  region size 1024K, 43 young (44032K), 5 survivors (5120K)
 Metaspace       used 77840K, committed 79680K, reserved 1179648K
  class space    used 11571K, committed 12480K, reserved 1048576K
}
Event: 21.317 GC heap after
{Heap after GC invocations=25 (full 0):
 garbage-first heap   total 124928K, used 78660K [0x0000000080000000, 0x0000000100000000)
  region size 1024K, 4 young (4096K), 4 survivors (4096K)
 Metaspace       used 77840K, committed 79680K, reserved 1179648K
  class space    used 11571K, committed 12480K, reserved 1048576K
}
Event: 22.468 GC heap before
{Heap before GC invocations=26 (full 0):
 garbage-first heap   total 132096K, used 117572K [0x0000000080000000, 0x0000000100000000)
  region size 1024K, 42 young (43008K), 4 survivors (4096K)
 Metaspace       used 83695K, committed 85632K, reserved 1179648K
  class space    used 12301K, committed 13248K, reserved 1048576K
}
Event: 22.472 GC heap after
{Heap after GC invocations=27 (full 0):
 garbage-first heap   total 132096K, used 79432K [0x0000000080000000, 0x0000000100000000)
  region size 1024K, 3 young (3072K), 3 survivors (3072K)
 Metaspace       used 83695K, committed 85632K, reserved 1179648K
  class space    used 12301K, committed 13248K, reserved 1048576K
}
Event: 23.505 GC heap before
{Heap before GC invocations=27 (full 0):
 garbage-first heap   total 132096K, used 124488K [0x0000000080000000, 0x0000000100000000)
  region size 1024K, 47 young (48128K), 3 survivors (3072K)
 Metaspace       used 88555K, committed 90496K, reserved 1179648K
  class space    used 12926K, committed 13888K, reserved 1048576K
}
Event: 23.513 GC heap after
{Heap after GC invocations=28 (full 0):
 garbage-first heap   total 135168K, used 84782K [0x0000000080000000, 0x0000000100000000)
  region size 1024K, 6 young (6144K), 6 survivors (6144K)
 Metaspace       used 88555K, committed 90496K, reserved 1179648K
  class space    used 12926K, committed 13888K, reserved 1048576K
}
Event: 23.792 GC heap before
{Heap before GC invocations=28 (full 0):
 garbage-first heap   total 135168K, used 123694K [0x0000000080000000, 0x0000000100000000)
  region size 1024K, 44 young (45056K), 6 survivors (6144K)
 Metaspace       used 89036K, committed 91072K, reserved 1179648K
  class space    used 12975K, committed 13952K, reserved 1048576K
}
Event: 23.805 GC heap after
{Heap after GC invocations=29 (full 0):
 garbage-first heap   total 143360K, used 97597K [0x0000000080000000, 0x0000000100000000)
  region size 1024K, 6 young (6144K), 6 survivors (6144K)
 Metaspace       used 89036K, committed 91072K, reserved 1179648K
  class space    used 12975K, committed 13952K, reserved 1048576K
}
Event: 24.805 GC heap before
{Heap before GC invocations=30 (full 0):
 garbage-first heap   total 163840K, used 127293K [0x0000000080000000, 0x0000000100000000)
  region size 1024K, 35 young (35840K), 6 survivors (6144K)
 Metaspace       used 93158K, committed 95168K, reserved 1179648K
  class space    used 13418K, committed 14400K, reserved 1048576K
}
Event: 24.813 GC heap after
{Heap after GC invocations=31 (full 0):
 garbage-first heap   total 163840K, used 100566K [0x0000000080000000, 0x0000000100000000)
  region size 1024K, 2 young (2048K), 2 survivors (2048K)
 Metaspace       used 93158K, committed 95168K, reserved 1179648K
  class space    used 13418K, committed 14400K, reserved 1048576K
}
Event: 26.119 GC heap before
{Heap before GC invocations=31 (full 0):
 garbage-first heap   total 163840K, used 143574K [0x0000000080000000, 0x0000000100000000)
  region size 1024K, 44 young (45056K), 2 survivors (2048K)
 Metaspace       used 97363K, committed 99328K, reserved 1179648K
  class space    used 13915K, committed 14848K, reserved 1048576K
}
Event: 26.126 GC heap after
{Heap after GC invocations=32 (full 0):
 garbage-first heap   total 163840K, used 103881K [0x0000000080000000, 0x0000000100000000)
  region size 1024K, 6 young (6144K), 6 survivors (6144K)
 Metaspace       used 97363K, committed 99328K, reserved 1179648K
  class space    used 13915K, committed 14848K, reserved 1048576K
}
Event: 27.241 GC heap before
{Heap before GC invocations=32 (full 0):
 garbage-first heap   total 163840K, used 143817K [0x0000000080000000, 0x0000000100000000)
  region size 1024K, 46 young (47104K), 6 survivors (6144K)
 Metaspace       used 102597K, committed 104576K, reserved 1179648K
  class space    used 14393K, committed 15360K, reserved 1048576K
}
Event: 27.247 GC heap after
{Heap after GC invocations=33 (full 0):
 garbage-first heap   total 163840K, used 105091K [0x0000000080000000, 0x0000000100000000)
  region size 1024K, 1 young (1024K), 1 survivors (1024K)
 Metaspace       used 102597K, committed 104576K, reserved 1179648K
  class space    used 14393K, committed 15360K, reserved 1048576K
}
Event: 28.350 GC heap before
{Heap before GC invocations=34 (full 0):
 garbage-first heap   total 176128K, used 147075K [0x0000000080000000, 0x0000000100000000)
  region size 1024K, 43 young (44032K), 1 survivors (1024K)
 Metaspace       used 107282K, committed 109312K, reserved 1179648K
  class space    used 14910K, committed 15872K, reserved 1048576K
}
Event: 28.355 GC heap after
{Heap after GC invocations=35 (full 0):
 garbage-first heap   total 176128K, used 108409K [0x0000000080000000, 0x0000000100000000)
  region size 1024K, 5 young (5120K), 5 survivors (5120K)
 Metaspace       used 107282K, committed 109312K, reserved 1179648K
  class space    used 14910K, committed 15872K, reserved 1048576K
}
Event: 29.601 GC heap before
{Heap before GC invocations=35 (full 0):
 garbage-first heap   total 176128K, used 158585K [0x0000000080000000, 0x0000000100000000)
  region size 1024K, 54 young (55296K), 5 survivors (5120K)
 Metaspace       used 113024K, committed 115008K, reserved 1179648K
  class space    used 15534K, committed 16512K, reserved 1048576K
}
Event: 29.613 GC heap after
{Heap after GC invocations=36 (full 0):
 garbage-first heap   total 176128K, used 110890K [0x0000000080000000, 0x0000000100000000)
  region size 1024K, 7 young (7168K), 7 survivors (7168K)
 Metaspace       used 113024K, committed 115008K, reserved 1179648K
  class space    used 15534K, committed 16512K, reserved 1048576K
}
Event: 30.501 GC heap before
{Heap before GC invocations=36 (full 0):
 garbage-first heap   total 176128K, used 137514K [0x0000000080000000, 0x0000000100000000)
  region size 1024K, 34 young (34816K), 7 survivors (7168K)
 Metaspace       used 116324K, committed 118272K, reserved 1179648K
  class space    used 16008K, committed 16960K, reserved 1048576K
}
Event: 30.509 GC heap after
{Heap after GC invocations=37 (full 0):
 garbage-first heap   total 176128K, used 112939K [0x0000000080000000, 0x0000000100000000)
  region size 1024K, 6 young (6144K), 6 survivors (6144K)
 Metaspace       used 116324K, committed 118272K, reserved 1179648K
  class space    used 16008K, committed 16960K, reserved 1048576K
}

Dll operation events (3 events):
Event: 0.021 Loaded shared library C:\Program Files\Android\Android Studio\jbr\bin\java.dll
Event: 0.029 Loaded shared library C:\Program Files\Android\Android Studio\jbr\bin\zip.dll
Event: 1.689 Loaded shared library C:\Program Files\Android\Android Studio\jbr\bin\verify.dll

Deoptimization events (20 events):
Event: 30.513 Thread 0x000001f46b25c290 Uncommon trap: trap_request=0xffffff45 fr.pc=0x000001f458a0fad0 relative=0x00000000000006f0
Event: 30.513 Thread 0x000001f46b25c290 Uncommon trap: reason=unstable_if action=reinterpret pc=0x000001f458a0fad0 method=org.jetbrains.org.objectweb.asm.ClassReader.readUtfNonAscii(III[C)Ljava/lang/String; @ 21 c2
Event: 30.513 Thread 0x000001f46b25c290 DEOPT PACKING pc=0x000001f458a0fad0 sp=0x00000063db9ed550
Event: 30.513 Thread 0x000001f46b25c290 DEOPT UNPACKING pc=0x000001f4580a43a2 sp=0x00000063db9ed4e8 mode 2
Event: 30.562 Thread 0x000001f46b25c290 DEOPT PACKING pc=0x000001f45188c1bc sp=0x00000063db9ed580
Event: 30.562 Thread 0x000001f46b25c290 DEOPT UNPACKING pc=0x000001f4580a4b42 sp=0x00000063db9ec9e8 mode 0
Event: 30.563 Thread 0x000001f46b25c290 DEOPT PACKING pc=0x000001f4517cc2c8 sp=0x00000063db9ee240
Event: 30.563 Thread 0x000001f46b25c290 DEOPT UNPACKING pc=0x000001f4580a4b42 sp=0x00000063db9ed718 mode 0
Event: 30.573 Thread 0x000001f46b25c290 DEOPT PACKING pc=0x000001f45188c1bc sp=0x00000063db9ed580
Event: 30.573 Thread 0x000001f46b25c290 DEOPT UNPACKING pc=0x000001f4580a4b42 sp=0x00000063db9ec9e8 mode 0
Event: 30.583 Thread 0x000001f46b25c290 DEOPT PACKING pc=0x000001f45188c1bc sp=0x00000063db9ed580
Event: 30.583 Thread 0x000001f46b25c290 DEOPT UNPACKING pc=0x000001f4580a4b42 sp=0x00000063db9ec9e8 mode 0
Event: 30.589 Thread 0x000001f46b25c290 DEOPT PACKING pc=0x000001f450e8243d sp=0x00000063db9edd70
Event: 30.589 Thread 0x000001f46b25c290 DEOPT UNPACKING pc=0x000001f4580a4b42 sp=0x00000063db9ed200 mode 0
Event: 30.589 Thread 0x000001f46b25c290 DEOPT PACKING pc=0x000001f45188c1bc sp=0x00000063db9ed580
Event: 30.589 Thread 0x000001f46b25c290 DEOPT UNPACKING pc=0x000001f4580a4b42 sp=0x00000063db9ec9e8 mode 0
Event: 30.611 Thread 0x000001f46b25c290 DEOPT PACKING pc=0x000001f45188c1bc sp=0x00000063db9ed580
Event: 30.611 Thread 0x000001f46b25c290 DEOPT UNPACKING pc=0x000001f4580a4b42 sp=0x00000063db9ec9e8 mode 0
Event: 30.614 Thread 0x000001f46b25c290 DEOPT PACKING pc=0x000001f45188c1bc sp=0x00000063db9ed580
Event: 30.614 Thread 0x000001f46b25c290 DEOPT UNPACKING pc=0x000001f4580a4b42 sp=0x00000063db9ec9e8 mode 0

Classes loaded (20 events):
Event: 28.023 Loading class java/util/PriorityQueue
Event: 28.025 Loading class java/util/PriorityQueue done
Event: 28.770 Loading class java/text/StringCharacterIterator
Event: 28.770 Loading class java/text/CharacterIterator
Event: 28.770 Loading class java/text/CharacterIterator done
Event: 28.770 Loading class java/text/StringCharacterIterator done
Event: 29.186 Loading class java/util/AbstractList$RandomAccessSubList
Event: 29.187 Loading class java/util/AbstractList$SubList
Event: 29.187 Loading class java/util/AbstractList$SubList done
Event: 29.187 Loading class java/util/AbstractList$RandomAccessSubList done
Event: 29.804 Loading class java/util/AbstractList$SubList$1
Event: 29.805 Loading class java/util/AbstractList$SubList$1 done
Event: 29.941 Loading class java/util/EnumMap$EntrySet
Event: 29.942 Loading class java/util/EnumMap$EntrySet done
Event: 29.942 Loading class java/util/EnumMap$EntryIterator
Event: 29.942 Loading class java/util/EnumMap$EnumMapIterator
Event: 29.942 Loading class java/util/EnumMap$EnumMapIterator done
Event: 29.942 Loading class java/util/EnumMap$EntryIterator done
Event: 29.942 Loading class java/util/EnumMap$EntryIterator$Entry
Event: 29.943 Loading class java/util/EnumMap$EntryIterator$Entry done

Classes unloaded (0 events):
No events

Classes redefined (0 events):
No events

Internal exceptions (20 events):
Event: 21.667 Thread 0x000001f46b25c290 Exception <a 'java/lang/NoSuchMethodError'{0x00000000872c1888}: 'int java.lang.invoke.DelegatingMethodHandle$Holder.reinvoke_L(java.lang.Object, java.lang.Object, java.lang.Object, long, java.lang.Object, java.lang.Object)'> (0x00000000872c1888) 
thrown [s\src\hotspot\share\interpreter\linkResolver.cpp, line 784]
Event: 21.668 Thread 0x000001f46b25c290 Exception <a 'java/lang/NoSuchMethodError'{0x00000000872d12d8}: 'int java.lang.invoke.DelegatingMethodHandle$Holder.reinvoke_L(java.lang.Object, java.lang.Object, java.lang.Object, long, int, int)'> (0x00000000872d12d8) 
thrown [s\src\hotspot\share\interpreter\linkResolver.cpp, line 784]
Event: 21.670 Thread 0x000001f46b25c290 Exception <a 'java/lang/NoSuchMethodError'{0x00000000872e0ad8}: 'int java.lang.invoke.DelegatingMethodHandle$Holder.reinvoke_L(java.lang.Object, java.lang.Object, java.lang.Object, long, long, long)'> (0x00000000872e0ad8) 
thrown [s\src\hotspot\share\interpreter\linkResolver.cpp, line 784]
Event: 21.671 Thread 0x000001f46b25c290 Exception <a 'java/lang/NoSuchMethodError'{0x00000000872effa0}: 'int java.lang.invoke.DelegatingMethodHandle$Holder.reinvoke_L(java.lang.Object, java.lang.Object, java.lang.Object, long, int)'> (0x00000000872effa0) 
thrown [s\src\hotspot\share\interpreter\linkResolver.cpp, line 784]
Event: 21.672 Thread 0x000001f46b25c290 Exception <a 'java/lang/NoSuchMethodError'{0x00000000871036f0}: 'void java.lang.invoke.DelegatingMethodHandle$Holder.reinvoke_L(java.lang.Object, java.lang.Object, java.lang.Object, long, java.lang.Object, long, long)'> (0x00000000871036f0) 
thrown [s\src\hotspot\share\interpreter\linkResolver.cpp, line 784]
Event: 22.761 Thread 0x000001f46b25c290 Exception <a 'java/lang/NoSuchMethodError'{0x0000000087399278}: 'java.lang.Object java.lang.invoke.DirectMethodHandle$Holder.invokeStatic(java.lang.Object, java.lang.Object, java.lang.Object, java.lang.Object, int, java.lang.Object)'> (0x0000000087399278) 
thrown [s\src\hotspot\share\interpreter\linkResolver.cpp, line 784]
Event: 22.821 Thread 0x000001f46b25c290 Exception <a 'java/lang/NoSuchMethodError'{0x0000000087111010}: 'long java.lang.invoke.DirectMethodHandle$Holder.invokeStatic(java.lang.Object, java.lang.Object, int)'> (0x0000000087111010) 
thrown [s\src\hotspot\share\interpreter\linkResolver.cpp, line 784]
Event: 22.822 Thread 0x000001f46b25c290 Exception <a 'java/lang/NoSuchMethodError'{0x000000008711d758}: 'java.lang.Object java.lang.invoke.DelegatingMethodHandle$Holder.reinvoke_L(java.lang.Object, int, long, java.lang.Object, java.lang.Object, int, java.lang.Object)'> (0x000000008711d758) 
thrown [s\src\hotspot\share\interpreter\linkResolver.cpp, line 784]
Event: 23.274 Thread 0x000001f46b25c290 Exception <a 'java/lang/NoSuchMethodError'{0x0000000085f23ee0}: 'java.lang.Object java.lang.invoke.Invokers$Holder.invokeExact_MT(java.lang.Object, java.lang.Object, long, java.lang.Object)'> (0x0000000085f23ee0) 
thrown [s\src\hotspot\share\interpreter\linkResolver.cpp, line 784]
Event: 23.403 Thread 0x000001f46b25c290 Exception <a 'java/lang/NoSuchMethodError'{0x000000008597ca08}: 'java.lang.Object java.lang.invoke.DirectMethodHandle$Holder.invokeStatic(java.lang.Object, java.lang.Object, long, long)'> (0x000000008597ca08) 
thrown [s\src\hotspot\share\interpreter\linkResolver.cpp, line 784]
Event: 23.415 Thread 0x000001f46b25c290 Exception <a 'java/lang/NoSuchMethodError'{0x00000000859cc100}: 'java.lang.Object java.lang.invoke.DirectMethodHandle$Holder.invokeStatic(java.lang.Object, java.lang.Object, java.lang.Object, long, java.lang.Object)'> (0x00000000859cc100) 
thrown [s\src\hotspot\share\interpreter\linkResolver.cpp, line 784]
Event: 23.416 Thread 0x000001f46b25c290 Exception <a 'java/lang/NoSuchMethodError'{0x00000000859d4940}: 'java.lang.Object java.lang.invoke.DirectMethodHandle$Holder.newInvokeSpecial(java.lang.Object, java.lang.Object, java.lang.Object, long)'> (0x00000000859d4940) 
thrown [s\src\hotspot\share\interpreter\linkResolver.cpp, line 784]
Event: 23.416 Thread 0x000001f46b25c290 Exception <a 'java/lang/NoSuchMethodError'{0x00000000859d9e98}: 'java.lang.Object java.lang.invoke.Invokers$Holder.linkToTargetMethod(java.lang.Object, java.lang.Object, long, java.lang.Object)'> (0x00000000859d9e98) 
thrown [s\src\hotspot\share\interpreter\linkResolver.cpp, line 784]
Event: 23.609 Thread 0x000001f46b25c290 Implicit null exception at 0x000001f45899e876 to 0x000001f45899eca0
Event: 23.624 Thread 0x000001f46b25c290 Implicit null exception at 0x000001f4589abb12 to 0x000001f4589ac940
Event: 25.402 Thread 0x000001f465697680 Exception <a 'sun/nio/fs/WindowsException'{0x000000008841e700}> (0x000000008841e700) 
thrown [s\src\hotspot\share\prims\jni.cpp, line 537]
Event: 28.928 Thread 0x000001f46b25c290 Exception <a 'java/lang/NoSuchMethodError'{0x0000000088979b68}: 'java.lang.Object java.lang.invoke.DirectMethodHandle$Holder.newInvokeSpecial(java.lang.Object, int, java.lang.Object, java.lang.Object)'> (0x0000000088979b68) 
thrown [s\src\hotspot\share\interpreter\linkResolver.cpp, line 784]
Event: 29.296 Thread 0x000001f46b25c290 Exception <a 'java/lang/NoSuchMethodError'{0x00000000879603c8}: 'java.lang.Object java.lang.invoke.DirectMethodHandle$Holder.invokeStatic(java.lang.Object, java.lang.Object, java.lang.Object, java.lang.Object, int, java.lang.Object, java.lang.Object)'> (0x00000000879603c8) 
thrown [s\src\hotspot\share\interpreter\linkResolver.cpp, line 784]
Event: 29.297 Thread 0x000001f46b25c290 Exception <a 'java/lang/NoSuchMethodError'{0x000000008796b380}: 'java.lang.Object java.lang.invoke.DirectMethodHandle$Holder.newInvokeSpecial(java.lang.Object, java.lang.Object, java.lang.Object, java.lang.Object, int, java.lang.Object, java.lang.Object)'> (0x000000008796b380) 
thrown [s\src\hotspot\share\interpreter\linkResolver.cpp, line 784]
Event: 29.298 Thread 0x000001f46b25c290 Exception <a 'java/lang/NoSuchMethodError'{0x0000000087971a60}: 'java.lang.Object java.lang.invoke.DirectMethodHandle$Holder.invokeSpecial(java.lang.Object, java.lang.Object, java.lang.Object, java.lang.Object, java.lang.Object, int, java.lang.Object, java.lang.Object)'> (0x0000000087971a60) 
thrown [s\src\hotspot\share\interpreter\linkResolver.cpp, line 784]

ZGC Phase Switch (0 events):
No events

VM Operations (20 events):
Event: 28.355 Executing VM operation: G1CollectForAllocation (G1 Evacuation Pause) done
Event: 28.781 Executing VM operation: HandshakeAllThreads (Deoptimize)
Event: 28.781 Executing VM operation: HandshakeAllThreads (Deoptimize) done
Event: 29.147 Executing VM operation: HandshakeAllThreads (Deoptimize)
Event: 29.147 Executing VM operation: HandshakeAllThreads (Deoptimize) done
Event: 29.385 Executing VM operation: HandshakeAllThreads (Deoptimize)
Event: 29.385 Executing VM operation: HandshakeAllThreads (Deoptimize) done
Event: 29.385 Executing VM operation: Cleanup
Event: 29.385 Executing VM operation: Cleanup done
Event: 29.601 Executing VM operation: G1CollectForAllocation (G1 Evacuation Pause)
Event: 29.613 Executing VM operation: G1CollectForAllocation (G1 Evacuation Pause) done
Event: 29.739 Executing VM operation: HandshakeAllThreads (Deoptimize)
Event: 29.740 Executing VM operation: HandshakeAllThreads (Deoptimize) done
Event: 29.903 Executing VM operation: HandshakeAllThreads (Deoptimize)
Event: 29.904 Executing VM operation: HandshakeAllThreads (Deoptimize) done
Event: 30.120 Executing VM operation: HandshakeAllThreads (Deoptimize)
Event: 30.120 Executing VM operation: HandshakeAllThreads (Deoptimize) done
Event: 30.500 Executing VM operation: G1TryInitiateConcMark (G1 Humongous Allocation)
Event: 30.509 Executing VM operation: G1TryInitiateConcMark (G1 Humongous Allocation) done
Event: 30.628 Executing VM operation: G1PauseRemark

Memory protections (0 events):
No events

Nmethod flushes (20 events):
Event: 30.632 Thread 0x000001f4650cbdf0 flushing  nmethod 0x000001f4511fc310
Event: 30.632 Thread 0x000001f4650cbdf0 flushing  nmethod 0x000001f45139d090
Event: 30.632 Thread 0x000001f4650cbdf0 flushing  nmethod 0x000001f4515e9290
Event: 30.632 Thread 0x000001f4650cbdf0 flushing  nmethod 0x000001f45880a690
Event: 30.632 Thread 0x000001f4650cbdf0 flushing  nmethod 0x000001f45895b910
Event: 30.632 Thread 0x000001f4650cbdf0 flushing  nmethod 0x000001f458963390
Event: 30.632 Thread 0x000001f4650cbdf0 flushing  nmethod 0x000001f450cba010
Event: 30.632 Thread 0x000001f4650cbdf0 flushing  nmethod 0x000001f450d0fb90
Event: 30.632 Thread 0x000001f4650cbdf0 flushing  nmethod 0x000001f450d10e90
Event: 30.632 Thread 0x000001f4650cbdf0 flushing  nmethod 0x000001f450dcdd90
Event: 30.632 Thread 0x000001f4650cbdf0 flushing  nmethod 0x000001f450ecd490
Event: 30.632 Thread 0x000001f4650cbdf0 flushing  nmethod 0x000001f4510d6690
Event: 30.632 Thread 0x000001f4650cbdf0 flushing  nmethod 0x000001f4511b7390
Event: 30.632 Thread 0x000001f4650cbdf0 flushing  nmethod 0x000001f451208810
Event: 30.632 Thread 0x000001f4650cbdf0 flushing  nmethod 0x000001f4512fc790
Event: 30.632 Thread 0x000001f4650cbdf0 flushing  nmethod 0x000001f4513eb390
Event: 30.632 Thread 0x000001f4650cbdf0 flushing  nmethod 0x000001f45151b610
Event: 30.632 Thread 0x000001f4650cbdf0 flushing  nmethod 0x000001f451523190
Event: 30.632 Thread 0x000001f4650cbdf0 flushing  nmethod 0x000001f451551b10
Event: 30.632 Thread 0x000001f4650cbdf0 flushing  nmethod 0x000001f451552190

Events (20 events):
Event: 17.146 Thread 0x000001f4652ac110 Thread added: 0x000001f46c74d7e0
Event: 17.424 Thread 0x000001f46b25c290 Thread added: 0x000001f46c20d3c0
Event: 17.449 Thread 0x000001f46b25c290 Thread added: 0x000001f46c211560
Event: 17.469 Thread 0x000001f46b25c290 Thread added: 0x000001f46c210ed0
Event: 17.983 Thread 0x000001f46c74d7e0 Thread exited: 0x000001f46c74d7e0
Event: 18.736 Thread 0x000001f4652ac110 Thread added: 0x000001f46ae3bf80
Event: 18.781 Thread 0x000001f4652ac110 Thread added: 0x000001f46c74d7e0
Event: 19.152 Thread 0x000001f46c74d7e0 Thread exited: 0x000001f46c74d7e0
Event: 20.642 Thread 0x000001f46ae3bf80 Thread exited: 0x000001f46ae3bf80
Event: 23.324 Thread 0x000001f4652ac110 Thread added: 0x000001f46e26e620
Event: 24.094 Thread 0x000001f46e26e620 Thread exited: 0x000001f46e26e620
Event: 25.262 Thread 0x000001f4652ac110 Thread added: 0x000001f46edf1ea0
Event: 25.401 Thread 0x000001f46edf1ea0 Thread exited: 0x000001f46edf1ea0
Event: 25.887 Thread 0x000001f4652a7160 Thread added: 0x000001f46edf1ea0
Event: 26.316 Thread 0x000001f46edf1ea0 Thread exited: 0x000001f46edf1ea0
Event: 28.219 Thread 0x000001f4652ac110 Thread added: 0x000001f46c02a080
Event: 28.631 Thread 0x000001f46c02a080 Thread exited: 0x000001f46c02a080
Event: 28.721 Thread 0x000001f4652ac110 Thread added: 0x000001f46c02bbc0
Event: 28.862 Thread 0x000001f46c02bbc0 Thread exited: 0x000001f46c02bbc0
Event: 30.535 Thread 0x000001f4652ac110 Thread added: 0x000001f46c02bbc0


Dynamic libraries:
0x00007ff78d190000 - 0x00007ff78d19a000 	C:\Program Files\Android\Android Studio\jbr\bin\java.exe
0x00007ffa0d420000 - 0x00007ffa0d687000 	C:\WINDOWS\SYSTEM32\ntdll.dll
0x00007ffa0bba0000 - 0x00007ffa0bc69000 	C:\WINDOWS\System32\KERNEL32.DLL
0x00007ffa0a140000 - 0x00007ffa0a531000 	C:\WINDOWS\System32\KERNELBASE.dll
0x00007ffa0afc0000 - 0x00007ffa0b10b000 	C:\WINDOWS\System32\ucrtbase.dll
0x00007ff9f2670000 - 0x00007ff9f268b000 	C:\Program Files\Android\Android Studio\jbr\bin\VCRUNTIME140.dll
0x00007ff9fc280000 - 0x00007ff9fc298000 	C:\Program Files\Android\Android Studio\jbr\bin\jli.dll
0x00007ffa0bd70000 - 0x00007ffa0bf35000 	C:\WINDOWS\System32\USER32.dll
0x00007ff9ef580000 - 0x00007ff9ef813000 	C:\WINDOWS\WinSxS\amd64_microsoft.windows.common-controls_6595b64144ccf1df_6.0.26100.8037_none_3e092faae333b53b\COMCTL32.dll
0x00007ffa0aee0000 - 0x00007ffa0af07000 	C:\WINDOWS\System32\win32u.dll
0x00007ffa0baf0000 - 0x00007ffa0bb99000 	C:\WINDOWS\System32\msvcrt.dll
0x00007ffa0ba70000 - 0x00007ffa0ba9b000 	C:\WINDOWS\System32\GDI32.dll
0x00007ffa0a540000 - 0x00007ffa0a66b000 	C:\WINDOWS\System32\gdi32full.dll
0x00007ffa0af10000 - 0x00007ffa0afb3000 	C:\WINDOWS\System32\msvcp_win.dll
0x00007ffa0d390000 - 0x00007ffa0d3c1000 	C:\WINDOWS\System32\IMM32.DLL
0x00007ff9f8d40000 - 0x00007ff9f8d4c000 	C:\Program Files\Android\Android Studio\jbr\bin\vcruntime140_1.dll
0x00007ff9ec600000 - 0x00007ff9ec68d000 	C:\Program Files\Android\Android Studio\jbr\bin\msvcp140.dll
0x00007ff984090000 - 0x00007ff984d26000 	C:\Program Files\Android\Android Studio\jbr\bin\server\jvm.dll
0x00007ffa0b920000 - 0x00007ffa0b9db000 	C:\WINDOWS\System32\ADVAPI32.dll
0x00007ffa0b1c0000 - 0x00007ffa0b267000 	C:\WINDOWS\System32\sechost.dll
0x00007ffa0b2a0000 - 0x00007ffa0b3b8000 	C:\WINDOWS\System32\RPCRT4.dll
0x00007ffa0b5b0000 - 0x00007ffa0b624000 	C:\WINDOWS\System32\WS2_32.dll
0x00007ffa09b80000 - 0x00007ffa09bde000 	C:\WINDOWS\SYSTEM32\POWRPROF.dll
0x00007ff9fbfa0000 - 0x00007ff9fbfd5000 	C:\WINDOWS\SYSTEM32\WINMM.dll
0x00007ffa02b10000 - 0x00007ffa02b1b000 	C:\WINDOWS\SYSTEM32\VERSION.dll
0x00007ffa09b60000 - 0x00007ffa09b74000 	C:\WINDOWS\SYSTEM32\UMPDC.dll
0x00007ffa08a50000 - 0x00007ffa08a6b000 	C:\WINDOWS\SYSTEM32\kernel.appcore.dll
0x00007ff9f4900000 - 0x00007ff9f490a000 	C:\Program Files\Android\Android Studio\jbr\bin\jimage.dll
0x00007ffa07b70000 - 0x00007ffa07db2000 	C:\WINDOWS\SYSTEM32\DBGHELP.DLL
0x00007ffa0bf40000 - 0x00007ffa0c2c2000 	C:\WINDOWS\System32\combase.dll
0x00007ffa0b840000 - 0x00007ffa0b917000 	C:\WINDOWS\System32\OLEAUT32.dll
0x00007ff9ee140000 - 0x00007ff9ee17b000 	C:\WINDOWS\SYSTEM32\dbgcore.DLL
0x00007ffa0b110000 - 0x00007ffa0b1b5000 	C:\WINDOWS\System32\bcryptPrimitives.dll
0x00007ffa04d30000 - 0x00007ffa04d3e000 	C:\Program Files\Android\Android Studio\jbr\bin\instrument.dll
0x00007ff9f2570000 - 0x00007ff9f2590000 	C:\Program Files\Android\Android Studio\jbr\bin\java.dll
0x00007ff9f1640000 - 0x00007ff9f1658000 	C:\Program Files\Android\Android Studio\jbr\bin\zip.dll
0x00007ffa0c8a0000 - 0x00007ffa0cfff000 	C:\WINDOWS\System32\SHELL32.dll
0x00007ffa09fd0000 - 0x00007ffa0a13a000 	C:\WINDOWS\System32\wintypes.dll
0x00007ffa0a670000 - 0x00007ffa0aed4000 	C:\WINDOWS\System32\windows.storage.dll
0x00007ffa0d050000 - 0x00007ffa0d147000 	C:\WINDOWS\System32\SHCORE.dll
0x00007ffa0b7d0000 - 0x00007ffa0b837000 	C:\WINDOWS\System32\shlwapi.dll
0x00007ffa09c20000 - 0x00007ffa09c49000 	C:\WINDOWS\SYSTEM32\profapi.dll
0x00007ff9f2640000 - 0x00007ff9f2650000 	C:\Program Files\Android\Android Studio\jbr\bin\net.dll
0x00007ff9fec40000 - 0x00007ff9fed67000 	C:\WINDOWS\SYSTEM32\WINHTTP.dll
0x00007ffa08fa0000 - 0x00007ffa0900b000 	C:\WINDOWS\system32\mswsock.dll
0x00007ff9f0f60000 - 0x00007ff9f0f76000 	C:\Program Files\Android\Android Studio\jbr\bin\nio.dll
0x00007ff9eeb90000 - 0x00007ff9eeba0000 	C:\Program Files\Android\Android Studio\jbr\bin\verify.dll
0x00007ff9f5e60000 - 0x00007ff9f5e87000 	C:\Users\HP\.gradle\native\660c5614fbf4a5f2a75b1949f50a0caf5cd603558e7d8a26e50b933a0cfb79d1\windows-amd64\native-platform.dll
0x00007ff9ec580000 - 0x00007ff9ec5f7000 	C:\Users\HP\.gradle\native\0.2.8\x86_64-windows-gnu\gradle-fileevents.dll
0x00007ff9f0360000 - 0x00007ff9f0369000 	C:\Program Files\Android\Android Studio\jbr\bin\management.dll
0x00007ff9f0350000 - 0x00007ff9f035b000 	C:\Program Files\Android\Android Studio\jbr\bin\management_ext.dll
0x00007ffa0d3d0000 - 0x00007ffa0d3d8000 	C:\WINDOWS\System32\PSAPI.DLL
0x00007ffa08360000 - 0x00007ffa08393000 	C:\WINDOWS\SYSTEM32\IPHLPAPI.DLL
0x00007ffa0b3c0000 - 0x00007ffa0b3ca000 	C:\WINDOWS\System32\NSI.dll
0x00007ff9f0370000 - 0x00007ff9f0379000 	C:\Program Files\Android\Android Studio\jbr\bin\extnet.dll
0x00007ffa093a0000 - 0x00007ffa093bb000 	C:\WINDOWS\SYSTEM32\CRYPTSP.dll
0x00007ffa089b0000 - 0x00007ffa089e9000 	C:\WINDOWS\system32\rsaenh.dll
0x00007ffa09050000 - 0x00007ffa09082000 	C:\WINDOWS\SYSTEM32\USERENV.dll
0x00007ffa09bf0000 - 0x00007ffa09c1a000 	C:\WINDOWS\SYSTEM32\bcrypt.dll
0x00007ffa09200000 - 0x00007ffa0920c000 	C:\WINDOWS\SYSTEM32\CRYPTBASE.dll
0x00007ff9f1a90000 - 0x00007ff9f1a98000 	C:\WINDOWS\system32\wshunix.dll

JVMTI agents:
C:\Users\HP\.gradle\wrapper\dists\gradle-9.3.1-bin\23ovyewtku6u96viwx3xl3oks\gradle-9.3.1\lib\agents\gradle-instrumentation-agent-9.3.1.jar path:C:\Program Files\Android\Android Studio\jbr\bin\instrument.dll, loaded, initialized, instrumentlib options:none

dbghelp: loaded successfully - version: 4.0.5 - missing functions: none
symbol engine: initialized successfully - sym options: 0x614 - pdb path: .;C:\Program Files\Android\Android Studio\jbr\bin;C:\WINDOWS\SYSTEM32;C:\WINDOWS\WinSxS\amd64_microsoft.windows.common-controls_6595b64144ccf1df_6.0.26100.8037_none_3e092faae333b53b;C:\Program Files\Android\Android Studio\jbr\bin\server;C:\Users\HP\.gradle\native\660c5614fbf4a5f2a75b1949f50a0caf5cd603558e7d8a26e50b933a0cfb79d1\windows-amd64;C:\Users\HP\.gradle\native\0.2.8\x86_64-windows-gnu

VM Arguments:
jvm_args: --add-opens=java.base/java.lang=ALL-UNNAMED --add-opens=java.base/java.lang.invoke=ALL-UNNAMED --add-opens=java.base/java.util=ALL-UNNAMED --add-opens=java.prefs/java.util.prefs=ALL-UNNAMED --add-exports=jdk.compiler/com.sun.tools.javac.api=ALL-UNNAMED --add-exports=jdk.compiler/com.sun.tools.javac.util=ALL-UNNAMED --add-opens=java.base/java.util=ALL-UNNAMED --add-opens=java.prefs/java.util.prefs=ALL-UNNAMED --add-opens=java.base/java.nio.charset=ALL-UNNAMED --add-opens=java.base/java.net=ALL-UNNAMED --add-opens=java.base/java.util.concurrent=ALL-UNNAMED --add-opens=java.base/java.util.concurrent.atomic=ALL-UNNAMED --add-opens=java.xml/javax.xml.namespace=ALL-UNNAMED --add-opens=java.base/java.time=ALL-UNNAMED -Xmx2048m -Dfile.encoding=UTF-8 -Duser.country=US -Duser.language=en -Duser.variant -javaagent:C:\Users\HP\.gradle\wrapper\dists\gradle-9.3.1-bin\23ovyewtku6u96viwx3xl3oks\gradle-9.3.1\lib\agents\gradle-instrumentation-agent-9.3.1.jar 
java_command: org.gradle.launcher.daemon.bootstrap.GradleDaemon 9.3.1
java_class_path (initial): C:\Users\HP\.gradle\wrapper\dists\gradle-9.3.1-bin\23ovyewtku6u96viwx3xl3oks\gradle-9.3.1\lib\gradle-daemon-main-9.3.1.jar
Launcher Type: SUN_STANDARD

[Global flags]
     intx CICompilerCount                          = 4                                         {product} {ergonomic}
     uint ConcGCThreads                            = 2                                         {product} {ergonomic}
     uint G1ConcRefinementThreads                  = 8                                         {product} {ergonomic}
   size_t G1HeapRegionSize                         = 1048576                                   {product} {ergonomic}
    uintx GCDrainStackTargetSize                   = 64                                        {product} {ergonomic}
   size_t InitialHeapSize                          = 132120576                                 {product} {ergonomic}
   size_t MarkStackSize                            = 4194304                                   {product} {ergonomic}
   size_t MaxHeapSize                              = 2147483648                                {product} {command line}
   size_t MaxNewSize                               = 1287651328                                {product} {ergonomic}
   size_t MinHeapDeltaBytes                        = 1048576                                   {product} {ergonomic}
   size_t MinHeapSize                              = 8388608                                   {product} {ergonomic}
    uintx NonNMethodCodeHeapSize                   = 5839372                                {pd product} {ergonomic}
    uintx NonProfiledCodeHeapSize                  = 122909434                              {pd product} {ergonomic}
    uintx ProfiledCodeHeapSize                     = 122909434                              {pd product} {ergonomic}
    uintx ReservedCodeCacheSize                    = 251658240                              {pd product} {ergonomic}
     bool SegmentedCodeCache                       = true                                      {product} {ergonomic}
   size_t SoftMaxHeapSize                          = 2147483648                             {manageable} {ergonomic}
     bool UseCompressedOops                        = true                           {product lp64_product} {ergonomic}
     bool UseG1GC                                  = true                                      {product} {ergonomic}
     bool UseLargePagesIndividualAllocation        = false                                  {pd product} {ergonomic}

Logging:
Log output configuration:
 #0: stdout all=warning uptime,level,tags foldmultilines=false
 #1: stderr all=off uptime,level,tags foldmultilines=false

Release file:
JAVA_VERSION="21.0.9" 
MODULES="java.base java.compiler java.datatransfer java.xml java.prefs java.desktop java.instrument java.logging java.management java.security.sasl java.naming java.rmi java.management.rmi java.net.http java.scripting java.security.jgss java.transaction.xa java.sql java.sql.rowset java.xml.crypto java.se java.smartcardio jdk.accessibility jdk.internal.jvmstat jdk.attach jdk.charsets jdk.internal.opt jdk.zipfs jdk.compiler jdk.crypto.ec jdk.crypto.cryptoki jdk.dynalink jdk.hotspot.agent jdk.httpserver jdk.internal.ed jdk.internal.le jdk.internal.vm.ci jdk.jartool jdk.javadoc jdk.jcmd jdk.jdeps jdk.jdwp.agent jdk.jdi jdk.jfr jdk.jlink jdk.jsobject jdk.localedata jdk.management jdk.management.agent jdk.management.jfr jdk.naming.dns jdk.naming.rmi jdk.net jdk.sctp jdk.security.auth jdk.security.jgss jdk.unsupported jdk.unsupported.desktop jdk.xml.dom" 
IMPLEMENTOR="JetBrains s.r.o." 
JAVA_RUNTIME_VERSION="21.0.9+-14787801-b1163.94" 
LIBC="default" 
OS_ARCH="x86_64" 
OS_NAME="Windows" 
SOURCE=".:git:0c757ddc9f2f" 

Environment Variables:
JAVA_HOME=C:\Program Files\Android\Android Studio\jbr
PATH=C:\WINDOWS\system32;C:\WINDOWS;C:\WINDOWS\System32\Wbem;C:\WINDOWS\System32\WindowsPowerShell\v1.0\;C:\WINDOWS\System32\OpenSSH\;C:\Program Files\Tailscale\;C:\Program Files\Git\cmd;C:\Program Files\dotnet\;C:\Program Files\Android\Android Studio\jbr\bin;C:\Users\HP\AppData\Local\Android\Sdk\platform-tools;C:\Users\HP\AppData\Local\Microsoft\WindowsApps;C:\Users\HP\.dotnet\tools;C:\Users\HP\AppData\Local\Programs\Microsoft VS Code\bin;C:\Users\HP\AppData\Local\Python\bin;C:\Users\HP\AppData\Local\Microsoft\WinGet\Links;C:\Users\HP\AppData\Local\Microsoft\WinGet\Packages\Schniz.fnm_Microsoft.Winget.Source_8wekyb3d8bbwe;
USERNAME=HP
OS=Windows_NT
PROCESSOR_IDENTIFIER=Intel64 Family 6 Model 142 Stepping 12, GenuineIntel
TMP=C:\Users\HP\AppData\Local\Temp
TEMP=C:\Users\HP\AppData\Local\Temp




Periodic native trim disabled

JNI global refs:
JNI global refs: 29, weak refs: 7

JNI global refs memory usage: 835, weak refs: 833

Process memory usage:
Resident Set Size: 456832K (5% of 8190240K total physical memory with 555616K free physical memory)

OOME stack traces (most recent first):
Classloader memory used:
Loader org.gradle.internal.classloader.VisitableURLClassLoader                         : 79894K
Loader bootstrap                                                                       : 22937K
Loader org.gradle.initialization.MixInLegacyTypesClassLoader                           : 10692K
Loader org.gradle.internal.classloader.VisitableURLClassLoader                         : 1035K
Loader org.gradle.internal.classloader.VisitableURLClassLoader$InstrumentingVisitableURLClassLoader: 738K
Loader jdk.internal.jrtfs.JrtFileSystemProvider$JrtFsLoader                            : 332K
Loader jdk.internal.reflect.DelegatingClassLoader                                      : 246K
Loader jdk.internal.loader.ClassLoaders$AppClassLoader                                 : 229K
Loader jdk.internal.loader.ClassLoaders$PlatformClassLoader                            : 196K
Loader org.gradle.groovy.scripts.internal.DefaultScriptCompilationHandler$ScriptClassLoader: 91408B

Classes loaded by more than one classloader:
Class org.gradle.internal.IoActions                                                   : loaded 3 times (x 71B)
Class org.gradle.api.Action                                                           : loaded 3 times (x 70B)
Class org.gradle.internal.Cast                                                        : loaded 3 times (x 71B)
Class org.gradle.api.GradleException                                                  : loaded 3 times (x 82B)
Class org.gradle.api.internal.classpath.ManifestUtil                                  : loaded 2 times (x 71B)
Class jdk.internal.jimage.decompressor.StringSharingDecompressorFactory               : loaded 2 times (x 74B)
Class com.google.common.collect.UnmodifiableListIterator                              : loaded 2 times (x 95B)
Class org.gradle.internal.operations.MultipleBuildOperationFailures                   : loaded 2 times (x 95B)
Class org.gradle.internal.classloader.DefaultClassLoaderFactory                       : loaded 2 times (x 82B)
Class kotlin.collections.AbstractList$Companion                                       : loaded 2 times (x 71B)
Class org.gradle.internal.classloader.ClassLoaderVisitor                              : loaded 2 times (x 76B)
Class org.gradle.api.internal.classpath.EffectiveClassPath                            : loaded 2 times (x 90B)
Class org.gradle.tooling.internal.gradle.DefaultProjectIdentifier                     : loaded 2 times (x 86B)
Class org.gradle.api.internal.DefaultClassPathProvider                                : loaded 2 times (x 76B)
Class [Lorg.gradle.api.internal.ClassPathProvider;                                    : loaded 2 times (x 69B)
Class org.gradle.api.internal.ClassPathProvider                                       : loaded 2 times (x 70B)
Class org.gradle.internal.service.UnknownServiceException                             : loaded 2 times (x 83B)
Class org.gradle.internal.classpath.TransformedClassPath                              : loaded 2 times (x 96B)
Class org.gradle.internal.classloader.InstrumentingClassLoader                        : loaded 2 times (x 70B)
Class com.google.common.collect.Iterators$ArrayItr                                    : loaded 2 times (x 97B)
Class kotlin.enums.EnumEntriesList                                                    : loaded 2 times (x 223B)
Class com.google.common.collect.UnmodifiableIterator                                  : loaded 2 times (x 80B)
Class org.gradle.internal.service.ServiceLocator                                      : loaded 2 times (x 70B)
Class jdk.internal.jrtfs.JrtFileSystemProvider                                        : loaded 2 times (x 101B)
Class com.intellij.gradle.toolingExtension.util.GradleVersionUtil                     : loaded 2 times (x 71B)
Class com.google.common.collect.Iterators$SingletonIterator                           : loaded 2 times (x 81B)
Class sync_studio_tooling1665_cv8wqp5694uc12888qbuycs47$_run_closure1                 : loaded 2 times (x 139B)
Class org.gradle.tooling.model.UnsupportedMethodException                             : loaded 2 times (x 82B)
Class com.google.common.collect.Iterators                                             : loaded 2 times (x 71B)
Class jdk.internal.jimage.ImageLocation                                               : loaded 2 times (x 90B)
Class com.google.common.collect.Lists$StringAsImmutableList                           : loaded 2 times (x 207B)
Class jdk.internal.jimage.ImageBufferCache$1                                          : loaded 2 times (x 83B)
Class org.gradle.internal.time.DefaultTimer                                           : loaded 2 times (x 80B)
Class org.gradle.internal.classloader.ClasspathUtil$1                                 : loaded 2 times (x 76B)
Class jdk.internal.jimage.ImageBufferCache$2                                          : loaded 2 times (x 91B)
Class org.gradle.api.internal.classpath.DefaultModuleRegistry$DefaultModule           : loaded 2 times (x 86B)
Class com.google.common.collect.AbstractIterator                                      : loaded 2 times (x 82B)
Class com.google.common.collect.AbstractIndexedListIterator                           : loaded 2 times (x 96B)
Class org.gradle.internal.time.DefaultCountdownTimer                                  : loaded 2 times (x 88B)
Class org.gradle.tooling.internal.gradle.DefaultBuildIdentifier                       : loaded 2 times (x 79B)
Class org.gradle.api.internal.classpath.Module                                        : loaded 2 times (x 70B)
Class org.gradle.api.internal.classpath.UnknownModuleException                        : loaded 2 times (x 82B)
Class jdk.internal.jimage.ImageHeader                                                 : loaded 2 times (x 71B)
Class org.gradle.tooling.internal.gradle.GradleProjectIdentity                        : loaded 2 times (x 70B)
Class org.gradle.api.internal.DefaultClassPathRegistry                                : loaded 2 times (x 76B)
Class org.gradle.api.internal.ClassPathRegistry                                       : loaded 2 times (x 70B)
Class org.gradle.internal.classpath.DefaultClassPath$ImmutableUniqueList              : loaded 2 times (x 199B)
Class jdk.internal.jimage.decompressor.ResourceDecompressor                           : loaded 2 times (x 70B)
Class Settings_gradle$1                                                               : loaded 2 times (x 74B)
Class Program                                                                         : loaded 2 times (x 72B)
Class org.gradle.internal.classpath.ClassPath                                         : loaded 2 times (x 70B)
Class jdk.internal.jimage.ImageStringsReader                                          : loaded 2 times (x 80B)
Class com.google.common.collect.Iterators$1                                           : loaded 2 times (x 81B)
Class org.gradle.internal.classloader.ClassLoaderHierarchy                            : loaded 2 times (x 70B)
Class kotlin.UninitializedPropertyAccessException                                     : loaded 2 times (x 82B)
Class jdk.internal.jimage.ImageReader                                                 : loaded 2 times (x 75B)
Class jdk.internal.jimage.ImageReader$SharedImageReader                               : loaded 2 times (x 95B)
Class com.google.common.collect.Iterators$4                                           : loaded 2 times (x 82B)
Class ijInit1_583rg5s0srppob1w8gtbg54mn                                               : loaded 2 times (x 171B)
Class org.gradle.api.internal.classpath.ModuleRegistry                                : loaded 2 times (x 70B)
Class org.gradle.internal.installation.GradleInstallation$1                           : loaded 2 times (x 75B)
Class jdk.internal.jimage.decompressor.ResourceDecompressorFactory                    : loaded 2 times (x 74B)
Class com.google.common.collect.Iterators$5                                           : loaded 2 times (x 82B)
Class jdk.internal.jimage.ImageReader$Node                                            : loaded 2 times (x 84B)
Class com.google.common.collect.ImmutableCollection                                   : loaded 2 times (x 125B)
Class org.gradle.api.internal.classpath.DefaultModuleRegistry                         : loaded 2 times (x 86B)
Class jdk.internal.jimage.BasicImageReader$1                                          : loaded 2 times (x 77B)
Class com.google.common.collect.Lists                                                 : loaded 2 times (x 71B)
Class com.google.common.collect.Iterators$9                                           : loaded 2 times (x 81B)
Class jdk.internal.jimage.decompressor.Decompressor                                   : loaded 2 times (x 72B)
Class org.gradle.internal.time.MonotonicClock                                         : loaded 2 times (x 77B)
Class org.gradle.internal.service.ServiceLookupException                              : loaded 2 times (x 82B)
Class org.gradle.internal.classloader.ClassLoaderFactory                              : loaded 2 times (x 70B)
Class org.gradle.internal.service.CachingServiceLocator                               : loaded 2 times (x 82B)
Class org.gradle.internal.time.TimeSource                                             : loaded 2 times (x 70B)
Class sync_studio_tooling1665_cv8wqp5694uc12888qbuycs47                               : loaded 2 times (x 171B)
Class org.gradle.tooling.internal.gradle.GradleBuildIdentity                          : loaded 2 times (x 70B)
Class kotlin.enums.EnumEntries                                                        : loaded 2 times (x 70B)
Class ijInit1_583rg5s0srppob1w8gtbg54mn$_run_closure1                                 : loaded 2 times (x 140B)
Class org.gradle.internal.exceptions.ResolutionProvider                               : loaded 2 times (x 70B)
Class jdk.internal.jimage.ImageBufferCache                                            : loaded 2 times (x 71B)
Class jdk.internal.jrtfs.JrtPath                                                      : loaded 2 times (x 118B)
Class org.gradle.tooling.model.ProjectIdentifier                                      : loaded 2 times (x 70B)
Class org.gradle.internal.classloader.ClasspathUtil                                   : loaded 2 times (x 71B)
Class org.gradle.internal.time.TimeSource$1                                           : loaded 2 times (x 77B)
Class kotlin.jvm.internal.DefaultConstructorMarker                                    : loaded 2 times (x 71B)
Class org.gradle.api.specs.Spec                                                       : loaded 2 times (x 70B)
Class jdk.internal.jimage.decompressor.ResourceDecompressorRepository                 : loaded 2 times (x 71B)
Class com.intellij.gradle.toolingExtension.impl.model.utilDummyModel.DummyModel       : loaded 2 times (x 70B)
Class org.gradle.internal.time.Clock                                                  : loaded 2 times (x 70B)
Class jdk.internal.jimage.ImageReader$Directory                                       : loaded 2 times (x 84B)
Class kotlin.collections.AbstractList                                                 : loaded 2 times (x 197B)
Class kotlin.collections.AbstractCollection                                           : loaded 2 times (x 117B)
Class org.gradle.internal.classloader.VisitableURLClassLoader$InstrumentingVisitableURLClassLoader: loaded 2 times (x 123B)
Class org.gradle.internal.classloader.VisitableURLClassLoader$Spec                    : loaded 2 times (x 74B)
Class org.gradle.internal.classpath.DefaultClassPath                                  : loaded 2 times (x 90B)
Class jdk.internal.jimage.decompressor.ZipDecompressorFactory                         : loaded 2 times (x 74B)
Class org.gradle.util.internal.DefaultGradleVersion                                   : loaded 2 times (x 82B)
Class org.gradle.internal.classloader.ClassLoaderSpec                                 : loaded 2 times (x 71B)
Class Settings_gradle$1$1                                                             : loaded 2 times (x 74B)
Class org.gradle.internal.classloader.VisitableURLClassLoader                         : loaded 2 times (x 117B)
Class Settings_gradle                                                                 : loaded 2 times (x 124B)
Class jdk.internal.jimage.BasicImageReader                                            : loaded 2 times (x 95B)
Class org.gradle.internal.classloader.FilteringClassLoader                            : loaded 2 times (x 105B)
Class jdk.internal.jimage.decompressor.ZipDecompressor                                : loaded 2 times (x 75B)
Class org.gradle.internal.classpath.DefaultClassPath$ImmutableUniqueList$Builder      : loaded 2 times (x 75B)
Class org.gradle.tooling.model.Model                                                  : loaded 2 times (x 70B)
Class org.gradle.internal.exceptions.NonGradleCauseExceptionsHolder                   : loaded 2 times (x 70B)
Class jdk.internal.jimage.ImageStrings                                                : loaded 2 times (x 70B)
Class kotlin.NotImplementedError                                                      : loaded 2 times (x 82B)
Class kotlin.enums.EnumEntriesKt                                                      : loaded 2 times (x 71B)
Class org.gradle.internal.classloader.SystemClassLoaderSpec                           : loaded 2 times (x 71B)
Class org.gradle.internal.exceptions.MultiCauseException                              : loaded 2 times (x 70B)
Class org.gradle.internal.time.CountdownTimer                                         : loaded 2 times (x 70B)
Class kotlin.jvm.internal.Intrinsics                                                  : loaded 2 times (x 71B)
Class jdk.internal.jrtfs.JrtFileSystem                                                : loaded 2 times (x 102B)
Class org.gradle.tooling.model.ProjectModel                                           : loaded 2 times (x 70B)
Class jdk.internal.jimage.decompressor.CompressedResourceHeader                       : loaded 2 times (x 71B)
Class kotlin.KotlinNullPointerException                                               : loaded 2 times (x 83B)
Class org.gradle.internal.exceptions.DefaultMultiCauseException                       : loaded 2 times (x 95B)
Class com.google.common.base.Preconditions                                            : loaded 2 times (x 71B)
Class com.google.common.collect.PeekingIterator                                       : loaded 2 times (x 70B)
Class org.gradle.internal.time.Time                                                   : loaded 2 times (x 71B)
Class org.gradle.api.internal.classpath.GlobalCacheRootsProvider                      : loaded 2 times (x 70B)
Class org.gradle.tooling.model.BuildIdentifier                                        : loaded 2 times (x 70B)
Class kotlin.NoWhenBranchMatchedException                                             : loaded 2 times (x 82B)
Class org.gradle.internal.time.Timer                                                  : loaded 2 times (x 70B)
Class kotlin.jvm.internal.markers.KMappedMarker                                       : loaded 2 times (x 70B)
Class org.gradle.internal.installation.CurrentGradleInstallationLocator               : loaded 2 times (x 71B)
Class com.google.common.collect.ImmutableList                                         : loaded 2 times (x 206B)
Class org.gradle.internal.service.DefaultServiceLocator                               : loaded 2 times (x 83B)
Class org.gradle.util.GradleVersion                                                   : loaded 2 times (x 81B)
Class org.gradle.internal.installation.CurrentGradleInstallation                      : loaded 2 times (x 73B)
Class org.gradle.util.internal.GUtil                                                  : loaded 2 times (x 71B)
Class com.google.common.collect.Iterators$MergingIterator                             : loaded 2 times (x 81B)
Class org.gradle.internal.installation.GradleInstallation                             : loaded 2 times (x 75B)
Class jdk.internal.jimage.decompressor.ResourceDecompressor$StringsProvider           : loaded 2 times (x 70B)

---------------  S Y S T E M  ---------------

OS:
 Windows 11 , 64 bit Build 26100 (10.0.26100.7920)
OS uptime: 0 days 9:27 hours
Hyper-V role detected

CPU: total 8 (initial active 8) (4 cores per cpu, 2 threads per core) family 6 model 142 stepping 12 microcode 0x100, cx8, cmov, fxsr, ht, mmx, 3dnowpref, sse, sse2, sse3, ssse3, sse4.1, sse4.2, popcnt, lzcnt, tsc, tscinvbit, avx, avx2, aes, erms, clmul, bmi1, bmi2, adx, fma, vzeroupper, clflush, clflushopt, hv, rdtscp, f16c
Processor Information for the first 8 processors :
  Max Mhz: 1800, Current Mhz: 1600, Mhz Limit: 1584

Memory: 4k page, system-wide physical 7998M (542M free)
TotalPageFile size 23140M (AvailPageFile size 20M)
current process WorkingSet (physical memory assigned to process): 446M, peak: 446M
current process commit charge ("private bytes"): 479M, peak: 494M

vm_info: OpenJDK 64-Bit Server VM (21.0.9+-14787801-b1163.94) for windows-amd64 JRE (21.0.9+-14787801-b1163.94), built on 2026-01-27T21:15:44Z by "builder" with MS VC++ 16.10 / 16.11 (VS2019)

END.
